This is pdfTeX, Version 3.141592653-2.6-1.40.24 (MiKTeX 22.12) (preloaded format=pdflatex 2023.8.7)  16 MAR 2024 12:04
entering extended mode
 restricted \write18 enabled.
 file:line:error style messages enabled.
 %&-line parsing enabled.
**"c:/Users/Ignacio Lembo/Documents/GitHub/Instituto_Balseiro/Imagenes_Medicas/Practica_2/TP1_IgnacioLembo_IM/main.tex"
(c:/Users/Ignacio Lembo/Documents/GitHub/Instituto_Balseiro/Imagenes_Medicas/Practica_2/TP1_IgnacioLembo_IM/main.tex
LaTeX2e <2022-11-01> patch level 1
L3 programming layer <2022-12-17> (C:\Users\Ignacio Lembo\AppData\Local\Programs\MiKTeX\tex/latex/base\article.cls
Document Class: article 2022/07/02 v1.4n Standard LaTeX document class
(C:\Users\Ignacio Lembo\AppData\Local\Programs\MiKTeX\tex/latex/base\size12.clo
File: size12.clo 2022/07/02 v1.4n Standard LaTeX file (size option)
)
\c@part=\count185
\c@section=\count186
\c@subsection=\count187
\c@subsubsection=\count188
\c@paragraph=\count189
\c@subparagraph=\count190
\c@figure=\count191
\c@table=\count192
\abovecaptionskip=\skip48
\belowcaptionskip=\skip49
\bibindent=\dimen140
) (C:\Users\Ignacio Lembo\AppData\Local\Programs\MiKTeX\tex/latex/preprint\fullpage.sty
Package: fullpage 1999/02/23 1.1 (PWD)
\FP@margin=\skip50
) (C:\Users\Ignacio Lembo\AppData\Local\Programs\MiKTeX\tex/latex/parskip\parskip.sty
Package: parskip 2021-03-14 v2.0h non-zero parskip adjustments
 (C:\Users\Ignacio Lembo\AppData\Local\Programs\MiKTeX\tex/latex/kvoptions\kvoptions.sty
Package: kvoptions 2022-06-15 v3.15 Key value format for package options (HO)
 (C:\Users\Ignacio Lembo\AppData\Local\Programs\MiKTeX\tex/latex/graphics\keyval.sty
Package: keyval 2022/05/29 v1.15 key=value parser (DPC)
\KV@toks@=\toks16
) (C:\Users\Ignacio Lembo\AppData\Local\Programs\MiKTeX\tex/generic/ltxcmds\ltxcmds.sty
Package: ltxcmds 2020-05-10 v1.25 LaTeX kernel commands for general use (HO)
) (C:\Users\Ignacio Lembo\AppData\Local\Programs\MiKTeX\tex/latex/kvsetkeys\kvsetkeys.sty
Package: kvsetkeys 2022-10-05 v1.19 Key value parser (HO)
)) (C:\Users\Ignacio Lembo\AppData\Local\Programs\MiKTeX\tex/latex/etoolbox\etoolbox.sty
Package: etoolbox 2020/10/05 v2.5k e-TeX tools for LaTeX (JAW)
\etb@tempcnta=\count193
)) (C:\Users\Ignacio Lembo\AppData\Local\Programs\MiKTeX\tex/latex/pgf/frontendlayer\tikz.sty (C:\Users\Ignacio Lembo\AppData\Local\Programs\MiKTeX\tex/latex/pgf/basiclayer\pgf.sty (C:\Users\Ignacio Lembo\AppData\Local\Programs\MiKTeX\tex/latex/pgf/utilities\pgfrcs.sty (C:\Users\Ignacio Lembo\AppData\Local\Programs\MiKTeX\tex/generic/pgf/utilities\pgfutil-common.tex
\pgfutil@everybye=\toks17
\pgfutil@tempdima=\dimen141
\pgfutil@tempdimb=\dimen142
 (C:\Users\Ignacio Lembo\AppData\Local\Programs\MiKTeX\tex/generic/pgf/utilities\pgfutil-common-lists.tex)) (C:\Users\Ignacio Lembo\AppData\Local\Programs\MiKTeX\tex/generic/pgf/utilities\pgfutil-latex.def
\pgfutil@abb=\box51
) (C:\Users\Ignacio Lembo\AppData\Local\Programs\MiKTeX\tex/generic/pgf/utilities\pgfrcs.code.tex (C:\Users\Ignacio Lembo\AppData\Local\Programs\MiKTeX\tex/generic/pgf\pgf.revision.tex)
Package: pgfrcs 2021/05/15 v3.1.9a (3.1.9a)
))
Package: pgf 2021/05/15 v3.1.9a (3.1.9a)
 (C:\Users\Ignacio Lembo\AppData\Local\Programs\MiKTeX\tex/latex/pgf/basiclayer\pgfcore.sty (C:\Users\Ignacio Lembo\AppData\Local\Programs\MiKTeX\tex/latex/graphics\graphicx.sty
Package: graphicx 2021/09/16 v1.2d Enhanced LaTeX Graphics (DPC,SPQR)
 (C:\Users\Ignacio Lembo\AppData\Local\Programs\MiKTeX\tex/latex/graphics\graphics.sty
Package: graphics 2022/03/10 v1.4e Standard LaTeX Graphics (DPC,SPQR)
 (C:\Users\Ignacio Lembo\AppData\Local\Programs\MiKTeX\tex/latex/graphics\trig.sty
Package: trig 2021/08/11 v1.11 sin cos tan (DPC)
) (C:\Users\Ignacio Lembo\AppData\Local\Programs\MiKTeX\tex/latex/graphics-cfg\graphics.cfg
File: graphics.cfg 2016/06/04 v1.11 sample graphics configuration
)
Package graphics Info: Driver file: pdftex.def on input line 107.
 (C:\Users\Ignacio Lembo\AppData\Local\Programs\MiKTeX\tex/latex/graphics-def\pdftex.def
File: pdftex.def 2022/09/22 v1.2b Graphics/color driver for pdftex
))
\Gin@req@height=\dimen143
\Gin@req@width=\dimen144
) (C:\Users\Ignacio Lembo\AppData\Local\Programs\MiKTeX\tex/latex/pgf/systemlayer\pgfsys.sty (C:\Users\Ignacio Lembo\AppData\Local\Programs\MiKTeX\tex/generic/pgf/systemlayer\pgfsys.code.tex
Package: pgfsys 2021/05/15 v3.1.9a (3.1.9a)
 (C:\Users\Ignacio Lembo\AppData\Local\Programs\MiKTeX\tex/generic/pgf/utilities\pgfkeys.code.tex
\pgfkeys@pathtoks=\toks18
\pgfkeys@temptoks=\toks19
 (C:\Users\Ignacio Lembo\AppData\Local\Programs\MiKTeX\tex/generic/pgf/utilities\pgfkeysfiltered.code.tex
\pgfkeys@tmptoks=\toks20
))
\pgf@x=\dimen145
\pgf@y=\dimen146
\pgf@xa=\dimen147
\pgf@ya=\dimen148
\pgf@xb=\dimen149
\pgf@yb=\dimen150
\pgf@xc=\dimen151
\pgf@yc=\dimen152
\pgf@xd=\dimen153
\pgf@yd=\dimen154
\w@pgf@writea=\write3
\r@pgf@reada=\read2
\c@pgf@counta=\count194
\c@pgf@countb=\count195
\c@pgf@countc=\count196
\c@pgf@countd=\count197
\t@pgf@toka=\toks21
\t@pgf@tokb=\toks22
\t@pgf@tokc=\toks23
\pgf@sys@id@count=\count198
 (C:\Users\Ignacio Lembo\AppData\Local\Programs\MiKTeX\tex/generic/pgf/systemlayer\pgf.cfg
File: pgf.cfg 2021/05/15 v3.1.9a (3.1.9a)
)
Driver file for pgf: pgfsys-pdftex.def
 (C:\Users\Ignacio Lembo\AppData\Local\Programs\MiKTeX\tex/generic/pgf/systemlayer\pgfsys-pdftex.def
File: pgfsys-pdftex.def 2021/05/15 v3.1.9a (3.1.9a)
 (C:\Users\Ignacio Lembo\AppData\Local\Programs\MiKTeX\tex/generic/pgf/systemlayer\pgfsys-common-pdf.def
File: pgfsys-common-pdf.def 2021/05/15 v3.1.9a (3.1.9a)
))) (C:\Users\Ignacio Lembo\AppData\Local\Programs\MiKTeX\tex/generic/pgf/systemlayer\pgfsyssoftpath.code.tex
File: pgfsyssoftpath.code.tex 2021/05/15 v3.1.9a (3.1.9a)
\pgfsyssoftpath@smallbuffer@items=\count199
\pgfsyssoftpath@bigbuffer@items=\count266
) (C:\Users\Ignacio Lembo\AppData\Local\Programs\MiKTeX\tex/generic/pgf/systemlayer\pgfsysprotocol.code.tex
File: pgfsysprotocol.code.tex 2021/05/15 v3.1.9a (3.1.9a)
)) (C:\Users\Ignacio Lembo\AppData\Local\Programs\MiKTeX\tex/latex/xcolor\xcolor.sty
Package: xcolor 2022/06/12 v2.14 LaTeX color extensions (UK)
 (C:\Users\Ignacio Lembo\AppData\Local\Programs\MiKTeX\tex/latex/graphics-cfg\color.cfg
File: color.cfg 2016/01/02 v1.6 sample color configuration
)
Package xcolor Info: Driver file: pdftex.def on input line 227.
 (C:\Users\Ignacio Lembo\AppData\Local\Programs\MiKTeX\tex/latex/graphics\mathcolor.ltx)
Package xcolor Info: Model `cmy' substituted by `cmy0' on input line 1353.
Package xcolor Info: Model `hsb' substituted by `rgb' on input line 1357.
Package xcolor Info: Model `RGB' extended on input line 1369.
Package xcolor Info: Model `HTML' substituted by `rgb' on input line 1371.
Package xcolor Info: Model `Hsb' substituted by `hsb' on input line 1372.
Package xcolor Info: Model `tHsb' substituted by `hsb' on input line 1373.
Package xcolor Info: Model `HSB' substituted by `hsb' on input line 1374.
Package xcolor Info: Model `Gray' substituted by `gray' on input line 1375.
Package xcolor Info: Model `wave' substituted by `hsb' on input line 1376.
) (C:\Users\Ignacio Lembo\AppData\Local\Programs\MiKTeX\tex/generic/pgf/basiclayer\pgfcore.code.tex
Package: pgfcore 2021/05/15 v3.1.9a (3.1.9a)
 (C:\Users\Ignacio Lembo\AppData\Local\Programs\MiKTeX\tex/generic/pgf/math\pgfmath.code.tex (C:\Users\Ignacio Lembo\AppData\Local\Programs\MiKTeX\tex/generic/pgf/math\pgfmathcalc.code.tex (C:\Users\Ignacio Lembo\AppData\Local\Programs\MiKTeX\tex/generic/pgf/math\pgfmathutil.code.tex) (C:\Users\Ignacio Lembo\AppData\Local\Programs\MiKTeX\tex/generic/pgf/math\pgfmathparser.code.tex
\pgfmath@dimen=\dimen155
\pgfmath@count=\count267
\pgfmath@box=\box52
\pgfmath@toks=\toks24
\pgfmath@stack@operand=\toks25
\pgfmath@stack@operation=\toks26
) (C:\Users\Ignacio Lembo\AppData\Local\Programs\MiKTeX\tex/generic/pgf/math\pgfmathfunctions.code.tex (C:\Users\Ignacio Lembo\AppData\Local\Programs\MiKTeX\tex/generic/pgf/math\pgfmathfunctions.basic.code.tex) (C:\Users\Ignacio Lembo\AppData\Local\Programs\MiKTeX\tex/generic/pgf/math\pgfmathfunctions.trigonometric.code.tex) (C:\Users\Ignacio Lembo\AppData\Local\Programs\MiKTeX\tex/generic/pgf/math\pgfmathfunctions.random.code.tex) (C:\Users\Ignacio Lembo\AppData\Local\Programs\MiKTeX\tex/generic/pgf/math\pgfmathfunctions.comparison.code.tex) (C:\Users\Ignacio Lembo\AppData\Local\Programs\MiKTeX\tex/generic/pgf/math\pgfmathfunctions.base.code.tex) (C:\Users\Ignacio Lembo\AppData\Local\Programs\MiKTeX\tex/generic/pgf/math\pgfmathfunctions.round.code.tex) (C:\Users\Ignacio Lembo\AppData\Local\Programs\MiKTeX\tex/generic/pgf/math\pgfmathfunctions.misc.code.tex) (C:\Users\Ignacio Lembo\AppData\Local\Programs\MiKTeX\tex/generic/pgf/math\pgfmathfunctions.integerarithmetics.code.tex))) (C:\Users\Ignacio Lembo\AppData\Local\Programs\MiKTeX\tex/generic/pgf/math\pgfmathfloat.code.tex
\c@pgfmathroundto@lastzeros=\count268
)) (C:\Users\Ignacio Lembo\AppData\Local\Programs\MiKTeX\tex/generic/pgf/math\pgfint.code.tex) (C:\Users\Ignacio Lembo\AppData\Local\Programs\MiKTeX\tex/generic/pgf/basiclayer\pgfcorepoints.code.tex
File: pgfcorepoints.code.tex 2021/05/15 v3.1.9a (3.1.9a)
\pgf@picminx=\dimen156
\pgf@picmaxx=\dimen157
\pgf@picminy=\dimen158
\pgf@picmaxy=\dimen159
\pgf@pathminx=\dimen160
\pgf@pathmaxx=\dimen161
\pgf@pathminy=\dimen162
\pgf@pathmaxy=\dimen163
\pgf@xx=\dimen164
\pgf@xy=\dimen165
\pgf@yx=\dimen166
\pgf@yy=\dimen167
\pgf@zx=\dimen168
\pgf@zy=\dimen169
) (C:\Users\Ignacio Lembo\AppData\Local\Programs\MiKTeX\tex/generic/pgf/basiclayer\pgfcorepathconstruct.code.tex
File: pgfcorepathconstruct.code.tex 2021/05/15 v3.1.9a (3.1.9a)
\pgf@path@lastx=\dimen170
\pgf@path@lasty=\dimen171
) (C:\Users\Ignacio Lembo\AppData\Local\Programs\MiKTeX\tex/generic/pgf/basiclayer\pgfcorepathusage.code.tex
File: pgfcorepathusage.code.tex 2021/05/15 v3.1.9a (3.1.9a)
\pgf@shorten@end@additional=\dimen172
\pgf@shorten@start@additional=\dimen173
) (C:\Users\Ignacio Lembo\AppData\Local\Programs\MiKTeX\tex/generic/pgf/basiclayer\pgfcorescopes.code.tex
File: pgfcorescopes.code.tex 2021/05/15 v3.1.9a (3.1.9a)
\pgfpic=\box53
\pgf@hbox=\box54
\pgf@layerbox@main=\box55
\pgf@picture@serial@count=\count269
) (C:\Users\Ignacio Lembo\AppData\Local\Programs\MiKTeX\tex/generic/pgf/basiclayer\pgfcoregraphicstate.code.tex
File: pgfcoregraphicstate.code.tex 2021/05/15 v3.1.9a (3.1.9a)
\pgflinewidth=\dimen174
) (C:\Users\Ignacio Lembo\AppData\Local\Programs\MiKTeX\tex/generic/pgf/basiclayer\pgfcoretransformations.code.tex
File: pgfcoretransformations.code.tex 2021/05/15 v3.1.9a (3.1.9a)
\pgf@pt@x=\dimen175
\pgf@pt@y=\dimen176
\pgf@pt@temp=\dimen177
) (C:\Users\Ignacio Lembo\AppData\Local\Programs\MiKTeX\tex/generic/pgf/basiclayer\pgfcorequick.code.tex
File: pgfcorequick.code.tex 2021/05/15 v3.1.9a (3.1.9a)
) (C:\Users\Ignacio Lembo\AppData\Local\Programs\MiKTeX\tex/generic/pgf/basiclayer\pgfcoreobjects.code.tex
File: pgfcoreobjects.code.tex 2021/05/15 v3.1.9a (3.1.9a)
) (C:\Users\Ignacio Lembo\AppData\Local\Programs\MiKTeX\tex/generic/pgf/basiclayer\pgfcorepathprocessing.code.tex
File: pgfcorepathprocessing.code.tex 2021/05/15 v3.1.9a (3.1.9a)
) (C:\Users\Ignacio Lembo\AppData\Local\Programs\MiKTeX\tex/generic/pgf/basiclayer\pgfcorearrows.code.tex
File: pgfcorearrows.code.tex 2021/05/15 v3.1.9a (3.1.9a)
\pgfarrowsep=\dimen178
) (C:\Users\Ignacio Lembo\AppData\Local\Programs\MiKTeX\tex/generic/pgf/basiclayer\pgfcoreshade.code.tex
File: pgfcoreshade.code.tex 2021/05/15 v3.1.9a (3.1.9a)
\pgf@max=\dimen179
\pgf@sys@shading@range@num=\count270
\pgf@shadingcount=\count271
) (C:\Users\Ignacio Lembo\AppData\Local\Programs\MiKTeX\tex/generic/pgf/basiclayer\pgfcoreimage.code.tex
File: pgfcoreimage.code.tex 2021/05/15 v3.1.9a (3.1.9a)
 (C:\Users\Ignacio Lembo\AppData\Local\Programs\MiKTeX\tex/generic/pgf/basiclayer\pgfcoreexternal.code.tex
File: pgfcoreexternal.code.tex 2021/05/15 v3.1.9a (3.1.9a)
\pgfexternal@startupbox=\box56
)) (C:\Users\Ignacio Lembo\AppData\Local\Programs\MiKTeX\tex/generic/pgf/basiclayer\pgfcorelayers.code.tex
File: pgfcorelayers.code.tex 2021/05/15 v3.1.9a (3.1.9a)
) (C:\Users\Ignacio Lembo\AppData\Local\Programs\MiKTeX\tex/generic/pgf/basiclayer\pgfcoretransparency.code.tex
File: pgfcoretransparency.code.tex 2021/05/15 v3.1.9a (3.1.9a)
) (C:\Users\Ignacio Lembo\AppData\Local\Programs\MiKTeX\tex/generic/pgf/basiclayer\pgfcorepatterns.code.tex
File: pgfcorepatterns.code.tex 2021/05/15 v3.1.9a (3.1.9a)
) (C:\Users\Ignacio Lembo\AppData\Local\Programs\MiKTeX\tex/generic/pgf/basiclayer\pgfcorerdf.code.tex
File: pgfcorerdf.code.tex 2021/05/15 v3.1.9a (3.1.9a)
))) (C:\Users\Ignacio Lembo\AppData\Local\Programs\MiKTeX\tex/generic/pgf/modules\pgfmoduleshapes.code.tex
File: pgfmoduleshapes.code.tex 2021/05/15 v3.1.9a (3.1.9a)
\pgfnodeparttextbox=\box57
) (C:\Users\Ignacio Lembo\AppData\Local\Programs\MiKTeX\tex/generic/pgf/modules\pgfmoduleplot.code.tex
File: pgfmoduleplot.code.tex 2021/05/15 v3.1.9a (3.1.9a)
) (C:\Users\Ignacio Lembo\AppData\Local\Programs\MiKTeX\tex/latex/pgf/compatibility\pgfcomp-version-0-65.sty
Package: pgfcomp-version-0-65 2021/05/15 v3.1.9a (3.1.9a)
\pgf@nodesepstart=\dimen180
\pgf@nodesepend=\dimen181
) (C:\Users\Ignacio Lembo\AppData\Local\Programs\MiKTeX\tex/latex/pgf/compatibility\pgfcomp-version-1-18.sty
Package: pgfcomp-version-1-18 2021/05/15 v3.1.9a (3.1.9a)
)) (C:\Users\Ignacio Lembo\AppData\Local\Programs\MiKTeX\tex/latex/pgf/utilities\pgffor.sty (C:\Users\Ignacio Lembo\AppData\Local\Programs\MiKTeX\tex/latex/pgf/utilities\pgfkeys.sty (C:\Users\Ignacio Lembo\AppData\Local\Programs\MiKTeX\tex/generic/pgf/utilities\pgfkeys.code.tex)) (C:\Users\Ignacio Lembo\AppData\Local\Programs\MiKTeX\tex/latex/pgf/math\pgfmath.sty (C:\Users\Ignacio Lembo\AppData\Local\Programs\MiKTeX\tex/generic/pgf/math\pgfmath.code.tex)) (C:\Users\Ignacio Lembo\AppData\Local\Programs\MiKTeX\tex/generic/pgf/utilities\pgffor.code.tex
Package: pgffor 2021/05/15 v3.1.9a (3.1.9a)
 (C:\Users\Ignacio Lembo\AppData\Local\Programs\MiKTeX\tex/generic/pgf/math\pgfmath.code.tex)
\pgffor@iter=\dimen182
\pgffor@skip=\dimen183
\pgffor@stack=\toks27
\pgffor@toks=\toks28
)) (C:\Users\Ignacio Lembo\AppData\Local\Programs\MiKTeX\tex/generic/pgf/frontendlayer/tikz\tikz.code.tex
Package: tikz 2021/05/15 v3.1.9a (3.1.9a)
 (C:\Users\Ignacio Lembo\AppData\Local\Programs\MiKTeX\tex/generic/pgf/libraries\pgflibraryplothandlers.code.tex
File: pgflibraryplothandlers.code.tex 2021/05/15 v3.1.9a (3.1.9a)
\pgf@plot@mark@count=\count272
\pgfplotmarksize=\dimen184
)
\tikz@lastx=\dimen185
\tikz@lasty=\dimen186
\tikz@lastxsaved=\dimen187
\tikz@lastysaved=\dimen188
\tikz@lastmovetox=\dimen189
\tikz@lastmovetoy=\dimen190
\tikzleveldistance=\dimen191
\tikzsiblingdistance=\dimen192
\tikz@figbox=\box58
\tikz@figbox@bg=\box59
\tikz@tempbox=\box60
\tikz@tempbox@bg=\box61
\tikztreelevel=\count273
\tikznumberofchildren=\count274
\tikznumberofcurrentchild=\count275
\tikz@fig@count=\count276
 (C:\Users\Ignacio Lembo\AppData\Local\Programs\MiKTeX\tex/generic/pgf/modules\pgfmodulematrix.code.tex
File: pgfmodulematrix.code.tex 2021/05/15 v3.1.9a (3.1.9a)
\pgfmatrixcurrentrow=\count277
\pgfmatrixcurrentcolumn=\count278
\pgf@matrix@numberofcolumns=\count279
)
\tikz@expandcount=\count280
 (C:\Users\Ignacio Lembo\AppData\Local\Programs\MiKTeX\tex/generic/pgf/frontendlayer/tikz/libraries\tikzlibrarytopaths.code.tex
File: tikzlibrarytopaths.code.tex 2021/05/15 v3.1.9a (3.1.9a)
))) (C:\Users\Ignacio Lembo\AppData\Local\Programs\MiKTeX\tex/latex/mathtools\mathtools.sty
Package: mathtools 2022/06/29 v1.29 mathematical typesetting tools
 (C:\Users\Ignacio Lembo\AppData\Local\Programs\MiKTeX\tex/latex/tools\calc.sty
Package: calc 2017/05/25 v4.3 Infix arithmetic (KKT,FJ)
\calc@Acount=\count281
\calc@Bcount=\count282
\calc@Adimen=\dimen193
\calc@Bdimen=\dimen194
\calc@Askip=\skip51
\calc@Bskip=\skip52
LaTeX Info: Redefining \setlength on input line 80.
LaTeX Info: Redefining \addtolength on input line 81.
\calc@Ccount=\count283
\calc@Cskip=\skip53
) (C:\Users\Ignacio Lembo\AppData\Local\Programs\MiKTeX\tex/latex/mathtools\mhsetup.sty
Package: mhsetup 2021/03/18 v1.4 programming setup (MH)
) (C:\Users\Ignacio Lembo\AppData\Local\Programs\MiKTeX\tex/latex/amsmath\amsmath.sty
Package: amsmath 2022/04/08 v2.17n AMS math features
\@mathmargin=\skip54

For additional information on amsmath, use the `?' option.
(C:\Users\Ignacio Lembo\AppData\Local\Programs\MiKTeX\tex/latex/amsmath\amstext.sty
Package: amstext 2021/08/26 v2.01 AMS text
 (C:\Users\Ignacio Lembo\AppData\Local\Programs\MiKTeX\tex/latex/amsmath\amsgen.sty
File: amsgen.sty 1999/11/30 v2.0 generic functions
\@emptytoks=\toks29
\ex@=\dimen195
)) (C:\Users\Ignacio Lembo\AppData\Local\Programs\MiKTeX\tex/latex/amsmath\amsbsy.sty
Package: amsbsy 1999/11/29 v1.2d Bold Symbols
\pmbraise@=\dimen196
) (C:\Users\Ignacio Lembo\AppData\Local\Programs\MiKTeX\tex/latex/amsmath\amsopn.sty
Package: amsopn 2022/04/08 v2.04 operator names
)
\inf@bad=\count284
LaTeX Info: Redefining \frac on input line 234.
\uproot@=\count285
\leftroot@=\count286
LaTeX Info: Redefining \overline on input line 399.
LaTeX Info: Redefining \colon on input line 410.
\classnum@=\count287
\DOTSCASE@=\count288
LaTeX Info: Redefining \ldots on input line 496.
LaTeX Info: Redefining \dots on input line 499.
LaTeX Info: Redefining \cdots on input line 620.
\Mathstrutbox@=\box62
\strutbox@=\box63
LaTeX Info: Redefining \big on input line 722.
LaTeX Info: Redefining \Big on input line 723.
LaTeX Info: Redefining \bigg on input line 724.
LaTeX Info: Redefining \Bigg on input line 725.
\big@size=\dimen197
LaTeX Font Info:    Redeclaring font encoding OML on input line 743.
LaTeX Font Info:    Redeclaring font encoding OMS on input line 744.
\macc@depth=\count289
LaTeX Info: Redefining \bmod on input line 905.
LaTeX Info: Redefining \pmod on input line 910.
LaTeX Info: Redefining \smash on input line 940.
LaTeX Info: Redefining \relbar on input line 970.
LaTeX Info: Redefining \Relbar on input line 971.
\c@MaxMatrixCols=\count290
\dotsspace@=\muskip16
\c@parentequation=\count291
\dspbrk@lvl=\count292
\tag@help=\toks30
\row@=\count293
\column@=\count294
\maxfields@=\count295
\andhelp@=\toks31
\eqnshift@=\dimen198
\alignsep@=\dimen199
\tagshift@=\dimen256
\tagwidth@=\dimen257
\totwidth@=\dimen258
\lineht@=\dimen259
\@envbody=\toks32
\multlinegap=\skip55
\multlinetaggap=\skip56
\mathdisplay@stack=\toks33
LaTeX Info: Redefining \[ on input line 2953.
LaTeX Info: Redefining \] on input line 2954.
)
\g_MT_multlinerow_int=\count296
\l_MT_multwidth_dim=\dimen260
\origjot=\skip57
\l_MT_shortvdotswithinadjustabove_dim=\dimen261
\l_MT_shortvdotswithinadjustbelow_dim=\dimen262
\l_MT_above_intertext_sep=\dimen263
\l_MT_below_intertext_sep=\dimen264
\l_MT_above_shortintertext_sep=\dimen265
\l_MT_below_shortintertext_sep=\dimen266
\xmathstrut@box=\box64
\xmathstrut@dim=\dimen267
) (C:\Users\Ignacio Lembo\AppData\Local\Programs\MiKTeX\tex/latex/hyperref\hyperref.sty
Package: hyperref 2022-11-13 v7.00u Hypertext links for LaTeX
 (C:\Users\Ignacio Lembo\AppData\Local\Programs\MiKTeX\tex/generic/iftex\iftex.sty
Package: iftex 2022/02/03 v1.0f TeX engine tests
) (C:\Users\Ignacio Lembo\AppData\Local\Programs\MiKTeX\tex/generic/pdftexcmds\pdftexcmds.sty
Package: pdftexcmds 2020-06-27 v0.33 Utility functions of pdfTeX for LuaTeX (HO)
 (C:\Users\Ignacio Lembo\AppData\Local\Programs\MiKTeX\tex/generic/infwarerr\infwarerr.sty
Package: infwarerr 2019/12/03 v1.5 Providing info/warning/error messages (HO)
)
Package pdftexcmds Info: \pdf@primitive is available.
Package pdftexcmds Info: \pdf@ifprimitive is available.
Package pdftexcmds Info: \pdfdraftmode found.
) (C:\Users\Ignacio Lembo\AppData\Local\Programs\MiKTeX\tex/generic/kvdefinekeys\kvdefinekeys.sty
Package: kvdefinekeys 2019-12-19 v1.6 Define keys (HO)
) (C:\Users\Ignacio Lembo\AppData\Local\Programs\MiKTeX\tex/generic/pdfescape\pdfescape.sty
Package: pdfescape 2019/12/09 v1.15 Implements pdfTeX's escape features (HO)
) (C:\Users\Ignacio Lembo\AppData\Local\Programs\MiKTeX\tex/latex/hycolor\hycolor.sty
Package: hycolor 2020-01-27 v1.10 Color options for hyperref/bookmark (HO)
) (C:\Users\Ignacio Lembo\AppData\Local\Programs\MiKTeX\tex/latex/letltxmacro\letltxmacro.sty
Package: letltxmacro 2019/12/03 v1.6 Let assignment for LaTeX macros (HO)
) (C:\Users\Ignacio Lembo\AppData\Local\Programs\MiKTeX\tex/latex/auxhook\auxhook.sty
Package: auxhook 2019-12-17 v1.6 Hooks for auxiliary files (HO)
) (C:\Users\Ignacio Lembo\AppData\Local\Programs\MiKTeX\tex/latex/hyperref\nameref.sty
Package: nameref 2022-05-17 v2.50 Cross-referencing by name of section
 (C:\Users\Ignacio Lembo\AppData\Local\Programs\MiKTeX\tex/latex/refcount\refcount.sty
Package: refcount 2019/12/15 v3.6 Data extraction from label references (HO)
) (C:\Users\Ignacio Lembo\AppData\Local\Programs\MiKTeX\tex/generic/gettitlestring\gettitlestring.sty
Package: gettitlestring 2019/12/15 v1.6 Cleanup title references (HO)
)
\c@section@level=\count297
)
\@linkdim=\dimen268
\Hy@linkcounter=\count298
\Hy@pagecounter=\count299
 (C:\Users\Ignacio Lembo\AppData\Local\Programs\MiKTeX\tex/latex/hyperref\pd1enc.def
File: pd1enc.def 2022-11-13 v7.00u Hyperref: PDFDocEncoding definition (HO)
Now handling font encoding PD1 ...
... no UTF-8 mapping file for font encoding PD1
) (C:\Users\Ignacio Lembo\AppData\Local\Programs\MiKTeX\tex/generic/intcalc\intcalc.sty
Package: intcalc 2019/12/15 v1.3 Expandable calculations with integers (HO)
) (C:\Users\Ignacio Lembo\AppData\Local\Programs\MiKTeX\tex/generic/etexcmds\etexcmds.sty
Package: etexcmds 2019/12/15 v1.7 Avoid name clashes with e-TeX commands (HO)
)
\Hy@SavedSpaceFactor=\count300
 (C:\Users\Ignacio Lembo\AppData\Local\Programs\MiKTeX\tex/latex/hyperref\puenc.def
File: puenc.def 2022-11-13 v7.00u Hyperref: PDF Unicode definition (HO)
Now handling font encoding PU ...
... no UTF-8 mapping file for font encoding PU
)
Package hyperref Info: Option `unicode' set `true' on input line 4045.
Package hyperref Info: Hyper figures OFF on input line 4162.
Package hyperref Info: Link nesting OFF on input line 4167.
Package hyperref Info: Hyper index ON on input line 4170.
Package hyperref Info: Plain pages OFF on input line 4177.
Package hyperref Info: Backreferencing OFF on input line 4182.
Package hyperref Info: Implicit mode ON; LaTeX internals redefined.
Package hyperref Info: Bookmarks ON on input line 4410.
\c@Hy@tempcnt=\count301
 (C:\Users\Ignacio Lembo\AppData\Local\Programs\MiKTeX\tex/latex/url\url.sty
\Urlmuskip=\muskip17
Package: url 2013/09/16  ver 3.4  Verb mode for urls, etc.
)
LaTeX Info: Redefining \url on input line 4748.
\XeTeXLinkMargin=\dimen269
 (C:\Users\Ignacio Lembo\AppData\Local\Programs\MiKTeX\tex/generic/bitset\bitset.sty
Package: bitset 2019/12/09 v1.3 Handle bit-vector datatype (HO)
 (C:\Users\Ignacio Lembo\AppData\Local\Programs\MiKTeX\tex/generic/bigintcalc\bigintcalc.sty
Package: bigintcalc 2019/12/15 v1.5 Expandable calculations on big integers (HO)
))
\Fld@menulength=\count302
\Field@Width=\dimen270
\Fld@charsize=\dimen271
Package hyperref Info: Hyper figures OFF on input line 6027.
Package hyperref Info: Link nesting OFF on input line 6032.
Package hyperref Info: Hyper index ON on input line 6035.
Package hyperref Info: backreferencing OFF on input line 6042.
Package hyperref Info: Link coloring OFF on input line 6047.
Package hyperref Info: Link coloring with OCG OFF on input line 6052.
Package hyperref Info: PDF/A mode OFF on input line 6057.
 (C:\Users\Ignacio Lembo\AppData\Local\Programs\MiKTeX\tex/latex/base\atbegshi-ltx.sty
Package: atbegshi-ltx 2021/01/10 v1.0c Emulation of the original atbegshi
package with kernel methods
)
\Hy@abspage=\count303
\c@Item=\count304
\c@Hfootnote=\count305
)
Package hyperref Info: Driver (autodetected): hpdftex.
 (C:\Users\Ignacio Lembo\AppData\Local\Programs\MiKTeX\tex/latex/hyperref\hpdftex.def
File: hpdftex.def 2022-11-13 v7.00u Hyperref driver for pdfTeX
 (C:\Users\Ignacio Lembo\AppData\Local\Programs\MiKTeX\tex/latex/base\atveryend-ltx.sty
Package: atveryend-ltx 2020/08/19 v1.0a Emulation of the original atveryend package
with kernel methods
)
\Fld@listcount=\count306
\c@bookmark@seq@number=\count307
 (C:\Users\Ignacio Lembo\AppData\Local\Programs\MiKTeX\tex/latex/rerunfilecheck\rerunfilecheck.sty
Package: rerunfilecheck 2022-07-10 v1.10 Rerun checks for auxiliary files (HO)
 (C:\Users\Ignacio Lembo\AppData\Local\Programs\MiKTeX\tex/generic/uniquecounter\uniquecounter.sty
Package: uniquecounter 2019/12/15 v1.4 Provide unlimited unique counter (HO)
)
Package uniquecounter Info: New unique counter `rerunfilecheck' on input line 285.
)
\Hy@SectionHShift=\skip58
) (C:\Users\Ignacio Lembo\AppData\Local\Programs\MiKTeX\tex/latex/amsfonts\amsfonts.sty
Package: amsfonts 2013/01/14 v3.01 Basic AMSFonts support
\symAMSa=\mathgroup4
\symAMSb=\mathgroup5
LaTeX Font Info:    Redeclaring math symbol \hbar on input line 98.
LaTeX Font Info:    Overwriting math alphabet `\mathfrak' in version `bold'
(Font)                  U/euf/m/n --> U/euf/b/n on input line 106.
) (C:\Users\Ignacio Lembo\AppData\Local\Programs\MiKTeX\tex/latex/fancyhdr\fancyhdr.sty
Package: fancyhdr 2022/11/09 v4.1 Extensive control of page headers and footers
\f@nch@headwidth=\skip59
\f@nch@O@elh=\skip60
\f@nch@O@erh=\skip61
\f@nch@O@olh=\skip62
\f@nch@O@orh=\skip63
\f@nch@O@elf=\skip64
\f@nch@O@erf=\skip65
\f@nch@O@olf=\skip66
\f@nch@O@orf=\skip67
) (C:\Users\Ignacio Lembo\AppData\Local\Programs\MiKTeX\tex/latex/psnfss\times.sty
Package: times 2020/03/25 PSNFSS-v9.3 (SPQR) 
) (C:\Users\Ignacio Lembo\AppData\Local\Programs\MiKTeX\tex/latex/changepage\changepage.sty
Package: changepage 2009/10/20 v1.0c check page and change page layout
\c@cp@cntr=\count308
\cp@tempcnt=\count309
) (C:\Users\Ignacio Lembo\AppData\Local\Programs\MiKTeX\tex/latex/amsfonts\amssymb.sty
Package: amssymb 2013/01/14 v3.01 AMS font symbols
) (C:\Users\Ignacio Lembo\AppData\Local\Programs\MiKTeX\tex/latex/amscls\amsthm.sty
Package: amsthm 2020/05/29 v2.20.6
\thm@style=\toks34
\thm@bodyfont=\toks35
\thm@headfont=\toks36
\thm@notefont=\toks37
\thm@headpunct=\toks38
\thm@preskip=\skip68
\thm@postskip=\skip69
\thm@headsep=\skip70
\dth@everypar=\toks39
) (C:\Users\Ignacio Lembo\AppData\Local\Programs\MiKTeX\tex/generic/babel\babel.sty
Package: babel 2022/12/26 3.84 The Babel package
\babel@savecnt=\count310
\U@D=\dimen272
\l@unhyphenated=\language79
 (C:\Users\Ignacio Lembo\AppData\Local\Programs\MiKTeX\tex/generic/babel\txtbabel.def)
\bbl@readstream=\read3
\bbl@dirlevel=\count311

*************************************
* Local config file bblopts.cfg used
*
(C:\Users\Ignacio Lembo\AppData\Local\Programs\MiKTeX\tex/latex/arabi\bblopts.cfg
File: bblopts.cfg 2005/09/08 v0.1 add Arabic and Farsi to "declared" options of babel
) (C:\Users\Ignacio Lembo\AppData\Local\Programs\MiKTeX\tex/latex/babel-spanish\spanish.ldf
Language: spanish.ldf 2021/05/27 v5.0q Spanish support from the babel system
\es@quottoks=\toks40
\es@quotdepth=\count312
Package babel Info: Making " an active character on input line 570.
Package babel Info: Making < an active character on input line 722.
Package babel Info: Making > an active character on input line 722.
)) (C:\Users\Ignacio Lembo\AppData\Local\Programs\MiKTeX\tex/generic/babel/locale/es\babel-spanish.tex
Package babel Info: Importing font and identification data for spanish
(babel)             from babel-es.ini. Reported on input line 11.
) (C:\Users\Ignacio Lembo\AppData\Local\Programs\MiKTeX\tex/latex/caption\subcaption.sty
Package: subcaption 2022/01/07 v1.5 Sub-captions (AR)
 (C:\Users\Ignacio Lembo\AppData\Local\Programs\MiKTeX\tex/latex/caption\caption.sty
Package: caption 2022/03/01 v3.6b Customizing captions (AR)
 (C:\Users\Ignacio Lembo\AppData\Local\Programs\MiKTeX\tex/latex/caption\caption3.sty
Package: caption3 2022/03/17 v2.3b caption3 kernel (AR)
\caption@tempdima=\dimen273
\captionmargin=\dimen274
\caption@leftmargin=\dimen275
\caption@rightmargin=\dimen276
\caption@width=\dimen277
\caption@indent=\dimen278
\caption@parindent=\dimen279
\caption@hangindent=\dimen280
Package caption Info: Standard document class detected.
)
\c@caption@flags=\count313
\c@continuedfloat=\count314
Package caption Info: changepage package is loaded.
\caption@adjustwidth@hsize=\dimen281
\caption@adjustwidth@linewidth=\dimen282
Package caption Info: hyperref package is loaded.
)
\c@subfigure=\count315
\c@subtable=\count316
) (C:\Users\Ignacio Lembo\AppData\Local\Programs\MiKTeX\tex/latex/float\float.sty
Package: float 2001/11/08 v1.3d Float enhancements (AL)
\c@float@type=\count317
\float@exts=\toks41
\float@box=\box65
\@float@everytoks=\toks42
\@floatcapt=\box66
) (C:\Users\Ignacio Lembo\AppData\Local\Programs\MiKTeX\tex/latex/adjustbox\adjustbox.sty
Package: adjustbox 2022/10/17 v1.3a Adjusting TeX boxes (trim, clip, ...)
 (C:\Users\Ignacio Lembo\AppData\Local\Programs\MiKTeX\tex/latex/xkeyval\xkeyval.sty
Package: xkeyval 2022/06/16 v2.9 package option processing (HA)
 (C:\Users\Ignacio Lembo\AppData\Local\Programs\MiKTeX\tex/generic/xkeyval\xkeyval.tex (C:\Users\Ignacio Lembo\AppData\Local\Programs\MiKTeX\tex/generic/xkeyval\xkvutils.tex
\XKV@toks=\toks43
\XKV@tempa@toks=\toks44
)
\XKV@depth=\count318
File: xkeyval.tex 2014/12/03 v2.7a key=value parser (HA)
)) (C:\Users\Ignacio Lembo\AppData\Local\Programs\MiKTeX\tex/latex/adjustbox\adjcalc.sty
Package: adjcalc 2012/05/16 v1.1 Provides advanced setlength with multiple back-ends (calc, etex, pgfmath)
) (C:\Users\Ignacio Lembo\AppData\Local\Programs\MiKTeX\tex/latex/adjustbox\trimclip.sty
Package: trimclip 2020/08/19 v1.2 Trim and clip general TeX material
 (C:\Users\Ignacio Lembo\AppData\Local\Programs\MiKTeX\tex/latex/collectbox\collectbox.sty
Package: collectbox 2022/10/17 v0.4c Collect macro arguments as boxes
\collectedbox=\box67
)
\tc@llx=\dimen283
\tc@lly=\dimen284
\tc@urx=\dimen285
\tc@ury=\dimen286
Package trimclip Info: Using driver 'tc-pdftex.def'.
 (C:\Users\Ignacio Lembo\AppData\Local\Programs\MiKTeX\tex/latex/adjustbox\tc-pdftex.def
File: tc-pdftex.def 2019/01/04 v2.2 Clipping driver for pdftex
))
\adjbox@Width=\dimen287
\adjbox@Height=\dimen288
\adjbox@Depth=\dimen289
\adjbox@Totalheight=\dimen290
\adjbox@pwidth=\dimen291
\adjbox@pheight=\dimen292
\adjbox@pdepth=\dimen293
\adjbox@ptotalheight=\dimen294
 (C:\Users\Ignacio Lembo\AppData\Local\Programs\MiKTeX\tex/latex/ifoddpage\ifoddpage.sty
Package: ifoddpage 2022/10/18 v1.2 Conditionals for odd/even page detection
\c@checkoddpage=\count319
LaTeX Info: Redefining \checkoddpage on input line 45.
) (C:\Users\Ignacio Lembo\AppData\Local\Programs\MiKTeX\tex/latex/varwidth\varwidth.sty
Package: varwidth 2009/03/30 ver 0.92;  Variable-width minipages
\@vwid@box=\box68
\sift@deathcycles=\count320
\@vwid@loff=\dimen295
\@vwid@roff=\dimen296
)) (C:\Users\Ignacio Lembo\AppData\Local\Programs\MiKTeX\tex/latex/tools\verbatim.sty
Package: verbatim 2020-07-07 v1.5u LaTeX2e package for verbatim enhancements
\every@verbatim=\toks45
\verbatim@line=\toks46
\verbatim@in@stream=\read4
)
Package hyperref Info: Option `colorlinks' set `true' on input line 28.
\c@theorem=\count321
 (C:\Users\Ignacio Lembo\AppData\Local\Programs\MiKTeX\tex/latex/preprint\authblk.sty
Package: authblk 2001/02/27 1.3 (PWD)
\affilsep=\skip71
\@affilsep=\skip72
\c@Maxaffil=\count322
\c@authors=\count323
\c@affil=\count324
)
LaTeX Font Info:    Trying to load font information for OT1+ptm on input line 44.
 (C:\Users\Ignacio Lembo\AppData\Local\Programs\MiKTeX\tex/latex/psnfss\ot1ptm.fd
File: ot1ptm.fd 2001/06/04 font definitions for OT1/ptm.
) (C:\Users\Ignacio Lembo\AppData\Local\Programs\MiKTeX\tex/latex/l3backend\l3backend-pdftex.def
File: l3backend-pdftex.def 2022-10-26 L3 backend support: PDF output (pdfTeX)
\l__color_backend_stack_int=\count325
\l__pdf_internal_box=\box69
) (c:\Users\Ignacio Lembo\Documents\GitHub\Instituto_Balseiro\Imagenes_Medicas\Practica_2\TP1_IgnacioLembo_IM\build\main.aux
LaTeX Info: Redefining \. on input line 23.
LaTeX Info: Redefining \% on input line 23.
)
\openout1 = `main.aux'.

LaTeX Font Info:    Checking defaults for OML/cmm/m/it on input line 44.
LaTeX Font Info:    ... okay on input line 44.
LaTeX Font Info:    Checking defaults for OMS/cmsy/m/n on input line 44.
LaTeX Font Info:    ... okay on input line 44.
LaTeX Font Info:    Checking defaults for OT1/cmr/m/n on input line 44.
LaTeX Font Info:    ... okay on input line 44.
LaTeX Font Info:    Checking defaults for T1/cmr/m/n on input line 44.
LaTeX Font Info:    ... okay on input line 44.
LaTeX Font Info:    Checking defaults for TS1/cmr/m/n on input line 44.
LaTeX Font Info:    ... okay on input line 44.
LaTeX Font Info:    Checking defaults for OMX/cmex/m/n on input line 44.
LaTeX Font Info:    ... okay on input line 44.
LaTeX Font Info:    Checking defaults for U/cmr/m/n on input line 44.
LaTeX Font Info:    ... okay on input line 44.
LaTeX Font Info:    Checking defaults for PD1/pdf/m/n on input line 44.
LaTeX Font Info:    ... okay on input line 44.
LaTeX Font Info:    Checking defaults for PU/pdf/m/n on input line 44.
LaTeX Font Info:    ... okay on input line 44.
 (C:\Users\Ignacio Lembo\AppData\Local\Programs\MiKTeX\tex/context/base/mkii\supp-pdf.mkii
[Loading MPS to PDF converter (version 2006.09.02).]
\scratchcounter=\count326
\scratchdimen=\dimen297
\scratchbox=\box70
\nofMPsegments=\count327
\nofMParguments=\count328
\everyMPshowfont=\toks47
\MPscratchCnt=\count329
\MPscratchDim=\dimen298
\MPnumerator=\count330
\makeMPintoPDFobject=\count331
\everyMPtoPDFconversion=\toks48
) (C:\Users\Ignacio Lembo\AppData\Local\Programs\MiKTeX\tex/latex/epstopdf-pkg\epstopdf-base.sty
Package: epstopdf-base 2020-01-24 v2.11 Base part for package epstopdf
Package epstopdf-base Info: Redefining graphics rule for `.eps' on input line 485.
 (C:\Users\Ignacio Lembo\AppData\Local\Programs\MiKTeX\tex/latex/00miktex\epstopdf-sys.cfg
File: epstopdf-sys.cfg 2021/03/18 v2.0 Configuration of epstopdf for MiKTeX
))
Package hyperref Info: Link coloring ON on input line 44.
 (c:\Users\Ignacio Lembo\Documents\GitHub\Instituto_Balseiro\Imagenes_Medicas\Practica_2\TP1_IgnacioLembo_IM\build\main.out) (c:\Users\Ignacio Lembo\Documents\GitHub\Instituto_Balseiro\Imagenes_Medicas\Practica_2\TP1_IgnacioLembo_IM\build\main.out)
\@outlinefile=\write4
\openout4 = `main.out'.

LaTeX Info: Redefining \. on input line 44.
LaTeX Info: Redefining \% on input line 44.
Package caption Info: Begin \AtBeginDocument code.
Package caption Info: float package is loaded.
Package caption Info: End \AtBeginDocument code.
LaTeX Font Info:    Trying to load font information for U+msa on input line 46.
 (C:\Users\Ignacio Lembo\AppData\Local\Programs\MiKTeX\tex/latex/amsfonts\umsa.fd
File: umsa.fd 2013/01/14 v3.01 AMS symbols A
)
LaTeX Font Info:    Trying to load font information for U+msb on input line 46.
 (C:\Users\Ignacio Lembo\AppData\Local\Programs\MiKTeX\tex/latex/amsfonts\umsb.fd
File: umsb.fd 2013/01/14 v3.01 AMS symbols B
)
LaTeX Font Info:    Trying to load font information for OT1+pcr on input line 51.
 (C:\Users\Ignacio Lembo\AppData\Local\Programs\MiKTeX\tex/latex/psnfss\ot1pcr.fd
File: ot1pcr.fd 2001/06/04 font definitions for OT1/pcr.
)
<Figuras/ImageA_brute.png, id=43, 700.0554pt x 324.9741pt>
File: Figuras/ImageA_brute.png Graphic file (type png)
<use Figuras/ImageA_brute.png>
Package pdftex.def Info: Figuras/ImageA_brute.png  used on input line 57.
(pdftex.def)             Requested size: 230.18253pt x 106.85004pt.
<Figuras/ImageA_0_150.png, id=45, 700.2963pt x 324.9741pt>
File: Figuras/ImageA_0_150.png Graphic file (type png)
<use Figuras/ImageA_0_150.png>
Package pdftex.def Info: Figuras/ImageA_0_150.png  used on input line 63.
(pdftex.def)             Requested size: 230.18253pt x 106.81534pt.
 [1

{C:/Users/Ignacio Lembo/AppData/Local/MiKTeX/fonts/map/pdftex/pdftex.map} <./Figuras/ImageA_brute.png> <./Figuras/ImageA_0_150.png>]
<Figuras/ImageA_0_25.png, id=64, 221.74844pt x 267.03764pt>
File: Figuras/ImageA_0_25.png Graphic file (type png)
<use Figuras/ImageA_0_25.png>
Package pdftex.def Info: Figuras/ImageA_0_25.png  used on input line 83.
(pdftex.def)             Requested size: 112.74377pt x 135.77176pt.
<Figuras/ImageA_25_62.png, id=65, 221.74844pt x 266.55585pt>
File: Figuras/ImageA_25_62.png Graphic file (type png)
<use Figuras/ImageA_25_62.png>
Package pdftex.def Info: Figuras/ImageA_25_62.png  used on input line 88.
(pdftex.def)             Requested size: 112.74377pt x 135.52681pt.
<Figuras/ImageA_62_113.png, id=66, 220.06215pt x 265.35135pt>
File: Figuras/ImageA_62_113.png Graphic file (type png)
<use Figuras/ImageA_62_113.png>
Package pdftex.def Info: Figuras/ImageA_62_113.png  used on input line 93.
(pdftex.def)             Requested size: 112.74377pt x 135.94687pt.
<Figuras/ImageA_113_150.png, id=67, 220.30305pt x 263.66505pt>
File: Figuras/ImageA_113_150.png Graphic file (type png)
<use Figuras/ImageA_113_150.png>
Package pdftex.def Info: Figuras/ImageA_113_150.png  used on input line 98.
(pdftex.def)             Requested size: 112.74377pt x 134.93811pt.
<Figuras/ImageA_EQ_hist.png, id=69, 700.89854pt x 324.9741pt>
File: Figuras/ImageA_EQ_hist.png Graphic file (type png)
<use Figuras/ImageA_EQ_hist.png>
Package pdftex.def Info: Figuras/ImageA_EQ_hist.png  used on input line 112.
(pdftex.def)             Requested size: 352.31625pt x 163.35442pt.
 [2 <./Figuras/ImageA_0_25.png> <./Figuras/ImageA_25_62.png> <./Figuras/ImageA_62_113.png> <./Figuras/ImageA_113_150.png> <./Figuras/ImageA_EQ_hist.png>]
<Figuras/ImageA_binary.png, id=83, 222.71205pt x 267.03764pt>
File: Figuras/ImageA_binary.png Graphic file (type png)
<use Figuras/ImageA_binary.png>
Package pdftex.def Info: Figuras/ImageA_binary.png  used on input line 143.
(pdftex.def)             Requested size: 117.43875pt x 140.81212pt.
<Figuras/ImageA_exp_gamma=0.25.png, id=85, 222.71205pt x 267.03764pt>
File: Figuras/ImageA_exp_gamma=0.25.png Graphic file (type png)
<use Figuras/ImageA_exp_gamma=0.25.png>
Package pdftex.def Info: Figuras/ImageA_exp_gamma=0.25.png  used on input line 154.
(pdftex.def)             Requested size: 93.94957pt x 112.64807pt.
<Figuras/ImageA_exp_gamma=0.5.png, id=86, 222.71205pt x 267.03764pt>
File: Figuras/ImageA_exp_gamma=0.5.png Graphic file (type png)
<use Figuras/ImageA_exp_gamma=0.5.png>
Package pdftex.def Info: Figuras/ImageA_exp_gamma=0.5.png  used on input line 159.
(pdftex.def)             Requested size: 93.94957pt x 112.64807pt.
<Figuras/ImageA_exp_gamma=0.75.png, id=87, 222.71205pt x 267.03764pt>
File: Figuras/ImageA_exp_gamma=0.75.png Graphic file (type png)
<use Figuras/ImageA_exp_gamma=0.75.png>
Package pdftex.def Info: Figuras/ImageA_exp_gamma=0.75.png  used on input line 164.
(pdftex.def)             Requested size: 93.94957pt x 112.64807pt.
<Figuras/ImageA_exp_gamma=1.25.png, id=88, 222.71205pt x 267.03764pt>
File: Figuras/ImageA_exp_gamma=1.25.png Graphic file (type png)
<use Figuras/ImageA_exp_gamma=1.25.png>
Package pdftex.def Info: Figuras/ImageA_exp_gamma=1.25.png  used on input line 170.
(pdftex.def)             Requested size: 93.94957pt x 112.64807pt.
<Figuras/ImageA_exp_gamma=1.5.png, id=89, 222.71205pt x 267.03764pt>
File: Figuras/ImageA_exp_gamma=1.5.png Graphic file (type png)
<use Figuras/ImageA_exp_gamma=1.5.png>
Package pdftex.def Info: Figuras/ImageA_exp_gamma=1.5.png  used on input line 175.
(pdftex.def)             Requested size: 93.94957pt x 112.64807pt.
<Figuras/ImageA_exp_gamma=1.75.png, id=90, 222.71205pt x 267.03764pt>
File: Figuras/ImageA_exp_gamma=1.75.png Graphic file (type png)
<use Figuras/ImageA_exp_gamma=1.75.png>
Package pdftex.def Info: Figuras/ImageA_exp_gamma=1.75.png  used on input line 180.
(pdftex.def)             Requested size: 93.94957pt x 112.64807pt.
 [3 <./Figuras/ImageA_binary.png>]
<Figuras/dif_EQ.png, id=106, 445.54456pt x 267.03764pt>
File: Figuras/dif_EQ.png Graphic file (type png)
<use Figuras/dif_EQ.png>
Package pdftex.def Info: Figuras/dif_EQ.png  used on input line 193.
(pdftex.def)             Requested size: 140.92793pt x 84.46364pt.
<Figuras/dif_binary.png, id=107, 445.1832pt x 267.03764pt>
File: Figuras/dif_binary.png Graphic file (type png)
<use Figuras/dif_binary.png>
Package pdftex.def Info: Figuras/dif_binary.png  used on input line 199.
(pdftex.def)             Requested size: 140.92793pt x 84.53291pt.
<Figuras/dif_gamma=0.5.png, id=108, 445.9059pt x 267.03764pt>
File: Figuras/dif_gamma=0.5.png Graphic file (type png)
<use Figuras/dif_gamma=0.5.png>
Package pdftex.def Info: Figuras/dif_gamma=0.5.png  used on input line 206.
(pdftex.def)             Requested size: 140.92793pt x 84.39844pt.
<Figuras/dif_gamma=1.75.png, id=109, 445.4241pt x 267.03764pt>
File: Figuras/dif_gamma=1.75.png Graphic file (type png)
<use Figuras/dif_gamma=1.75.png>
Package pdftex.def Info: Figuras/dif_gamma=1.75.png  used on input line 212.
(pdftex.def)             Requested size: 140.92793pt x 84.48808pt.
 [4 <./Figuras/ImageA_exp_gamma=0.25.png> <./Figuras/ImageA_exp_gamma=0.5.png> <./Figuras/ImageA_exp_gamma=0.75.png> <./Figuras/ImageA_exp_gamma=1.25.png> <./Figuras/ImageA_exp_gamma=1.5.png> <./Figuras/ImageA_exp_gamma=1.75.png> <./Figuras/dif_EQ.png> <./Figuras/dif_binary.png> <./Figuras/dif_gamma=0.5.png> <./Figuras/dif_gamma=1.75.png>]
<Figuras/Interpolate_nn_f=0.25.png, id=128, 267.03764pt x 267.03764pt>
File: Figuras/Interpolate_nn_f=0.25.png Graphic file (type png)
<use Figuras/Interpolate_nn_f=0.25.png>
Package pdftex.def Info: Figuras/Interpolate_nn_f=0.25.png  used on input line 229.
(pdftex.def)             Requested size: 112.74377pt x 112.74586pt.
<Figuras/Interpolate_nn_f=0.5.png, id=129, 267.03764pt x 267.03764pt>
File: Figuras/Interpolate_nn_f=0.5.png Graphic file (type png)
<use Figuras/Interpolate_nn_f=0.5.png>
Package pdftex.def Info: Figuras/Interpolate_nn_f=0.5.png  used on input line 233.
(pdftex.def)             Requested size: 112.74377pt x 112.74586pt.
<Figuras/Interpolate_nn_f=2.png, id=130, 267.03764pt x 267.03764pt>
File: Figuras/Interpolate_nn_f=2.png Graphic file (type png)
<use Figuras/Interpolate_nn_f=2.png>
Package pdftex.def Info: Figuras/Interpolate_nn_f=2.png  used on input line 237.
(pdftex.def)             Requested size: 112.74377pt x 112.74586pt.
<Figuras/Interpolate_nn_f=8.png, id=131, 267.03764pt x 267.03764pt>
File: Figuras/Interpolate_nn_f=8.png Graphic file (type png)
<use Figuras/Interpolate_nn_f=8.png>
Package pdftex.def Info: Figuras/Interpolate_nn_f=8.png  used on input line 241.
(pdftex.def)             Requested size: 112.74377pt x 112.74586pt.
<Figuras/Interpolate_bilinear_f=0.25.png, id=132, 267.03764pt x 267.03764pt>
File: Figuras/Interpolate_bilinear_f=0.25.png Graphic file (type png)
<use Figuras/Interpolate_bilinear_f=0.25.png>
Package pdftex.def Info: Figuras/Interpolate_bilinear_f=0.25.png  used on input line 245.
(pdftex.def)             Requested size: 112.74377pt x 112.74586pt.
<Figuras/Interpolate_bilinear_f=0.5.png, id=133, 267.03764pt x 267.03764pt>
File: Figuras/Interpolate_bilinear_f=0.5.png Graphic file (type png)
<use Figuras/Interpolate_bilinear_f=0.5.png>
Package pdftex.def Info: Figuras/Interpolate_bilinear_f=0.5.png  used on input line 250.
(pdftex.def)             Requested size: 112.74377pt x 112.74586pt.
<Figuras/Interpolate_bilinear_f=2.png, id=134, 267.03764pt x 267.03764pt>
File: Figuras/Interpolate_bilinear_f=2.png Graphic file (type png)
<use Figuras/Interpolate_bilinear_f=2.png>
Package pdftex.def Info: Figuras/Interpolate_bilinear_f=2.png  used on input line 255.
(pdftex.def)             Requested size: 112.74377pt x 112.74586pt.
<Figuras/Interpolate_bilinear_f=8.png, id=135, 267.03764pt x 267.03764pt>
File: Figuras/Interpolate_bilinear_f=8.png Graphic file (type png)
<use Figuras/Interpolate_bilinear_f=8.png>
Package pdftex.def Info: Figuras/Interpolate_bilinear_f=8.png  used on input line 260.
(pdftex.def)             Requested size: 112.74377pt x 112.74586pt.
<Figuras/ImagenA.png, id=137, 181.67876pt x 217.81375pt>
File: Figuras/ImagenA.png Graphic file (type png)
<use Figuras/ImagenA.png>
Package pdftex.def Info: Figuras/ImagenA.png  used on input line 288.
(pdftex.def)             Requested size: 112.74377pt x 135.1694pt.
<Figuras/ImagenA3x3.png, id=138, 181.67876pt x 217.81375pt>
File: Figuras/ImagenA3x3.png Graphic file (type png)
<use Figuras/ImagenA3x3.png>
Package pdftex.def Info: Figuras/ImagenA3x3.png  used on input line 293.
(pdftex.def)             Requested size: 112.74377pt x 135.1694pt.
<Figuras/ImagenA5x5.png, id=139, 181.67876pt x 217.81375pt>
File: Figuras/ImagenA5x5.png Graphic file (type png)
<use Figuras/ImagenA5x5.png>
Package pdftex.def Info: Figuras/ImagenA5x5.png  used on input line 298.
(pdftex.def)             Requested size: 112.74377pt x 135.1694pt.
<Figuras/ImagenA7x7.png, id=140, 181.67876pt x 217.81375pt>
File: Figuras/ImagenA7x7.png Graphic file (type png)
<use Figuras/ImagenA7x7.png>
Package pdftex.def Info: Figuras/ImagenA7x7.png  used on input line 303.
(pdftex.def)             Requested size: 112.74377pt x 135.1694pt.
<Figuras/ImagenC.png, id=141, 128.48pt x 128.48pt>
File: Figuras/ImagenC.png Graphic file (type png)
<use Figuras/ImagenC.png>
Package pdftex.def Info: Figuras/ImagenC.png  used on input line 308.
(pdftex.def)             Requested size: 112.74377pt x 112.74515pt.
<Figuras/ImagenC3x3.png, id=142, 128.48pt x 128.48pt>
File: Figuras/ImagenC3x3.png Graphic file (type png)
<use Figuras/ImagenC3x3.png>
Package pdftex.def Info: Figuras/ImagenC3x3.png  used on input line 313.
(pdftex.def)             Requested size: 112.74377pt x 112.74515pt.
<Figuras/ImagenC5x5.png, id=143, 128.48pt x 128.48pt>
File: Figuras/ImagenC5x5.png Graphic file (type png)
<use Figuras/ImagenC5x5.png>
Package pdftex.def Info: Figuras/ImagenC5x5.png  used on input line 318.
(pdftex.def)             Requested size: 112.74377pt x 112.74515pt.
<Figuras/ImagenC7x7.png, id=144, 128.48pt x 128.48pt>
File: Figuras/ImagenC7x7.png Graphic file (type png)
<use Figuras/ImagenC7x7.png>
Package pdftex.def Info: Figuras/ImagenC7x7.png  used on input line 323.
(pdftex.def)             Requested size: 112.74377pt x 112.74515pt.
 [5 <./Figuras/Interpolate_nn_f=0.25.png> <./Figuras/Interpolate_nn_f=0.5.png> <./Figuras/Interpolate_nn_f=2.png> <./Figuras/Interpolate_nn_f=8.png> <./Figuras/Interpolate_bilinear_f=0.25.png> <./Figuras/Interpolate_bilinear_f=0.5.png> <./Figuras/Interpolate_bilinear_f=2.png> <./Figuras/Interpolate_bilinear_f=8.png>]
<Figuras/superman.png, id=163, 596.2275pt x 816.04875pt>
File: Figuras/superman.png Graphic file (type png)
<use Figuras/superman.png>
Package pdftex.def Info: Figuras/superman.png  used on input line 341.
(pdftex.def)             Requested size: 172.63689pt x 236.28697pt.
<Figuras/Inverse FFT of superman_process.png, id=164, 596.2275pt x 816.04875pt>
File: Figuras/Inverse FFT of superman_process.png Graphic file (type png)
<use Figuras/Inverse FFT of superman_process.png>
Package pdftex.def Info: Figuras/Inverse FFT of superman_process.png  used on input line 346.
(pdftex.def)             Requested size: 172.63689pt x 236.28697pt.
 [6 <./Figuras/ImagenA.png (PNG copy)> <./Figuras/ImagenA3x3.png (PNG copy)> <./Figuras/ImagenA5x5.png (PNG copy)> <./Figuras/ImagenA7x7.png (PNG copy)> <./Figuras/ImagenC.png (PNG copy)> <./Figuras/ImagenC3x3.png (PNG copy)> <./Figuras/ImagenC5x5.png (PNG copy)> <./Figuras/ImagenC7x7.png (PNG copy)>]
<Figuras/FFT of superman.png, id=171, 1027.84pt x 1027.84pt>
File: Figuras/FFT of superman.png Graphic file (type png)
<use Figuras/FFT of superman.png>
Package pdftex.def Info: Figuras/FFT of superman.png  used on input line 358.
(pdftex.def)             Requested size: 172.63689pt x 172.62889pt.
<Figuras/FFT of superman_process.png, id=172, 1027.84pt x 1027.84pt>
File: Figuras/FFT of superman_process.png Graphic file (type png)
<use Figuras/FFT of superman_process.png>
Package pdftex.def Info: Figuras/FFT of superman_process.png  used on input line 363.
(pdftex.def)             Requested size: 172.63689pt x 172.62889pt.
 [7 <./Figuras/superman.png (PNG copy)> <./Figuras/Inverse FFT of superman_process.png (PNG copy)> <./Figuras/FFT of superman.png (PNG copy)> <./Figuras/FFT of superman_process.png (PNG copy)>]
File: Figuras/ImagenA.png Graphic file (type png)
<use Figuras/ImagenA.png>
Package pdftex.def Info: Figuras/ImagenA.png  used on input line 387.
(pdftex.def)             Requested size: 93.94957pt x 112.63896pt.
<Figuras/ImagenA_noise=5.png, id=179, 181.67876pt x 217.81375pt>
File: Figuras/ImagenA_noise=5.png Graphic file (type png)
<use Figuras/ImagenA_noise=5.png>
Package pdftex.def Info: Figuras/ImagenA_noise=5.png  used on input line 392.
(pdftex.def)             Requested size: 93.94957pt x 112.63896pt.
<Figuras/ImagenA_noise=5_filter_7x7.png, id=180, 181.67876pt x 217.81375pt>
File: Figuras/ImagenA_noise=5_filter_7x7.png Graphic file (type png)
<use Figuras/ImagenA_noise=5_filter_7x7.png>
Package pdftex.def Info: Figuras/ImagenA_noise=5_filter_7x7.png  used on input line 397.
(pdftex.def)             Requested size: 93.94957pt x 112.63896pt.
<Figuras/unsharp.png, id=181, 222.71205pt x 267.03764pt>
File: Figuras/unsharp.png Graphic file (type png)
<use Figuras/unsharp.png>
Package pdftex.def Info: Figuras/unsharp.png  used on input line 403.
(pdftex.def)             Requested size: 93.94957pt x 112.64807pt.
<Figuras/highboost_A=2.png, id=182, 222.71205pt x 267.03764pt>
File: Figuras/highboost_A=2.png Graphic file (type png)
<use Figuras/highboost_A=2.png>
Package pdftex.def Info: Figuras/highboost_A=2.png  used on input line 409.
(pdftex.def)             Requested size: 93.94957pt x 112.64807pt.
<Figuras/highboost_A=3.png, id=183, 222.71205pt x 267.03764pt>
File: Figuras/highboost_A=3.png Graphic file (type png)
<use Figuras/highboost_A=3.png>
Package pdftex.def Info: Figuras/highboost_A=3.png  used on input line 414.
(pdftex.def)             Requested size: 93.94957pt x 112.64807pt.

Underfull \hbox (badness 1221) in paragraph at lines 415--415
[]\OT1/ptm/m/n/10.95 (f) |Fil-tro High-boost
 []

[8 <./Figuras/ImagenA_noise=5.png (PNG copy)> <./Figuras/ImagenA_noise=5_filter_7x7.png (PNG copy)> <./Figuras/unsharp.png> <./Figuras/highboost_A=2.png> <./Figuras/highboost_A=3.png>]
<Figuras/Highboost_plot.png, id=193, 498.9039pt x 376.2858pt>
File: Figuras/Highboost_plot.png Graphic file (type png)
<use Figuras/Highboost_plot.png>
Package pdftex.def Info: Figuras/Highboost_plot.png  used on input line 425.
(pdftex.def)             Requested size: 281.85587pt x 212.59038pt.
<Figuras/roi_corte2.png, id=196, 386.04225pt x 386.04225pt>
File: Figuras/roi_corte2.png Graphic file (type png)
<use Figuras/roi_corte2.png>
Package pdftex.def Info: Figuras/roi_corte2.png  used on input line 444.
(pdftex.def)             Requested size: 161.12706pt x 161.12935pt.
<Figuras/hist_corte2.png, id=197, 205.9695pt x 121.6545pt>
File: Figuras/hist_corte2.png Graphic file (type png)
<use Figuras/hist_corte2.png>
Package pdftex.def Info: Figuras/hist_corte2.png  used on input line 449.
(pdftex.def)             Requested size: 230.18253pt x 135.95508pt.
 [9 <./Figuras/Highboost_plot.png>]
<Figuras/roi_zoom_corte11.png, id=210, 385.47011pt x 386.6445pt>
File: Figuras/roi_zoom_corte11.png Graphic file (type png)
<use Figuras/roi_zoom_corte11.png>
Package pdftex.def Info: Figuras/roi_zoom_corte11.png  used on input line 488.
(pdftex.def)             Requested size: 161.12706pt x 161.61671pt.
<Figuras/profile_corte11.png, id=211, 517.935pt x 299.31825pt>
File: Figuras/profile_corte11.png Graphic file (type png)
<use Figuras/profile_corte11.png>
Package pdftex.def Info: Figuras/profile_corte11.png  used on input line 493.
(pdftex.def)             Requested size: 230.18253pt x 133.02493pt.
 [10 <./Figuras/roi_corte2.png> <./Figuras/hist_corte2.png>] [11 <./Figuras/roi_zoom_corte11.png> <./Figuras/profile_corte11.png>] (c:\Users\Ignacio Lembo\Documents\GitHub\Instituto_Balseiro\Imagenes_Medicas\Practica_2\TP1_IgnacioLembo_IM\build\main.aux
LaTeX Info: Redefining \. on input line 23.
LaTeX Info: Redefining \% on input line 23.
)
Package rerunfilecheck Info: File `main.out' has not changed.
(rerunfilecheck)             Checksum: 24221BF9807B1751E10FA2B55B6A9AEC;1726.
 ) 
Here is how much of TeX's memory you used:
 25735 strings out of 476406
 489308 string characters out of 2785756
 1863787 words of memory out of 3000000
 45551 multiletter control sequences out of 15000+600000
 535976 words of font info for 88 fonts, out of 8000000 for 9000
 1141 hyphenation exceptions out of 8191
 100i,9n,104p,1111b,652s stack positions out of 10000i,1000n,20000p,200000b,80000s
{C:/Users/Ignacio Lembo/AppData/Local/Programs/MiKTeX/fonts/enc/dvips/base/8r.enc}<C:/Users/Ignacio Lembo/AppData/Local/Programs/MiKTeX/fonts/type1/public/amsfonts/cm/cmex10.pfb><C:/Users/Ignacio Lembo/AppData/Local/Programs/MiKTeX/fonts/type1/public/amsfonts/cm/cmmi10.pfb><C:/Users/Ignacio Lembo/AppData/Local/Programs/MiKTeX/fonts/type1/public/amsfonts/cm/cmmi12.pfb><C:/Users/Ignacio Lembo/AppData/Local/Programs/MiKTeX/fonts/type1/public/amsfonts/cm/cmmi8.pfb><C:/Users/Ignacio Lembo/AppData/Local/Programs/MiKTeX/fonts/type1/public/amsfonts/cm/cmr10.pfb><C:/Users/Ignacio Lembo/AppData/Local/Programs/MiKTeX/fonts/type1/public/amsfonts/cm/cmr12.pfb><C:/Users/Ignacio Lembo/AppData/Local/Programs/MiKTeX/fonts/type1/public/amsfonts/cm/cmr8.pfb><C:/Users/Ignacio Lembo/AppData/Local/Programs/MiKTeX/fonts/type1/public/amsfonts/cm/cmsy10.pfb><C:/Users/Ignacio Lembo/AppData/Local/Programs/MiKTeX/fonts/type1/urw/courier/ucrr8a.pfb><C:/Users/Ignacio Lembo/AppData/Local/Programs/MiKTeX/fonts/type1/urw/times/utmb8a.pfb><C:/Users/Ignacio Lembo/AppData/Local/Programs/MiKTeX/fonts/type1/urw/times/utmr8a.pfb><C:/Users/Ignacio Lembo/AppData/Local/Programs/MiKTeX/fonts/type1/urw/times/utmri8a.pfb>
Output written on "c:\Users\Ignacio Lembo\Documents\GitHub\Instituto_Balseiro\Imagenes_Medicas\Practica_2\TP1_IgnacioLembo_IM\build\main.pdf" (11 pages, 14411947 bytes).
PDF statistics:
 290 PDF objects out of 1000 (max. 8388607)
 42 named destinations out of 1000 (max. 500000)
 325 words of extra memory for PDF output out of 10000 (max. 10000000)

