This is pdfTeX, Version 3.141592653-2.6-1.40.24 (MiKTeX 22.12) (preloaded format=pdflatex 2023.8.7)  6 MAY 2024 15:19
entering extended mode
 restricted \write18 enabled.
 file:line:error style messages enabled.
 %&-line parsing enabled.
**"c:/Users/Ignacio Lembo/Documents/Repositorios/Instituto_Balseiro/Matematica_Sistemas_Biologicos/practica_2/TP2_MSB_IgnacioLembo/main.tex"
(c:/Users/Ignacio Lembo/Documents/Repositorios/Instituto_Balseiro/Matematica_Sistemas_Biologicos/practica_2/TP2_MSB_IgnacioLembo/main.tex
LaTeX2e <2022-11-01> patch level 1
L3 programming layer <2022-12-17> (C:\Users\Ignacio Lembo\AppData\Local\Programs\MiKTeX\tex/latex/tufte-latex\tufte-book.cls
Document Class: tufte-book 2015/06/21 v3.5.2 Tufte-book class
(C:\Users\Ignacio Lembo\AppData\Local\Programs\MiKTeX\tex/latex/tufte-latex\tufte-common.def
File: tufte-common.def 2015/06/21 v3.5.2 Common code for the Tufte-LaTeX styles
 (C:\Users\Ignacio Lembo\AppData\Local\Programs\MiKTeX\tex/latex/xkeyval\xkeyval.sty
Package: xkeyval 2022/06/16 v2.9 package option processing (HA)
 (C:\Users\Ignacio Lembo\AppData\Local\Programs\MiKTeX\tex/generic/xkeyval\xkeyval.tex (C:\Users\Ignacio Lembo\AppData\Local\Programs\MiKTeX\tex/generic/xkeyval\xkvutils.tex
\XKV@toks=\toks16
\XKV@tempa@toks=\toks17
 (C:\Users\Ignacio Lembo\AppData\Local\Programs\MiKTeX\tex/generic/xkeyval\keyval.tex))
\XKV@depth=\count185
File: xkeyval.tex 2014/12/03 v2.7a key=value parser (HA)
)) (C:\Users\Ignacio Lembo\AppData\Local\Programs\MiKTeX\tex/latex/xifthen\xifthen.sty
Package: xifthen 2015/11/05 v1.4.0 Extended ifthen features
 (C:\Users\Ignacio Lembo\AppData\Local\Programs\MiKTeX\tex/latex/tools\calc.sty
Package: calc 2017/05/25 v4.3 Infix arithmetic (KKT,FJ)
\calc@Acount=\count186
\calc@Bcount=\count187
\calc@Adimen=\dimen140
\calc@Bdimen=\dimen141
\calc@Askip=\skip48
\calc@Bskip=\skip49
LaTeX Info: Redefining \setlength on input line 80.
LaTeX Info: Redefining \addtolength on input line 81.
\calc@Ccount=\count188
\calc@Cskip=\skip50
) (C:\Users\Ignacio Lembo\AppData\Local\Programs\MiKTeX\tex/latex/base\ifthen.sty
Package: ifthen 2022/04/13 v1.1d Standard LaTeX ifthen package (DPC)
) (C:\Users\Ignacio Lembo\AppData\Local\Programs\MiKTeX\tex/latex/ifmtarg\ifmtarg.sty
Package: ifmtarg 2018/04/16 v1.2b check for an empty argument
)) (C:\Users\Ignacio Lembo\AppData\Local\Programs\MiKTeX\tex/latex/hardwrap\hardwrap.sty
Package: hardwrap 2011/02/12 v0.2 Hard wrap messages
 (C:\Users\Ignacio Lembo\AppData\Local\Programs\MiKTeX\tex/latex/ifplatform\ifplatform.sty
Package: ifplatform 2017/10/13 v0.4a Testing for the operating system
 (C:\Users\Ignacio Lembo\AppData\Local\Programs\MiKTeX\tex/latex/tools\shellesc.sty
Package: shellesc 2019/11/08 v1.0c unified shell escape interface for LaTeX
Package shellesc Info: Restricted shell escape enabled on input line 77.
) (C:\Users\Ignacio Lembo\AppData\Local\Programs\MiKTeX\tex/generic/pdftexcmds\pdftexcmds.sty
Package: pdftexcmds 2020-06-27 v0.33 Utility functions of pdfTeX for LuaTeX (HO)
 (C:\Users\Ignacio Lembo\AppData\Local\Programs\MiKTeX\tex/generic/infwarerr\infwarerr.sty
Package: infwarerr 2019/12/03 v1.5 Providing info/warning/error messages (HO)
) (C:\Users\Ignacio Lembo\AppData\Local\Programs\MiKTeX\tex/generic/iftex\iftex.sty
Package: iftex 2022/02/03 v1.0f TeX engine tests
) (C:\Users\Ignacio Lembo\AppData\Local\Programs\MiKTeX\tex/generic/ltxcmds\ltxcmds.sty
Package: ltxcmds 2020-05-10 v1.25 LaTeX kernel commands for general use (HO)
)
Package pdftexcmds Info: \pdf@primitive is available.
Package pdftexcmds Info: \pdf@ifprimitive is available.
Package pdftexcmds Info: \pdfdraftmode found.
) (C:\Users\Ignacio Lembo\AppData\Local\Programs\MiKTeX\tex/generic/catchfile\catchfile.sty
Package: catchfile 2019/12/09 v1.8 Catch the contents of a file (HO)
 (C:\Users\Ignacio Lembo\AppData\Local\Programs\MiKTeX\tex/generic/etexcmds\etexcmds.sty
Package: etexcmds 2019/12/15 v1.7 Avoid name clashes with e-TeX commands (HO)
)) (C:\Users\Ignacio Lembo\AppData\Local\Programs\MiKTeX\tex/generic/iftex\ifluatex.sty
Package: ifluatex 2019/10/25 v1.5 ifluatex legacy package. Use iftex instead.
)

Package ifplatform Warning: 
    shell escape is disabled, so I can only detect \ifwindows.

) (C:\Users\Ignacio Lembo\AppData\Local\Programs\MiKTeX\tex/generic/iftex\ifxetex.sty
Package: ifxetex 2019/10/25 v0.7 ifxetex legacy package. Use iftex instead.
)
\hw@charcount=\count189
\hw@wordcount=\count190
\hw@maxprintline=\count191
)
Class tufte-book Info: Loading the base class `book'
 (C:\Users\Ignacio Lembo\AppData\Local\Programs\MiKTeX\tex/latex/base\book.cls
Document Class: book 2022/07/02 v1.4n Standard LaTeX document class
(C:\Users\Ignacio Lembo\AppData\Local\Programs\MiKTeX\tex/latex/base\bk10.clo
File: bk10.clo 2022/07/02 v1.4n Standard LaTeX file (size option)
)
\c@part=\count192
\c@chapter=\count193
\c@section=\count194
\c@subsection=\count195
\c@subsubsection=\count196
\c@paragraph=\count197
\c@subparagraph=\count198
\c@figure=\count199
\c@table=\count266
\abovecaptionskip=\skip51
\belowcaptionskip=\skip52
\bibindent=\dimen142
) (C:\Users\Ignacio Lembo\AppData\Local\Programs\MiKTeX\tex/generic/iftex\ifpdf.sty
Package: ifpdf 2019/10/25 v3.4 ifpdf legacy package. Use iftex instead.
) (C:\Users\Ignacio Lembo\AppData\Local\Programs\MiKTeX\tex/latex/titlesec\titlesec.sty
Package: titlesec 2021/07/05 v2.14 Sectioning titles
\ttl@box=\box51
\beforetitleunit=\skip53
\aftertitleunit=\skip54
\ttl@plus=\dimen143
\ttl@minus=\dimen144
\ttl@toksa=\toks18
\titlewidth=\dimen145
\titlewidthlast=\dimen146
\titlewidthfirst=\dimen147
) (C:\Users\Ignacio Lembo\AppData\Local\Programs\MiKTeX\tex/latex/titlesec\titletoc.sty
Package: titletoc 2021/07/05 v2.14 TOC entries
\ttl@leftsep=\dimen148
) (C:\Users\Ignacio Lembo\AppData\Local\Programs\MiKTeX\tex/latex/ragged2e\ragged2e.sty
Package: ragged2e 2022/11/13 v3.2 ragged2e Package
\CenteringLeftskip=\skip55
\RaggedLeftLeftskip=\skip56
\RaggedRightLeftskip=\skip57
\CenteringRightskip=\skip58
\RaggedLeftRightskip=\skip59
\RaggedRightRightskip=\skip60
\CenteringParfillskip=\skip61
\RaggedLeftParfillskip=\skip62
\RaggedRightParfillskip=\skip63
\JustifyingParfillskip=\skip64
\CenteringParindent=\skip65
\RaggedLeftParindent=\skip66
\RaggedRightParindent=\skip67
\JustifyingParindent=\skip68
) (C:\Users\Ignacio Lembo\AppData\Local\Programs\MiKTeX\tex/latex/geometry\geometry.sty
Package: geometry 2020/01/02 v5.9 Page Geometry
 (C:\Users\Ignacio Lembo\AppData\Local\Programs\MiKTeX\tex/generic/iftex\ifvtex.sty
Package: ifvtex 2019/10/25 v1.7 ifvtex legacy package. Use iftex instead.
)
\Gm@cnth=\count267
\Gm@cntv=\count268
\c@Gm@tempcnt=\count269
\Gm@bindingoffset=\dimen149
\Gm@wd@mp=\dimen150
\Gm@odd@mp=\dimen151
\Gm@even@mp=\dimen152
\Gm@layoutwidth=\dimen153
\Gm@layoutheight=\dimen154
\Gm@layouthoffset=\dimen155
\Gm@layoutvoffset=\dimen156
\Gm@dimlist=\toks19
 (C:\Users\Ignacio Lembo\AppData\Local\Programs\MiKTeX\tex/latex/geometry\geometry.cfg)) (C:\Users\Ignacio Lembo\AppData\Local\Programs\MiKTeX\tex/latex/changepage\changepage.sty
Package: changepage 2009/10/20 v1.0c check page and change page layout
\c@cp@cntr=\count270
\cp@tempcnt=\count271
)
\@tufte@overhang=\skip69
\@tufte@fullwidth=\skip70
\@tufte@caption@fill=\skip71
 (C:\Users\Ignacio Lembo\AppData\Local\Programs\MiKTeX\tex/latex/paralist\paralist.sty
Package: paralist 2017/01/22 v2.7 Extended list environments
\pltopsep=\skip72
\plpartopsep=\skip73
\plitemsep=\skip74
\plparsep=\skip75
\pl@lab=\toks20
) (C:\Users\Ignacio Lembo\AppData\Local\Programs\MiKTeX\tex/latex/textcase\textcase.sty
Package: textcase 2022/07/10 v1.03 Text only upper/lower case changing (DPC)
Package textcase Info: Defining Legacy names on input line 20.
) (C:\Users\Ignacio Lembo\AppData\Local\Programs\MiKTeX\tex/latex/microtype\letterspace.sty
Package: letterspace 2022/06/23 v3.0f Robust letterspacing (RS)
LaTeX Info: Redefining \lsstyle on input line 340.
LaTeX Info: Redefining \lslig on input line 341.
LaTeX Info: Redefining \textls on input line 369.
\MT@outer@kern=\dimen157
) (C:\Users\Ignacio Lembo\AppData\Local\Programs\MiKTeX\tex/latex/setspace\setspace.sty
Package: setspace 2022/12/04 v6.7b set line spacing
) (C:\Users\Ignacio Lembo\AppData\Local\Programs\MiKTeX\tex/latex/xcolor\xcolor.sty
Package: xcolor 2022/06/12 v2.14 LaTeX color extensions (UK)
 (C:\Users\Ignacio Lembo\AppData\Local\Programs\MiKTeX\tex/latex/graphics-cfg\color.cfg
File: color.cfg 2016/01/02 v1.6 sample color configuration
)
Package xcolor Info: Package option `usenames' ignored on input line 218.
Package xcolor Info: Driver file: pdftex.def on input line 227.
 (C:\Users\Ignacio Lembo\AppData\Local\Programs\MiKTeX\tex/latex/graphics-def\pdftex.def
File: pdftex.def 2022/09/22 v1.2b Graphics/color driver for pdftex
) (C:\Users\Ignacio Lembo\AppData\Local\Programs\MiKTeX\tex/latex/graphics\mathcolor.ltx)
Package xcolor Info: Model `cmy' substituted by `cmy0' on input line 1353.
Package xcolor Info: Model `hsb' substituted by `rgb' on input line 1357.
Package xcolor Info: Model `RGB' extended on input line 1369.
Package xcolor Info: Model `HTML' substituted by `rgb' on input line 1371.
Package xcolor Info: Model `Hsb' substituted by `hsb' on input line 1372.
Package xcolor Info: Model `tHsb' substituted by `hsb' on input line 1373.
Package xcolor Info: Model `HSB' substituted by `hsb' on input line 1374.
Package xcolor Info: Model `Gray' substituted by `gray' on input line 1375.
Package xcolor Info: Model `wave' substituted by `hsb' on input line 1376.
 (C:\Users\Ignacio Lembo\AppData\Local\Programs\MiKTeX\tex/latex/graphics\dvipsnam.def
File: dvipsnam.def 2016/06/17 v3.0m Driver-dependent file (DPC,SPQR)
) (C:\Users\Ignacio Lembo\AppData\Local\Programs\MiKTeX\tex/latex/xcolor\svgnam.def
File: svgnam.def 2022/06/12 v2.14 Predefined colors according to SVG 1.1 (UK)
))
\c@@tufte@num@bibkeys=\count272
 (C:\Users\Ignacio Lembo\AppData\Local\Programs\MiKTeX\tex/latex/sauerj\optparams.sty
Package: optparams 2004/08/14 v0.9 multiple optional parameters in macros
)
\@tufte@sidenote@vertical@offset=\skip76
 (C:\Users\Ignacio Lembo\AppData\Local\Programs\MiKTeX\tex/latex/placeins\placeins.sty
Package: placeins 2005/04/18  v 2.2
)
\@tufte@margin@floatbox=\box52
\@tufte@figure@box=\box53
\@tufte@caption@box=\box54
\@tufte@caption@vertical@offset=\skip77
\@tufte@float@contents@width=\skip78
 (C:\Users\Ignacio Lembo\AppData\Local\Programs\MiKTeX\tex/latex/psnfss\mathpazo.sty
Package: mathpazo 2020/03/25 PSNFSS-v9.3 Palatino w/ Pazo Math (D.Puga, WaS) 
\symupright=\mathgroup4
) (C:\Users\Ignacio Lembo\AppData\Local\Programs\MiKTeX\tex/latex/psnfss\helvet.sty
Package: helvet 2020/03/25 PSNFSS-v9.3 (WaS) 
) (C:\Users\Ignacio Lembo\AppData\Local\Programs\MiKTeX\tex/latex/bera\beramono.sty
Package: beramono 2004/01/31 (WaS)
) (C:\Users\Ignacio Lembo\AppData\Local\Programs\MiKTeX\tex/latex/base\fontenc.sty
Package: fontenc 2021/04/29 v2.0v Standard LaTeX package
LaTeX Font Info:    Trying to load font information for T1+pplj on input line 112.
 (C:\Users\Ignacio Lembo\AppData\Local\Programs\MiKTeX\tex/latex/psnfss\t1pplj.fd
File: t1pplj.fd 2004/09/06 font definitions for T1/pplj.
)) (C:\Users\Ignacio Lembo\AppData\Local\Programs\MiKTeX\tex/latex/base\textcomp.sty
Package: textcomp 2020/02/02 v2.0n Standard LaTeX package
) (C:\Users\Ignacio Lembo\AppData\Local\Programs\MiKTeX\tex/latex/fancyhdr\fancyhdr.sty
Package: fancyhdr 2022/11/09 v4.1 Extensive control of page headers and footers
\f@nch@headwidth=\skip79
\f@nch@O@elh=\skip80
\f@nch@O@erh=\skip81
\f@nch@O@olh=\skip82
\f@nch@O@orh=\skip83
\f@nch@O@elf=\skip84
\f@nch@O@erf=\skip85
\f@nch@O@olf=\skip86
\f@nch@O@orf=\skip87
)
\tufteskipamount=\skip88
 (C:\Users\Ignacio Lembo\AppData\Local\Programs\MiKTeX\tex/latex/tools\multicol.sty
Package: multicol 2021/11/30 v1.9d multicolumn formatting (FMi)
\c@tracingmulticols=\count273
\mult@box=\box55
\multicol@leftmargin=\dimen158
\c@unbalance=\count274
\c@collectmore=\count275
\doublecol@number=\count276
\multicoltolerance=\count277
\multicolpretolerance=\count278
\full@width=\dimen159
\page@free=\dimen160
\premulticols=\dimen161
\postmulticols=\dimen162
\multicolsep=\skip89
\multicolbaselineskip=\skip90
\partial@page=\box56
\last@line=\box57
\maxbalancingoverflow=\dimen163
\mult@rightbox=\box58
\mult@grightbox=\box59
\mult@firstbox=\box60
\mult@gfirstbox=\box61
\@tempa=\box62
\@tempa=\box63
\@tempa=\box64
\@tempa=\box65
\@tempa=\box66
\@tempa=\box67
\@tempa=\box68
\@tempa=\box69
\@tempa=\box70
\@tempa=\box71
\@tempa=\box72
\@tempa=\box73
\@tempa=\box74
\@tempa=\box75
\@tempa=\box76
\@tempa=\box77
\@tempa=\box78
\@tempa=\box79
\@tempa=\box80
\@tempa=\box81
\@tempa=\box82
\@tempa=\box83
\@tempa=\box84
\@tempa=\box85
\@tempa=\box86
\@tempa=\box87
\@tempa=\box88
\@tempa=\box89
\@tempa=\box90
\@tempa=\box91
\@tempa=\box92
\@tempa=\box93
\@tempa=\box94
\@tempa=\box95
\@tempa=\box96
\@tempa=\box97
\c@minrows=\count279
\c@columnbadness=\count280
\c@finalcolumnbadness=\count281
\last@try=\dimen164
\multicolovershoot=\dimen165
\multicolundershoot=\dimen166
\mult@nat@firstbox=\box98
\colbreak@box=\box99
\mc@col@check@num=\count282
))) (C:\Users\Ignacio Lembo\AppData\Local\Programs\MiKTeX\tex/latex/booktabs\booktabs.sty
Package: booktabs 2020/01/12 v1.61803398 Publication quality tables
\heavyrulewidth=\dimen167
\lightrulewidth=\dimen168
\cmidrulewidth=\dimen169
\belowrulesep=\dimen170
\belowbottomsep=\dimen171
\aboverulesep=\dimen172
\abovetopsep=\dimen173
\cmidrulesep=\dimen174
\cmidrulekern=\dimen175
\defaultaddspace=\dimen176
\@cmidla=\count283
\@cmidlb=\count284
\@aboverulesep=\dimen177
\@belowrulesep=\dimen178
\@thisruleclass=\count285
\@lastruleclass=\count286
\@thisrulewidth=\dimen179
) (C:\Users\Ignacio Lembo\AppData\Local\Programs\MiKTeX\tex/latex/base\inputenc.sty
Package: inputenc 2021/02/14 v1.3d Input encoding file
\inpenc@prehook=\toks21
\inpenc@posthook=\toks22
) (C:\Users\Ignacio Lembo\AppData\Local\Programs\MiKTeX\tex/generic/babel\babel.sty
Package: babel 2022/12/26 3.84 The Babel package
\babel@savecnt=\count287
\U@D=\dimen180
\l@unhyphenated=\language79
 (C:\Users\Ignacio Lembo\AppData\Local\Programs\MiKTeX\tex/generic/babel\txtbabel.def)
\bbl@readstream=\read2
\bbl@dirlevel=\count288

*************************************
* Local config file bblopts.cfg used
*
(C:\Users\Ignacio Lembo\AppData\Local\Programs\MiKTeX\tex/latex/arabi\bblopts.cfg
File: bblopts.cfg 2005/09/08 v0.1 add Arabic and Farsi to "declared" options of babel
) (C:\Users\Ignacio Lembo\AppData\Local\Programs\MiKTeX\tex/latex/babel-spanish\spanish.ldf
Language: spanish.ldf 2021/05/27 v5.0q Spanish support from the babel system
\es@quottoks=\toks23
\es@quotdepth=\count289
Package babel Info: Making " an active character on input line 570.
Package babel Info: Making . an active character on input line 675.
Package babel Info: Making < an active character on input line 722.
Package babel Info: Making > an active character on input line 722.
)) (C:\Users\Ignacio Lembo\AppData\Local\Programs\MiKTeX\tex/generic/babel/locale/es\babel-spanish.tex
Package babel Info: Importing font and identification data for spanish
(babel)             from babel-es.ini. Reported on input line 11.
) (C:\Users\Ignacio Lembo\AppData\Local\Programs\MiKTeX\tex/latex/csquotes\csquotes.sty
Package: csquotes 2022-09-14 v5.2n context-sensitive quotations (JAW)
 (C:\Users\Ignacio Lembo\AppData\Local\Programs\MiKTeX\tex/latex/etoolbox\etoolbox.sty
Package: etoolbox 2020/10/05 v2.5k e-TeX tools for LaTeX (JAW)
\etb@tempcnta=\count290
)
\csq@reset=\count291
\csq@gtype=\count292
\csq@glevel=\count293
\csq@qlevel=\count294
\csq@maxlvl=\count295
\csq@tshold=\count296
\csq@ltx@everypar=\toks24
 (C:\Users\Ignacio Lembo\AppData\Local\Programs\MiKTeX\tex/latex/csquotes\csquotes.def
File: csquotes.def 2022-09-14 v5.2n csquotes generic definitions (JAW)
)
Package csquotes Info: Trying to load configuration file 'csquotes.cfg'...
Package csquotes Info: ... configuration file loaded successfully.
 (C:\Users\Ignacio Lembo\AppData\Local\Programs\MiKTeX\tex/latex/csquotes\csquotes.cfg
File: csquotes.cfg 
)) (C:\Users\Ignacio Lembo\AppData\Local\Programs\MiKTeX\tex/latex/pgf/frontendlayer\tikz.sty (C:\Users\Ignacio Lembo\AppData\Local\Programs\MiKTeX\tex/latex/pgf/basiclayer\pgf.sty (C:\Users\Ignacio Lembo\AppData\Local\Programs\MiKTeX\tex/latex/pgf/utilities\pgfrcs.sty (C:\Users\Ignacio Lembo\AppData\Local\Programs\MiKTeX\tex/generic/pgf/utilities\pgfutil-common.tex
\pgfutil@everybye=\toks25
\pgfutil@tempdima=\dimen181
\pgfutil@tempdimb=\dimen182
 (C:\Users\Ignacio Lembo\AppData\Local\Programs\MiKTeX\tex/generic/pgf/utilities\pgfutil-common-lists.tex)) (C:\Users\Ignacio Lembo\AppData\Local\Programs\MiKTeX\tex/generic/pgf/utilities\pgfutil-latex.def
\pgfutil@abb=\box100
) (C:\Users\Ignacio Lembo\AppData\Local\Programs\MiKTeX\tex/generic/pgf/utilities\pgfrcs.code.tex (C:\Users\Ignacio Lembo\AppData\Local\Programs\MiKTeX\tex/generic/pgf\pgf.revision.tex)
Package: pgfrcs 2021/05/15 v3.1.9a (3.1.9a)
))
Package: pgf 2021/05/15 v3.1.9a (3.1.9a)
 (C:\Users\Ignacio Lembo\AppData\Local\Programs\MiKTeX\tex/latex/pgf/basiclayer\pgfcore.sty (C:\Users\Ignacio Lembo\AppData\Local\Programs\MiKTeX\tex/latex/graphics\graphicx.sty
Package: graphicx 2021/09/16 v1.2d Enhanced LaTeX Graphics (DPC,SPQR)
 (C:\Users\Ignacio Lembo\AppData\Local\Programs\MiKTeX\tex/latex/graphics\graphics.sty
Package: graphics 2022/03/10 v1.4e Standard LaTeX Graphics (DPC,SPQR)
 (C:\Users\Ignacio Lembo\AppData\Local\Programs\MiKTeX\tex/latex/graphics\trig.sty
Package: trig 2021/08/11 v1.11 sin cos tan (DPC)
) (C:\Users\Ignacio Lembo\AppData\Local\Programs\MiKTeX\tex/latex/graphics-cfg\graphics.cfg
File: graphics.cfg 2016/06/04 v1.11 sample graphics configuration
)
Package graphics Info: Driver file: pdftex.def on input line 107.
)
\Gin@req@height=\dimen183
\Gin@req@width=\dimen184
) (C:\Users\Ignacio Lembo\AppData\Local\Programs\MiKTeX\tex/latex/pgf/systemlayer\pgfsys.sty (C:\Users\Ignacio Lembo\AppData\Local\Programs\MiKTeX\tex/generic/pgf/systemlayer\pgfsys.code.tex
Package: pgfsys 2021/05/15 v3.1.9a (3.1.9a)
 (C:\Users\Ignacio Lembo\AppData\Local\Programs\MiKTeX\tex/generic/pgf/utilities\pgfkeys.code.tex
\pgfkeys@pathtoks=\toks26
\pgfkeys@temptoks=\toks27
 (C:\Users\Ignacio Lembo\AppData\Local\Programs\MiKTeX\tex/generic/pgf/utilities\pgfkeysfiltered.code.tex
\pgfkeys@tmptoks=\toks28
))
\pgf@x=\dimen185
\pgf@y=\dimen186
\pgf@xa=\dimen187
\pgf@ya=\dimen188
\pgf@xb=\dimen189
\pgf@yb=\dimen190
\pgf@xc=\dimen191
\pgf@yc=\dimen192
\pgf@xd=\dimen193
\pgf@yd=\dimen194
\w@pgf@writea=\write3
\r@pgf@reada=\read3
\c@pgf@counta=\count297
\c@pgf@countb=\count298
\c@pgf@countc=\count299
\c@pgf@countd=\count300
\t@pgf@toka=\toks29
\t@pgf@tokb=\toks30
\t@pgf@tokc=\toks31
\pgf@sys@id@count=\count301
 (C:\Users\Ignacio Lembo\AppData\Local\Programs\MiKTeX\tex/generic/pgf/systemlayer\pgf.cfg
File: pgf.cfg 2021/05/15 v3.1.9a (3.1.9a)
)
Driver file for pgf: pgfsys-pdftex.def
 (C:\Users\Ignacio Lembo\AppData\Local\Programs\MiKTeX\tex/generic/pgf/systemlayer\pgfsys-pdftex.def
File: pgfsys-pdftex.def 2021/05/15 v3.1.9a (3.1.9a)
 (C:\Users\Ignacio Lembo\AppData\Local\Programs\MiKTeX\tex/generic/pgf/systemlayer\pgfsys-common-pdf.def
File: pgfsys-common-pdf.def 2021/05/15 v3.1.9a (3.1.9a)
))) (C:\Users\Ignacio Lembo\AppData\Local\Programs\MiKTeX\tex/generic/pgf/systemlayer\pgfsyssoftpath.code.tex
File: pgfsyssoftpath.code.tex 2021/05/15 v3.1.9a (3.1.9a)
\pgfsyssoftpath@smallbuffer@items=\count302
\pgfsyssoftpath@bigbuffer@items=\count303
) (C:\Users\Ignacio Lembo\AppData\Local\Programs\MiKTeX\tex/generic/pgf/systemlayer\pgfsysprotocol.code.tex
File: pgfsysprotocol.code.tex 2021/05/15 v3.1.9a (3.1.9a)
)) (C:\Users\Ignacio Lembo\AppData\Local\Programs\MiKTeX\tex/generic/pgf/basiclayer\pgfcore.code.tex
Package: pgfcore 2021/05/15 v3.1.9a (3.1.9a)
 (C:\Users\Ignacio Lembo\AppData\Local\Programs\MiKTeX\tex/generic/pgf/math\pgfmath.code.tex (C:\Users\Ignacio Lembo\AppData\Local\Programs\MiKTeX\tex/generic/pgf/math\pgfmathcalc.code.tex (C:\Users\Ignacio Lembo\AppData\Local\Programs\MiKTeX\tex/generic/pgf/math\pgfmathutil.code.tex) (C:\Users\Ignacio Lembo\AppData\Local\Programs\MiKTeX\tex/generic/pgf/math\pgfmathparser.code.tex
\pgfmath@dimen=\dimen195
\pgfmath@count=\count304
\pgfmath@box=\box101
\pgfmath@toks=\toks32
\pgfmath@stack@operand=\toks33
\pgfmath@stack@operation=\toks34
) (C:\Users\Ignacio Lembo\AppData\Local\Programs\MiKTeX\tex/generic/pgf/math\pgfmathfunctions.code.tex (C:\Users\Ignacio Lembo\AppData\Local\Programs\MiKTeX\tex/generic/pgf/math\pgfmathfunctions.basic.code.tex) (C:\Users\Ignacio Lembo\AppData\Local\Programs\MiKTeX\tex/generic/pgf/math\pgfmathfunctions.trigonometric.code.tex) (C:\Users\Ignacio Lembo\AppData\Local\Programs\MiKTeX\tex/generic/pgf/math\pgfmathfunctions.random.code.tex) (C:\Users\Ignacio Lembo\AppData\Local\Programs\MiKTeX\tex/generic/pgf/math\pgfmathfunctions.comparison.code.tex) (C:\Users\Ignacio Lembo\AppData\Local\Programs\MiKTeX\tex/generic/pgf/math\pgfmathfunctions.base.code.tex) (C:\Users\Ignacio Lembo\AppData\Local\Programs\MiKTeX\tex/generic/pgf/math\pgfmathfunctions.round.code.tex) (C:\Users\Ignacio Lembo\AppData\Local\Programs\MiKTeX\tex/generic/pgf/math\pgfmathfunctions.misc.code.tex) (C:\Users\Ignacio Lembo\AppData\Local\Programs\MiKTeX\tex/generic/pgf/math\pgfmathfunctions.integerarithmetics.code.tex))) (C:\Users\Ignacio Lembo\AppData\Local\Programs\MiKTeX\tex/generic/pgf/math\pgfmathfloat.code.tex
\c@pgfmathroundto@lastzeros=\count305
)) (C:\Users\Ignacio Lembo\AppData\Local\Programs\MiKTeX\tex/generic/pgf/math\pgfint.code.tex) (C:\Users\Ignacio Lembo\AppData\Local\Programs\MiKTeX\tex/generic/pgf/basiclayer\pgfcorepoints.code.tex
File: pgfcorepoints.code.tex 2021/05/15 v3.1.9a (3.1.9a)
\pgf@picminx=\dimen196
\pgf@picmaxx=\dimen197
\pgf@picminy=\dimen198
\pgf@picmaxy=\dimen199
\pgf@pathminx=\dimen256
\pgf@pathmaxx=\dimen257
\pgf@pathminy=\dimen258
\pgf@pathmaxy=\dimen259
\pgf@xx=\dimen260
\pgf@xy=\dimen261
\pgf@yx=\dimen262
\pgf@yy=\dimen263
\pgf@zx=\dimen264
\pgf@zy=\dimen265
) (C:\Users\Ignacio Lembo\AppData\Local\Programs\MiKTeX\tex/generic/pgf/basiclayer\pgfcorepathconstruct.code.tex
File: pgfcorepathconstruct.code.tex 2021/05/15 v3.1.9a (3.1.9a)
\pgf@path@lastx=\dimen266
\pgf@path@lasty=\dimen267
) (C:\Users\Ignacio Lembo\AppData\Local\Programs\MiKTeX\tex/generic/pgf/basiclayer\pgfcorepathusage.code.tex
File: pgfcorepathusage.code.tex 2021/05/15 v3.1.9a (3.1.9a)
\pgf@shorten@end@additional=\dimen268
\pgf@shorten@start@additional=\dimen269
) (C:\Users\Ignacio Lembo\AppData\Local\Programs\MiKTeX\tex/generic/pgf/basiclayer\pgfcorescopes.code.tex
File: pgfcorescopes.code.tex 2021/05/15 v3.1.9a (3.1.9a)
\pgfpic=\box102
\pgf@hbox=\box103
\pgf@layerbox@main=\box104
\pgf@picture@serial@count=\count306
) (C:\Users\Ignacio Lembo\AppData\Local\Programs\MiKTeX\tex/generic/pgf/basiclayer\pgfcoregraphicstate.code.tex
File: pgfcoregraphicstate.code.tex 2021/05/15 v3.1.9a (3.1.9a)
\pgflinewidth=\dimen270
) (C:\Users\Ignacio Lembo\AppData\Local\Programs\MiKTeX\tex/generic/pgf/basiclayer\pgfcoretransformations.code.tex
File: pgfcoretransformations.code.tex 2021/05/15 v3.1.9a (3.1.9a)
\pgf@pt@x=\dimen271
\pgf@pt@y=\dimen272
\pgf@pt@temp=\dimen273
) (C:\Users\Ignacio Lembo\AppData\Local\Programs\MiKTeX\tex/generic/pgf/basiclayer\pgfcorequick.code.tex
File: pgfcorequick.code.tex 2021/05/15 v3.1.9a (3.1.9a)
) (C:\Users\Ignacio Lembo\AppData\Local\Programs\MiKTeX\tex/generic/pgf/basiclayer\pgfcoreobjects.code.tex
File: pgfcoreobjects.code.tex 2021/05/15 v3.1.9a (3.1.9a)
) (C:\Users\Ignacio Lembo\AppData\Local\Programs\MiKTeX\tex/generic/pgf/basiclayer\pgfcorepathprocessing.code.tex
File: pgfcorepathprocessing.code.tex 2021/05/15 v3.1.9a (3.1.9a)
) (C:\Users\Ignacio Lembo\AppData\Local\Programs\MiKTeX\tex/generic/pgf/basiclayer\pgfcorearrows.code.tex
File: pgfcorearrows.code.tex 2021/05/15 v3.1.9a (3.1.9a)
\pgfarrowsep=\dimen274
) (C:\Users\Ignacio Lembo\AppData\Local\Programs\MiKTeX\tex/generic/pgf/basiclayer\pgfcoreshade.code.tex
File: pgfcoreshade.code.tex 2021/05/15 v3.1.9a (3.1.9a)
\pgf@max=\dimen275
\pgf@sys@shading@range@num=\count307
\pgf@shadingcount=\count308
) (C:\Users\Ignacio Lembo\AppData\Local\Programs\MiKTeX\tex/generic/pgf/basiclayer\pgfcoreimage.code.tex
File: pgfcoreimage.code.tex 2021/05/15 v3.1.9a (3.1.9a)
 (C:\Users\Ignacio Lembo\AppData\Local\Programs\MiKTeX\tex/generic/pgf/basiclayer\pgfcoreexternal.code.tex
File: pgfcoreexternal.code.tex 2021/05/15 v3.1.9a (3.1.9a)
\pgfexternal@startupbox=\box105
)) (C:\Users\Ignacio Lembo\AppData\Local\Programs\MiKTeX\tex/generic/pgf/basiclayer\pgfcorelayers.code.tex
File: pgfcorelayers.code.tex 2021/05/15 v3.1.9a (3.1.9a)
) (C:\Users\Ignacio Lembo\AppData\Local\Programs\MiKTeX\tex/generic/pgf/basiclayer\pgfcoretransparency.code.tex
File: pgfcoretransparency.code.tex 2021/05/15 v3.1.9a (3.1.9a)
) (C:\Users\Ignacio Lembo\AppData\Local\Programs\MiKTeX\tex/generic/pgf/basiclayer\pgfcorepatterns.code.tex
File: pgfcorepatterns.code.tex 2021/05/15 v3.1.9a (3.1.9a)
) (C:\Users\Ignacio Lembo\AppData\Local\Programs\MiKTeX\tex/generic/pgf/basiclayer\pgfcorerdf.code.tex
File: pgfcorerdf.code.tex 2021/05/15 v3.1.9a (3.1.9a)
))) (C:\Users\Ignacio Lembo\AppData\Local\Programs\MiKTeX\tex/generic/pgf/modules\pgfmoduleshapes.code.tex
File: pgfmoduleshapes.code.tex 2021/05/15 v3.1.9a (3.1.9a)
\pgfnodeparttextbox=\box106
) (C:\Users\Ignacio Lembo\AppData\Local\Programs\MiKTeX\tex/generic/pgf/modules\pgfmoduleplot.code.tex
File: pgfmoduleplot.code.tex 2021/05/15 v3.1.9a (3.1.9a)
) (C:\Users\Ignacio Lembo\AppData\Local\Programs\MiKTeX\tex/latex/pgf/compatibility\pgfcomp-version-0-65.sty
Package: pgfcomp-version-0-65 2021/05/15 v3.1.9a (3.1.9a)
\pgf@nodesepstart=\dimen276
\pgf@nodesepend=\dimen277
) (C:\Users\Ignacio Lembo\AppData\Local\Programs\MiKTeX\tex/latex/pgf/compatibility\pgfcomp-version-1-18.sty
Package: pgfcomp-version-1-18 2021/05/15 v3.1.9a (3.1.9a)
)) (C:\Users\Ignacio Lembo\AppData\Local\Programs\MiKTeX\tex/latex/pgf/utilities\pgffor.sty (C:\Users\Ignacio Lembo\AppData\Local\Programs\MiKTeX\tex/latex/pgf/utilities\pgfkeys.sty (C:\Users\Ignacio Lembo\AppData\Local\Programs\MiKTeX\tex/generic/pgf/utilities\pgfkeys.code.tex)) (C:\Users\Ignacio Lembo\AppData\Local\Programs\MiKTeX\tex/latex/pgf/math\pgfmath.sty (C:\Users\Ignacio Lembo\AppData\Local\Programs\MiKTeX\tex/generic/pgf/math\pgfmath.code.tex)) (C:\Users\Ignacio Lembo\AppData\Local\Programs\MiKTeX\tex/generic/pgf/utilities\pgffor.code.tex
Package: pgffor 2021/05/15 v3.1.9a (3.1.9a)
 (C:\Users\Ignacio Lembo\AppData\Local\Programs\MiKTeX\tex/generic/pgf/math\pgfmath.code.tex)
\pgffor@iter=\dimen278
\pgffor@skip=\dimen279
\pgffor@stack=\toks35
\pgffor@toks=\toks36
)) (C:\Users\Ignacio Lembo\AppData\Local\Programs\MiKTeX\tex/generic/pgf/frontendlayer/tikz\tikz.code.tex
Package: tikz 2021/05/15 v3.1.9a (3.1.9a)
 (C:\Users\Ignacio Lembo\AppData\Local\Programs\MiKTeX\tex/generic/pgf/libraries\pgflibraryplothandlers.code.tex
File: pgflibraryplothandlers.code.tex 2021/05/15 v3.1.9a (3.1.9a)
\pgf@plot@mark@count=\count309
\pgfplotmarksize=\dimen280
)
\tikz@lastx=\dimen281
\tikz@lasty=\dimen282
\tikz@lastxsaved=\dimen283
\tikz@lastysaved=\dimen284
\tikz@lastmovetox=\dimen285
\tikz@lastmovetoy=\dimen286
\tikzleveldistance=\dimen287
\tikzsiblingdistance=\dimen288
\tikz@figbox=\box107
\tikz@figbox@bg=\box108
\tikz@tempbox=\box109
\tikz@tempbox@bg=\box110
\tikztreelevel=\count310
\tikznumberofchildren=\count311
\tikznumberofcurrentchild=\count312
\tikz@fig@count=\count313
 (C:\Users\Ignacio Lembo\AppData\Local\Programs\MiKTeX\tex/generic/pgf/modules\pgfmodulematrix.code.tex
File: pgfmodulematrix.code.tex 2021/05/15 v3.1.9a (3.1.9a)
\pgfmatrixcurrentrow=\count314
\pgfmatrixcurrentcolumn=\count315
\pgf@matrix@numberofcolumns=\count316
)
\tikz@expandcount=\count317
 (C:\Users\Ignacio Lembo\AppData\Local\Programs\MiKTeX\tex/generic/pgf/frontendlayer/tikz/libraries\tikzlibrarytopaths.code.tex
File: tikzlibrarytopaths.code.tex 2021/05/15 v3.1.9a (3.1.9a)
))) (C:\Users\Ignacio Lembo\AppData\Local\Programs\MiKTeX\tex/latex/blindtext\blindtext.sty
Package: blindtext 2012/01/06 V2.0 blindtext-Package
 (C:\Users\Ignacio Lembo\AppData\Local\Programs\MiKTeX\tex/latex/tools\xspace.sty
Package: xspace 2014/10/28 v1.13 Space after command names (DPC,MH)
)
\c@blindtext=\count318
\c@Blindtext=\count319
\c@blind@countparstart=\count320
\blind@countxx=\count321
\blindtext@numBlindtext=\count322
\blind@countyy=\count323
\c@blindlist=\count324
\c@blindlistlevel=\count325
\c@blindlist@level=\count326
\blind@listitem=\count327
\c@blind@listcount=\count328
\c@blind@levelcount=\count329
\blind@mathformula=\count330
\blind@Mathformula=\count331
\c@blind@randomcount=\count332
\c@blind@randommax=\count333
\c@blind@pangramcount=\count334
\c@blind@pangrammax=\count335
) (C:\Users\Ignacio Lembo\AppData\Local\Programs\MiKTeX\tex/latex/caption\subcaption.sty
Package: subcaption 2022/01/07 v1.5 Sub-captions (AR)
 (C:\Users\Ignacio Lembo\AppData\Local\Programs\MiKTeX\tex/latex/caption\caption.sty
Package: caption 2022/03/01 v3.6b Customizing captions (AR)
 (C:\Users\Ignacio Lembo\AppData\Local\Programs\MiKTeX\tex/latex/caption\caption3.sty
Package: caption3 2022/03/17 v2.3b caption3 kernel (AR)
\caption@tempdima=\dimen289
\captionmargin=\dimen290
\caption@leftmargin=\dimen291
\caption@rightmargin=\dimen292
\caption@width=\dimen293
\caption@indent=\dimen294
\caption@parindent=\dimen295
\caption@hangindent=\dimen296
Package caption Info: Standard document class detected.
)
\c@caption@flags=\count336
\c@continuedfloat=\count337
Package caption Info: changepage package is loaded.
\caption@adjustwidth@hsize=\dimen297
\caption@adjustwidth@linewidth=\dimen298
)
\c@subfigure=\count338
\c@subtable=\count339
) (C:\Users\Ignacio Lembo\AppData\Local\Programs\MiKTeX\tex/latex/hyperref\hyperref.sty
Package: hyperref 2022-11-13 v7.00u Hypertext links for LaTeX
 (C:\Users\Ignacio Lembo\AppData\Local\Programs\MiKTeX\tex/latex/kvsetkeys\kvsetkeys.sty
Package: kvsetkeys 2022-10-05 v1.19 Key value parser (HO)
) (C:\Users\Ignacio Lembo\AppData\Local\Programs\MiKTeX\tex/generic/kvdefinekeys\kvdefinekeys.sty
Package: kvdefinekeys 2019-12-19 v1.6 Define keys (HO)
) (C:\Users\Ignacio Lembo\AppData\Local\Programs\MiKTeX\tex/generic/pdfescape\pdfescape.sty
Package: pdfescape 2019/12/09 v1.15 Implements pdfTeX's escape features (HO)
) (C:\Users\Ignacio Lembo\AppData\Local\Programs\MiKTeX\tex/latex/hycolor\hycolor.sty
Package: hycolor 2020-01-27 v1.10 Color options for hyperref/bookmark (HO)
) (C:\Users\Ignacio Lembo\AppData\Local\Programs\MiKTeX\tex/latex/letltxmacro\letltxmacro.sty
Package: letltxmacro 2019/12/03 v1.6 Let assignment for LaTeX macros (HO)
) (C:\Users\Ignacio Lembo\AppData\Local\Programs\MiKTeX\tex/latex/auxhook\auxhook.sty
Package: auxhook 2019-12-17 v1.6 Hooks for auxiliary files (HO)
) (C:\Users\Ignacio Lembo\AppData\Local\Programs\MiKTeX\tex/latex/hyperref\nameref.sty
Package: nameref 2022-05-17 v2.50 Cross-referencing by name of section
 (C:\Users\Ignacio Lembo\AppData\Local\Programs\MiKTeX\tex/latex/refcount\refcount.sty
Package: refcount 2019/12/15 v3.6 Data extraction from label references (HO)
) (C:\Users\Ignacio Lembo\AppData\Local\Programs\MiKTeX\tex/generic/gettitlestring\gettitlestring.sty
Package: gettitlestring 2019/12/15 v1.6 Cleanup title references (HO)
 (C:\Users\Ignacio Lembo\AppData\Local\Programs\MiKTeX\tex/latex/kvoptions\kvoptions.sty
Package: kvoptions 2022-06-15 v3.15 Key value format for package options (HO)
))
\c@section@level=\count340
)
\@linkdim=\dimen299
\Hy@linkcounter=\count341
\Hy@pagecounter=\count342
 (C:\Users\Ignacio Lembo\AppData\Local\Programs\MiKTeX\tex/latex/hyperref\pd1enc.def
File: pd1enc.def 2022-11-13 v7.00u Hyperref: PDFDocEncoding definition (HO)
Now handling font encoding PD1 ...
... no UTF-8 mapping file for font encoding PD1
) (C:\Users\Ignacio Lembo\AppData\Local\Programs\MiKTeX\tex/generic/intcalc\intcalc.sty
Package: intcalc 2019/12/15 v1.3 Expandable calculations with integers (HO)
)
\Hy@SavedSpaceFactor=\count343
 (C:\Users\Ignacio Lembo\AppData\Local\Programs\MiKTeX\tex/latex/hyperref\puenc.def
File: puenc.def 2022-11-13 v7.00u Hyperref: PDF Unicode definition (HO)
Now handling font encoding PU ...
... no UTF-8 mapping file for font encoding PU
)
Package hyperref Info: Option `hyperfootnotes' set `false' on input line 4045.
Package hyperref Info: Hyper figures OFF on input line 4162.
Package hyperref Info: Link nesting OFF on input line 4167.
Package hyperref Info: Hyper index ON on input line 4170.
Package hyperref Info: Plain pages OFF on input line 4177.
Package hyperref Info: Backreferencing OFF on input line 4182.
Package hyperref Info: Implicit mode ON; LaTeX internals redefined.
Package hyperref Info: Bookmarks ON on input line 4410.
\c@Hy@tempcnt=\count344
 (C:\Users\Ignacio Lembo\AppData\Local\Programs\MiKTeX\tex/latex/url\url.sty
\Urlmuskip=\muskip16
Package: url 2013/09/16  ver 3.4  Verb mode for urls, etc.
)
LaTeX Info: Redefining \url on input line 4748.
\XeTeXLinkMargin=\dimen300
 (C:\Users\Ignacio Lembo\AppData\Local\Programs\MiKTeX\tex/generic/bitset\bitset.sty
Package: bitset 2019/12/09 v1.3 Handle bit-vector datatype (HO)
 (C:\Users\Ignacio Lembo\AppData\Local\Programs\MiKTeX\tex/generic/bigintcalc\bigintcalc.sty
Package: bigintcalc 2019/12/15 v1.5 Expandable calculations on big integers (HO)
))
\Fld@menulength=\count345
\Field@Width=\dimen301
\Fld@charsize=\dimen302
Package hyperref Info: Hyper figures OFF on input line 6027.
Package hyperref Info: Link nesting OFF on input line 6032.
Package hyperref Info: Hyper index ON on input line 6035.
Package hyperref Info: backreferencing OFF on input line 6042.
Package hyperref Info: Link coloring OFF on input line 6047.
Package hyperref Info: Link coloring with OCG OFF on input line 6052.
Package hyperref Info: PDF/A mode OFF on input line 6057.
 (C:\Users\Ignacio Lembo\AppData\Local\Programs\MiKTeX\tex/latex/base\atbegshi-ltx.sty
Package: atbegshi-ltx 2021/01/10 v1.0c Emulation of the original atbegshi
package with kernel methods
)
\Hy@abspage=\count346
\c@Item=\count347
)
Package hyperref Info: Driver (autodetected): hpdftex.
 (C:\Users\Ignacio Lembo\AppData\Local\Programs\MiKTeX\tex/latex/hyperref\hpdftex.def
File: hpdftex.def 2022-11-13 v7.00u Hyperref driver for pdfTeX
 (C:\Users\Ignacio Lembo\AppData\Local\Programs\MiKTeX\tex/latex/base\atveryend-ltx.sty
Package: atveryend-ltx 2020/08/19 v1.0a Emulation of the original atveryend package
with kernel methods
)
\Fld@listcount=\count348
\c@bookmark@seq@number=\count349

(C:\Users\Ignacio Lembo\AppData\Local\Programs\MiKTeX\tex/latex/rerunfilecheck\rerunfilecheck.sty
Package: rerunfilecheck 2022-07-10 v1.10 Rerun checks for auxiliary files (HO)
 (C:\Users\Ignacio Lembo\AppData\Local\Programs\MiKTeX\tex/generic/uniquecounter\uniquecounter.sty
Package: uniquecounter 2019/12/15 v1.4 Provide unlimited unique counter (HO)
)
Package uniquecounter Info: New unique counter `rerunfilecheck' on input line 285.
)
\Hy@SectionHShift=\skip91
) (C:\Users\Ignacio Lembo\AppData\Local\Programs\MiKTeX\tex/latex/enumitem\enumitem.sty
Package: enumitem 2019/06/20 v3.9 Customized lists
\enitkv@toks@=\toks37
\labelindent=\skip92
\enit@outerparindent=\dimen303
\enit@toks=\toks38
\enit@inbox=\box111
\enit@count@id=\count350
\enitdp@description=\count351
) (C:\Users\Ignacio Lembo\AppData\Local\Programs\MiKTeX\tex/latex/amsfonts\amsfonts.sty
Package: amsfonts 2013/01/14 v3.01 Basic AMSFonts support
\@emptytoks=\toks39
\symAMSa=\mathgroup5
\symAMSb=\mathgroup6
LaTeX Font Info:    Redeclaring math symbol \hbar on input line 98.
LaTeX Font Info:    Overwriting math alphabet `\mathfrak' in version `bold'
(Font)                  U/euf/m/n --> U/euf/b/n on input line 106.
) (C:\Users\Ignacio Lembo\AppData\Local\Programs\MiKTeX\tex/latex/graphics\epsfig.sty
Package: epsfig 2017/06/25 v1.7b (e)psfig emulation (SPQR)
\epsfxsize=\dimen304
\epsfysize=\dimen305
) (C:\Users\Ignacio Lembo\AppData\Local\Programs\MiKTeX\tex/latex/amsmath\amsmath.sty
Package: amsmath 2022/04/08 v2.17n AMS math features
\@mathmargin=\skip93

For additional information on amsmath, use the `?' option.
(C:\Users\Ignacio Lembo\AppData\Local\Programs\MiKTeX\tex/latex/amsmath\amstext.sty
Package: amstext 2021/08/26 v2.01 AMS text
 (C:\Users\Ignacio Lembo\AppData\Local\Programs\MiKTeX\tex/latex/amsmath\amsgen.sty
File: amsgen.sty 1999/11/30 v2.0 generic functions
\@emptytoks=\toks40
\ex@=\dimen306
)) (C:\Users\Ignacio Lembo\AppData\Local\Programs\MiKTeX\tex/latex/amsmath\amsbsy.sty
Package: amsbsy 1999/11/29 v1.2d Bold Symbols
\pmbraise@=\dimen307
) (C:\Users\Ignacio Lembo\AppData\Local\Programs\MiKTeX\tex/latex/amsmath\amsopn.sty
Package: amsopn 2022/04/08 v2.04 operator names
)
\inf@bad=\count352
LaTeX Info: Redefining \frac on input line 234.
\uproot@=\count353
\leftroot@=\count354
LaTeX Info: Redefining \overline on input line 399.
LaTeX Info: Redefining \colon on input line 410.
\classnum@=\count355
\DOTSCASE@=\count356
LaTeX Info: Redefining \ldots on input line 496.
LaTeX Info: Redefining \dots on input line 499.
LaTeX Info: Redefining \cdots on input line 620.
\Mathstrutbox@=\box112
\strutbox@=\box113
LaTeX Info: Redefining \big on input line 722.
LaTeX Info: Redefining \Big on input line 723.
LaTeX Info: Redefining \bigg on input line 724.
LaTeX Info: Redefining \Bigg on input line 725.
\big@size=\dimen308
LaTeX Font Info:    Redeclaring font encoding OML on input line 743.
LaTeX Font Info:    Redeclaring font encoding OMS on input line 744.
\macc@depth=\count357
LaTeX Info: Redefining \bmod on input line 905.
LaTeX Info: Redefining \pmod on input line 910.
LaTeX Info: Redefining \smash on input line 940.
LaTeX Info: Redefining \relbar on input line 970.
LaTeX Info: Redefining \Relbar on input line 971.
\c@MaxMatrixCols=\count358
\dotsspace@=\muskip17
\c@parentequation=\count359
\dspbrk@lvl=\count360
\tag@help=\toks41
\row@=\count361
\column@=\count362
\maxfields@=\count363
\andhelp@=\toks42
\eqnshift@=\dimen309
\alignsep@=\dimen310
\tagshift@=\dimen311
\tagwidth@=\dimen312
\totwidth@=\dimen313
\lineht@=\dimen314
\@envbody=\toks43
\multlinegap=\skip94
\multlinetaggap=\skip95
\mathdisplay@stack=\toks44
LaTeX Info: Redefining \[ on input line 2953.
LaTeX Info: Redefining \] on input line 2954.
) (C:\Users\Ignacio Lembo\AppData\Local\Programs\MiKTeX\tex/latex/amsfonts\amssymb.sty
Package: amssymb 2013/01/14 v3.01 AMS font symbols
) (C:\Users\Ignacio Lembo\AppData\Local\Programs\MiKTeX\tex/latex/tools\bm.sty
Package: bm 2022/01/05 v1.2f Bold Symbol Support (DPC/FMi)
\symboldoperators=\mathgroup7
\symboldletters=\mathgroup8
\symboldsymbols=\mathgroup9
Package bm Info: No bold for \OMX/zplm/m/n, using \pmb.
\symboldupright=\mathgroup10
Package bm Info: No bold for \U/msa/m/n, using \pmb.
Package bm Info: No bold for \U/msb/m/n, using \pmb.
LaTeX Font Info:    Redeclaring math alphabet \mathbf on input line 149.
) (C:\Users\Ignacio Lembo\AppData\Local\Programs\MiKTeX\tex/latex/multirow\multirow.sty
Package: multirow 2021/03/15 v2.8 Span multiple rows of a table
\multirow@colwidth=\skip96
\multirow@cntb=\count364
\multirow@dima=\skip97
\bigstrutjot=\dimen315
) (C:\Users\Ignacio Lembo\AppData\Local\Programs\MiKTeX\tex/latex/media9\media9.sty
Package: media9 2022/08/04 v1.25 acrobat-9/X compatible media
\g_mix_pkgresizeflag_int=\count365
 (C:\Users\Ignacio Lembo\AppData\Local\Programs\MiKTeX\tex/latex/media9\pdfbase.sty
Package: pdfbase 2022/08/04 v0.55 driver independent access to low-level PDF features
 (C:\Users\Ignacio Lembo\AppData\Local\Programs\MiKTeX\tex/latex/l3backend\l3backend-pdftex.def
File: l3backend-pdftex.def 2022-10-26 L3 backend support: PDF output (pdfTeX)
\l__color_backend_stack_int=\count366
\l__pdf_internal_box=\box114
)
\g_pbs_page_int=\count367
\g_pbs_oc_int=\count368
) (C:\Users\Ignacio Lembo\AppData\Local\Programs\MiKTeX\tex/latex/ocgx2\ocgbase.sty
Package: ocgbase 2022/08/04 v0.22 support package for ocgx2.sty
\g_ocgbase_nd_int=\count369
)
\l_mix_poster_box=\box115
\g_mix_wd_dim=\dimen316
\g_mix_ht_dim=\dimen317
\g_mix_dp_dim=\dimen318
\g_mix_rmcnt_int=\count370
\l_mix_viewcnt_int=\count371
\g@mix@page@int=\count372
\g_mix_resizeflag_int=\count373
\l_mix_lineno_int=\count374
\l_mix_pbtn_box=\box116
\g_mix_mbtncnt_int=\count375
\mix@btn@dim=\dimen319
) (C:\Users\Ignacio Lembo\AppData\Local\Programs\MiKTeX\tex/latex/epigraph\epigraph.sty
Package: epigraph 2020/01/02 v1.5e typesetting epigraphs
 (C:\Users\Ignacio Lembo\AppData\Local\Programs\MiKTeX\tex/latex/nextpage\nextpage.sty
Package: nextpage 2009/09/03 v1.1a additional page commands
)
\beforeepigraphskip=\skip98
\afterepigraphskip=\skip99
\epigraphwidth=\skip100
\epigraphrule=\skip101
) (C:\Users\Ignacio Lembo\AppData\Local\Programs\MiKTeX\tex/latex/base\fontenc.sty
Package: fontenc 2021/04/29 v2.0v Standard LaTeX package
) (C:\Users\Ignacio Lembo\AppData\Local\Programs\MiKTeX\tex/latex/biblatex\biblatex.sty
Package: biblatex 2022/07/12 v3.18b programmable bibliographies (PK/MW)
 (C:\Users\Ignacio Lembo\AppData\Local\Programs\MiKTeX\tex/latex/logreq\logreq.sty
Package: logreq 2010/08/04 v1.0 xml request logger
\lrq@indent=\count376
 (C:\Users\Ignacio Lembo\AppData\Local\Programs\MiKTeX\tex/latex/logreq\logreq.def
File: logreq.def 2010/08/04 v1.0 logreq spec v1.0
))
\c@tabx@nest=\count377
\c@listtotal=\count378
\c@listcount=\count379
\c@liststart=\count380
\c@liststop=\count381
\c@citecount=\count382
\c@citetotal=\count383
\c@multicitecount=\count384
\c@multicitetotal=\count385
\c@instcount=\count386
\c@maxnames=\count387
\c@minnames=\count388
\c@maxitems=\count389
\c@minitems=\count390
\c@citecounter=\count391
\c@maxcitecounter=\count392
\c@savedcitecounter=\count393
\c@uniquelist=\count394
\c@uniquename=\count395
\c@refsection=\count396
\c@refsegment=\count397
\c@maxextratitle=\count398
\c@maxextratitleyear=\count399
\c@maxextraname=\count400
\c@maxextradate=\count401
\c@maxextraalpha=\count402
\c@abbrvpenalty=\count403
\c@highnamepenalty=\count404
\c@lownamepenalty=\count405
\c@maxparens=\count406
\c@parenlevel=\count407
\blx@tempcnta=\count408
\blx@tempcntb=\count409
\blx@tempcntc=\count410
\c@blx@maxsection=\count411
\blx@maxsegment@0=\count412
\blx@notetype=\count413
\blx@parenlevel@text=\count414
\blx@parenlevel@foot=\count415
\blx@sectionciteorder@0=\count416
\blx@sectionciteorderinternal@0=\count417
\blx@entrysetcounter=\count418
\blx@biblioinstance=\count419
\labelnumberwidth=\skip102
\labelalphawidth=\skip103
\biblabelsep=\skip104
\bibitemsep=\skip105
\bibnamesep=\skip106
\bibinitsep=\skip107
\bibparsep=\skip108
\bibhang=\skip109
\blx@bcfin=\read4
\blx@bcfout=\write4
\blx@langwohyphens=\language80
\c@mincomprange=\count420
\c@maxcomprange=\count421
\c@mincompwidth=\count422
Package biblatex Info: Trying to load biblatex default data model...
Package biblatex Info: ... file 'blx-dm.def' found.
 (C:\Users\Ignacio Lembo\AppData\Local\Programs\MiKTeX\tex/latex/biblatex\blx-dm.def
File: blx-dm.def 2022/07/12 v3.18b biblatex localization (PK/MW)
)
Package biblatex Info: Trying to load biblatex style data model...
Package biblatex Info: ... file 'numeric.dbx' not found.
Package biblatex Info: Trying to load biblatex custom data model...
Package biblatex Info: ... file 'biblatex-dm.cfg' not found.
\c@afterword=\count423
\c@savedafterword=\count424
\c@annotator=\count425
\c@savedannotator=\count426
\c@author=\count427
\c@savedauthor=\count428
\c@bookauthor=\count429
\c@savedbookauthor=\count430
\c@commentator=\count431
\c@savedcommentator=\count432
\c@editor=\count433
\c@savededitor=\count434
\c@editora=\count435
\c@savededitora=\count436
\c@editorb=\count437
\c@savededitorb=\count438
\c@editorc=\count439
\c@savededitorc=\count440
\c@foreword=\count441
\c@savedforeword=\count442
\c@holder=\count443
\c@savedholder=\count444
\c@introduction=\count445
\c@savedintroduction=\count446
\c@namea=\count447
\c@savednamea=\count448
\c@nameb=\count449
\c@savednameb=\count450
\c@namec=\count451
\c@savednamec=\count452
\c@translator=\count453
\c@savedtranslator=\count454
\c@shortauthor=\count455
\c@savedshortauthor=\count456
\c@shorteditor=\count457
\c@savedshorteditor=\count458
\c@labelname=\count459
\c@savedlabelname=\count460
\c@institution=\count461
\c@savedinstitution=\count462
\c@lista=\count463
\c@savedlista=\count464
\c@listb=\count465
\c@savedlistb=\count466
\c@listc=\count467
\c@savedlistc=\count468
\c@listd=\count469
\c@savedlistd=\count470
\c@liste=\count471
\c@savedliste=\count472
\c@listf=\count473
\c@savedlistf=\count474
\c@location=\count475
\c@savedlocation=\count476
\c@organization=\count477
\c@savedorganization=\count478
\c@origlocation=\count479
\c@savedoriglocation=\count480
\c@origpublisher=\count481
\c@savedorigpublisher=\count482
\c@publisher=\count483
\c@savedpublisher=\count484
\c@language=\count485
\c@savedlanguage=\count486
\c@origlanguage=\count487
\c@savedoriglanguage=\count488
\c@pageref=\count489
\c@savedpageref=\count490
\shorthandwidth=\skip110
\shortjournalwidth=\skip111
\shortserieswidth=\skip112
\shorttitlewidth=\skip113
\shortauthorwidth=\skip114
\shorteditorwidth=\skip115
\locallabelnumberwidth=\skip116
\locallabelalphawidth=\skip117
\localshorthandwidth=\skip118
\localshortjournalwidth=\skip119
\localshortserieswidth=\skip120
\localshorttitlewidth=\skip121
\localshortauthorwidth=\skip122
\localshorteditorwidth=\skip123
Package biblatex Info: Trying to load compatibility code...
Package biblatex Info: ... file 'blx-compat.def' found.
 (C:\Users\Ignacio Lembo\AppData\Local\Programs\MiKTeX\tex/latex/biblatex\blx-compat.def
File: blx-compat.def 2022/07/12 v3.18b biblatex compatibility (PK/MW)
)
Package biblatex Info: Trying to load generic definitions...
Package biblatex Info: ... file 'biblatex.def' found.
 (C:\Users\Ignacio Lembo\AppData\Local\Programs\MiKTeX\tex/latex/biblatex\biblatex.def
File: biblatex.def 2022/07/12 v3.18b biblatex compatibility (PK/MW)
\c@textcitecount=\count491
\c@textcitetotal=\count492
\c@textcitemaxnames=\count493
\c@biburlbigbreakpenalty=\count494
\c@biburlbreakpenalty=\count495
\c@biburlnumpenalty=\count496
\c@biburlucpenalty=\count497
\c@biburllcpenalty=\count498
\biburlbigskip=\muskip18
\biburlnumskip=\muskip19
\biburlucskip=\muskip20
\biburllcskip=\muskip21
\c@smartand=\count499
)
Package biblatex Info: Trying to load natbib compatibility...
Package biblatex Info: ... file 'blx-natbib.def' found.
 (C:\Users\Ignacio Lembo\AppData\Local\Programs\MiKTeX\tex/latex/biblatex\blx-natbib.def
File: blx-natbib.def 2022/07/12 v3.18b biblatex compatibility (PK/MW)
Package biblatex Info: Delimiter 'nameyeardelim' in context '' already defined, overwriting.
)
Package biblatex Info: Trying to load bibliography style 'numeric'...
Package biblatex Info: ... file 'numeric.bbx' found.
 (C:\Users\Ignacio Lembo\AppData\Local\Programs\MiKTeX\tex/latex/biblatex/bbx\numeric.bbx
File: numeric.bbx 2022/07/12 v3.18b biblatex bibliography style (PK/MW)
Package biblatex Info: Trying to load bibliography style 'standard'...
Package biblatex Info: ... file 'standard.bbx' found.
 (C:\Users\Ignacio Lembo\AppData\Local\Programs\MiKTeX\tex/latex/biblatex/bbx\standard.bbx
File: standard.bbx 2022/07/12 v3.18b biblatex bibliography style (PK/MW)
\c@bbx:relatedcount=\count500
\c@bbx:relatedtotal=\count501
))
Package biblatex Info: Trying to load citation style 'numeric'...
Package biblatex Info: ... file 'numeric.cbx' found.
 (C:\Users\Ignacio Lembo\AppData\Local\Programs\MiKTeX\tex/latex/biblatex/cbx\numeric.cbx
File: numeric.cbx 2022/07/12 v3.18b biblatex citation style (PK/MW)
Package biblatex Info: Redefining '\cite'.
Package biblatex Info: Redefining '\parencite'.
Package biblatex Info: Redefining '\footcite'.
Package biblatex Info: Redefining '\footcitetext'.
Package biblatex Info: Redefining '\smartcite'.
Package biblatex Info: Redefining '\supercite'.
Package biblatex Info: Redefining '\textcite'.
Package biblatex Info: Redefining '\textcites'.
Package biblatex Info: Redefining '\cites'.
Package biblatex Info: Redefining '\parencites'.
Package biblatex Info: Redefining '\smartcites'.
)
Package biblatex Info: Trying to load configuration file...
Package biblatex Info: ... file 'biblatex.cfg' found.
 (C:\Users\Ignacio Lembo\AppData\Local\Programs\MiKTeX\tex/latex/biblatex\biblatex.cfg
File: biblatex.cfg 
)
Package biblatex Info: Input encoding 'utf8' detected.
Package biblatex Info: Document encoding is UTF8 ....
 (C:\Users\Ignacio Lembo\AppData\Local\Programs\MiKTeX\tex/latex/l3kernel\expl3.sty
Package: expl3 2022-12-17 L3 programming layer (loader) 
)
Package biblatex Info: ... and expl3
(biblatex)             2022-12-17 L3 programming layer (loader) 
(biblatex)             is new enough (at least 2020/04/06),
(biblatex)             setting 'casechanger=expl3'.
 (C:\Users\Ignacio Lembo\AppData\Local\Programs\MiKTeX\tex/latex/biblatex\blx-case-expl3.sty (C:\Users\Ignacio Lembo\AppData\Local\Programs\MiKTeX\tex/latex/l3packages/xparse\xparse.sty
Package: xparse 2022-12-17 L3 Experimental document command parser
)
Package: blx-case-expl3 2022/07/12 v3.18b expl3 case changing code for biblatex
)) (C:\Users\Ignacio Lembo\AppData\Local\Programs\MiKTeX\tex/latex/xargs\xargs.sty
Package: xargs 2008/03/22 v1.1  extended macro definitions  (mpg)
\xargs@max=\count502
\xargs@toksa=\toks45
\xargs@toksb=\toks46
) (C:\Users\Ignacio Lembo\AppData\Local\Programs\MiKTeX\tex/latex/units\units.sty
Package: units 1998/08/04 v0.9b Typesetting units
 (C:\Users\Ignacio Lembo\AppData\Local\Programs\MiKTeX\tex/latex/units\nicefrac.sty
Package: nicefrac 1998/08/04 v0.9b Nice fractions
\L@UnitsRaiseDisplaystyle=\skip124
\L@UnitsRaiseTextstyle=\skip125
\L@UnitsRaiseScriptstyle=\skip126
)) (C:\Users\Ignacio Lembo\AppData\Local\Programs\MiKTeX\tex/latex/base\makeidx.sty
Package: makeidx 2021/10/04 v1.0m Standard LaTeX package
)
\@indexfile=\write5
\openout5 = `main.idx'.


Writing index file main.idx
(C:\Users\Ignacio Lembo\AppData\Local\Programs\MiKTeX\tex/latex/pdfpages\pdfpages.sty
Package: pdfpages 2022/12/19 v0.5x Insert pages of external PDF documents (AM)
 (C:\Users\Ignacio Lembo\AppData\Local\Programs\MiKTeX\tex/latex/eso-pic\eso-pic.sty
Package: eso-pic 2020/10/14 v3.0a eso-pic (RN)
\ESO@tempdima=\dimen320
\ESO@tempdimb=\dimen321
)
\AM@pagewidth=\dimen322
\AM@pageheight=\dimen323
\AM@fboxrule=\dimen324
 (C:\Users\Ignacio Lembo\AppData\Local\Programs\MiKTeX\tex/latex/pdfpages\pppdftex.def
File: pppdftex.def 2022/12/19 v0.5x Pdfpages driver for pdfTeX (AM)
)
\pdfpages@includegraphics@status=\count503
\AM@pagebox=\box117
\AM@global@opts=\toks47
\AM@pagecnt=\count504
\AM@toc@title=\toks48
\AM@lof@heading=\toks49
\c@AM@survey=\count505
\AM@templatesizebox=\box118
) (C:\Users\Ignacio Lembo\AppData\Local\Programs\MiKTeX\tex/latex/tcolorbox\tcolorbox.sty
Package: tcolorbox 2022/06/24 version 5.1.1 text color boxes
 (C:\Users\Ignacio Lembo\AppData\Local\Programs\MiKTeX\tex/latex/tools\verbatim.sty
Package: verbatim 2020-07-07 v1.5u LaTeX2e package for verbatim enhancements
\every@verbatim=\toks50
\verbatim@line=\toks51
\verbatim@in@stream=\read5
) (C:\Users\Ignacio Lembo\AppData\Local\Programs\MiKTeX\tex/latex/environ\environ.sty
Package: environ 2014/05/04 v0.3 A new way to define environments
 (C:\Users\Ignacio Lembo\AppData\Local\Programs\MiKTeX\tex/latex/trimspaces\trimspaces.sty
Package: trimspaces 2009/09/17 v1.1 Trim spaces around a token list
))
\tcb@titlebox=\box119
\tcb@upperbox=\box120
\tcb@lowerbox=\box121
\tcb@phantombox=\box122
\c@tcbbreakpart=\count506
\c@tcblayer=\count507
\c@tcolorbox@number=\count508
\tcb@temp=\box123
\tcb@temp=\box124
\tcb@temp=\box125
\tcb@temp=\box126
 (C:\Users\Ignacio Lembo\AppData\Local\Programs\MiKTeX\tex/latex/tcolorbox\tcbraster.code.tex
Library (tcolorbox): 'tcbraster.code.tex' version '5.1.1'
\c@tcbrastercolumn=\count509
\c@tcbrasterrow=\count510
\c@tcbrasternum=\count511
\c@tcbraster=\count512
) (C:\Users\Ignacio Lembo\AppData\Local\Programs\MiKTeX\tex/latex/tcolorbox\tcbskins.code.tex
Library (tcolorbox): 'tcbskins.code.tex' version '5.1.1'
\tcb@waterbox=\box127
(C:\Users\Ignacio Lembo\AppData\Local\Programs\MiKTeX\tex/latex/tcolorbox\tcbskinsjigsaw.code.tex
Library (tcolorbox): 'tcbskinsjigsaw.code.tex' version '5.1.1'
)) (C:\Users\Ignacio Lembo\AppData\Local\Programs\MiKTeX\tex/latex/tcolorbox\tcbbreakable.code.tex
Library (tcolorbox): 'tcbbreakable.code.tex' version '5.1.1'
(C:\Users\Ignacio Lembo\AppData\Local\Programs\MiKTeX\tex/latex/pdfcol\pdfcol.sty
Package: pdfcol 2022-09-21 v1.7 Handle new color stacks for pdfTeX (HO)
)
Package pdfcol Info: New color stack `tcb@breakable' = 1 on input line 23.
\tcb@testbox=\box128
\tcb@totalupperbox=\box129
\tcb@totallowerbox=\box130
) (C:\Users\Ignacio Lembo\AppData\Local\Programs\MiKTeX\tex/latex/tcolorbox\tcbhooks.code.tex
Library (tcolorbox): 'tcbhooks.code.tex' version '5.1.1'
) (C:\Users\Ignacio Lembo\AppData\Local\Programs\MiKTeX\tex/latex/tcolorbox\tcbtheorems.code.tex
Library (tcolorbox): 'tcbtheorems.code.tex' version '5.1.1'
) (C:\Users\Ignacio Lembo\AppData\Local\Programs\MiKTeX\tex/latex/tcolorbox\tcbfitting.code.tex
Library (tcolorbox): 'tcbfitting.code.tex' version '5.1.1'
\tcbfitdim=\dimen325
\tcb@lowerfitdim=\dimen326
\tcb@upperfitdim=\dimen327
\tcb@cur@hbadness=\count513
)) (C:\Users\Ignacio Lembo\AppData\Local\Programs\MiKTeX\tex/generic/pgf/frontendlayer/tikz/libraries\tikzlibrarycalc.code.tex
File: tikzlibrarycalc.code.tex 2021/05/15 v3.1.9a (3.1.9a)
)
\c@tcb@cnt@resultados=\count514
 (C:\Users\Ignacio Lembo\AppData\Local\Programs\MiKTeX\tex/latex/base\fontenc.sty
Package: fontenc 2021/04/29 v2.0v Standard LaTeX package
) (C:\Users\Ignacio Lembo\AppData\Local\Programs\MiKTeX\tex/latex/fncychap\fncychap.sty
Package: fncychap 2007/07/30 v1.34 LaTeX package (Revised chapters)
\RW=\skip127
\mylen=\skip128
\myhi=\skip129
\px=\skip130
\py=\skip131
\pyy=\skip132
\pxx=\skip133
)
Package hyperref Info: Option `colorlinks' set `true' on input line 311.
Package csquotes Info: Checking for multilingual support...
Package csquotes Info: ... found 'babel' package.
Package csquotes Info: Adjusting default style.
Package csquotes Info: Redefining alias 'default' -> 'spanish'.


Package biblatex Warning: Patching footnotes failed.
(biblatex)                Footnote detection will not work.

(c:\Users\Ignacio Lembo\Documents\Repositorios\Instituto_Balseiro\Matematica_Sistemas_Biologicos\practica_2\TP2_MSB_IgnacioLembo\build\main.aux
LaTeX Info: Redefining \. on input line 26.
LaTeX Info: Redefining \% on input line 26.


LaTeX Warning: Label `fig:sen' multiply defined.


LaTeX Warning: Label `fig:sen' multiply defined.


LaTeX Warning: Label `fig:sen' multiply defined.


LaTeX Warning: Label `fig:sen' multiply defined.


LaTeX Warning: Label `fig:sen' multiply defined.


LaTeX Warning: Label `fig:sen' multiply defined.


LaTeX Warning: Label `fig:sen' multiply defined.


LaTeX Warning: Label `fig:sen' multiply defined.


LaTeX Warning: Label `fig:sen' multiply defined.


LaTeX Warning: Label `fig:sen' multiply defined.


LaTeX Warning: Label `fig:sen' multiply defined.


LaTeX Warning: Label `fig:sen' multiply defined.


LaTeX Warning: Label `fig:sen' multiply defined.


LaTeX Warning: Label `fig:sen' multiply defined.


LaTeX Warning: Label `fig:sen' multiply defined.


LaTeX Warning: Label `fig:sen' multiply defined.

)
\openout1 = `main.aux'.

LaTeX Font Info:    Checking defaults for OML/cmm/m/it on input line 317.
LaTeX Font Info:    ... okay on input line 317.
LaTeX Font Info:    Checking defaults for OMS/cmsy/m/n on input line 317.
LaTeX Font Info:    ... okay on input line 317.
LaTeX Font Info:    Checking defaults for OT1/cmr/m/n on input line 317.
LaTeX Font Info:    ... okay on input line 317.
LaTeX Font Info:    Checking defaults for T1/cmr/m/n on input line 317.
LaTeX Font Info:    ... okay on input line 317.
LaTeX Font Info:    Checking defaults for TS1/cmr/m/n on input line 317.
LaTeX Font Info:    ... okay on input line 317.
LaTeX Font Info:    Checking defaults for OMX/cmex/m/n on input line 317.
LaTeX Font Info:    ... okay on input line 317.
LaTeX Font Info:    Checking defaults for U/cmr/m/n on input line 317.
LaTeX Font Info:    ... okay on input line 317.
LaTeX Font Info:    Checking defaults for PD1/pdf/m/n on input line 317.
LaTeX Font Info:    ... okay on input line 317.
LaTeX Font Info:    Checking defaults for PU/pdf/m/n on input line 317.
LaTeX Font Info:    ... okay on input line 317.

*geometry* driver: auto-detecting
*geometry* detected driver: pdftex
*geometry* verbose mode - [ preamble ] result:
* driver: pdftex
* paper: a4paper
* layout: <same size as paper>
* layoutoffset:(h,v)=(0.0pt,0.0pt)
* modes: twoside asymmetric 
* h-part:(L,W,R)=(70.56284pt, 304.44447pt, 222.50056pt)
* v-part:(T,H,B)=(77.96053pt, 686.0pt, 81.08632pt)
* \paperwidth=597.50787pt
* \paperheight=845.04684pt
* \textwidth=304.44447pt
* \textheight=686.0pt
* \oddsidemargin=-1.70715pt
* \evensidemargin=-1.70715pt
* \topmargin=-36.30946pt
* \headheight=14.0pt
* \headsep=28.0pt
* \topskip=10.0pt
* \footskip=25.29494pt
* \marginparwidth=140.5566pt
* \marginparsep=23.33124pt
* \columnsep=10.0pt
* \skip\footins=9.0pt plus 4.0pt minus 2.0pt
* \hoffset=0.0pt
* \voffset=0.0pt
* \mag=1000
* \@twocolumnfalse
* \@twosidetrue
* \@mparswitchfalse
* \@reversemarginfalse
* (1in=72.27pt=25.4mm, 1cm=28.453pt)

\langwohyphens=\language81
(C:\Users\Ignacio Lembo\AppData\Local\Programs\MiKTeX\tex/context/base/mkii\supp-pdf.mkii
[Loading MPS to PDF converter (version 2006.09.02).]
\scratchcounter=\count515
\scratchdimen=\dimen328
\scratchbox=\box131
\nofMPsegments=\count516
\nofMParguments=\count517
\everyMPshowfont=\toks52
\MPscratchCnt=\count518
\MPscratchDim=\dimen329
\MPnumerator=\count519
\makeMPintoPDFobject=\count520
\everyMPtoPDFconversion=\toks53
) (C:\Users\Ignacio Lembo\AppData\Local\Programs\MiKTeX\tex/latex/epstopdf-pkg\epstopdf-base.sty
Package: epstopdf-base 2020-01-24 v2.11 Base part for package epstopdf
 (C:\Users\Ignacio Lembo\AppData\Local\Programs\MiKTeX\tex/latex/grfext\grfext.sty
Package: grfext 2019/12/03 v1.3 Manage graphics extensions (HO)
)
Package epstopdf-base Info: Redefining graphics rule for `.eps' on input line 485.
Package grfext Info: Graphics extension search list:
(grfext)             [.pdf,.png,.jpg,.mps,.jpeg,.jbig2,.jb2,.PDF,.PNG,.JPG,.JPEG,.JBIG2,.JB2,.eps]
(grfext)             \AppendGraphicsExtensions on input line 504.
 (C:\Users\Ignacio Lembo\AppData\Local\Programs\MiKTeX\tex/latex/00miktex\epstopdf-sys.cfg
File: epstopdf-sys.cfg 2021/03/18 v2.0 Configuration of epstopdf for MiKTeX
))
LaTeX Info: Redefining \. on input line 317.
LaTeX Info: Redefining \% on input line 317.
Package caption Info: Begin \AtBeginDocument code.
Package caption Info: hyperref package is loaded.
Package caption Info: End \AtBeginDocument code.
Package hyperref Info: Link coloring ON on input line 317.
 (c:\Users\Ignacio Lembo\Documents\Repositorios\Instituto_Balseiro\Matematica_Sistemas_Biologicos\practica_2\TP2_MSB_IgnacioLembo\build\main.out) (c:\Users\Ignacio Lembo\Documents\Repositorios\Instituto_Balseiro\Matematica_Sistemas_Biologicos\practica_2\TP2_MSB_IgnacioLembo\build\main.out)
\@outlinefile=\write6
\openout6 = `main.out'.

Package biblatex Info: Trying to load language 'spanish'...
Package biblatex Info: ... file 'spanish.lbx' found.
 (C:\Users\Ignacio Lembo\AppData\Local\Programs\MiKTeX\tex/latex/biblatex/lbx\spanish.lbx
File: spanish.lbx 2022/07/12 v3.18b biblatex localization (PK/MW)
)
Package biblatex Info: Input encoding 'utf8' detected.
Package biblatex Info: Automatic encoding selection.
(biblatex)             Assuming data encoding 'utf8'.
\openout4 = `main.bcf'.

Package biblatex Info: Trying to load bibliographic data...
Package biblatex Info: ... file 'main.bbl' found.
 (c:\Users\Ignacio Lembo\Documents\Repositorios\Instituto_Balseiro\Matematica_Sistemas_Biologicos\practica_2\TP2_MSB_IgnacioLembo\build\main.bbl)
Package biblatex Info: Reference section=0 on input line 317.
Package biblatex Info: Reference segment=0 on input line 317.
 (C:\Users\Ignacio Lembo\AppData\Local\Programs\MiKTeX\tex/latex/pdflscape\pdflscape.sty
Package: pdflscape 2022-10-27 v0.13 Display of landscape pages in PDF
 (C:\Users\Ignacio Lembo\AppData\Local\Programs\MiKTeX\tex/latex/pdflscape\pdflscape-nometadata.sty
Package: pdflscape-nometadata 2022-10-28 v0.13 Display of landscape pages in PDF (HO)
 (C:\Users\Ignacio Lembo\AppData\Local\Programs\MiKTeX\tex/latex/graphics\lscape.sty
Package: lscape 2020/05/28 v3.02 Landscape Pages (DPC)
)
Package pdflscape Info: Auto-detected driver: pdftex on input line 81.
))
<cover1.pdf, id=10, 597.432pt x 845.07718pt>
File: cover1.pdf Graphic file (type pdf)
<use cover1.pdf>
Package pdftex.def Info: cover1.pdf  used on input line 321.
(pdftex.def)             Requested size: 304.44926pt x 430.64839pt.
File: cover1.pdf Graphic file (type pdf)
<use cover1.pdf>
Package pdftex.def Info: cover1.pdf  used on input line 321.
(pdftex.def)             Requested size: 304.44926pt x 430.64839pt.
<cover1.pdf, id=13, page=1, 597.432pt x 845.07718pt>
File: cover1.pdf Graphic file (type pdf)
<use cover1.pdf, page 1>
Package pdftex.def Info: cover1.pdf , page1 used on input line 321.
(pdftex.def)             Requested size: 597.43054pt x 845.07512pt.
File: cover1.pdf Graphic file (type pdf)
<use cover1.pdf, page 1>
Package pdftex.def Info: cover1.pdf , page1 used on input line 321.
(pdftex.def)             Requested size: 597.47612pt x 845.13959pt.
File: cover1.pdf Graphic file (type pdf)
<use cover1.pdf, page 1>
Package pdftex.def Info: cover1.pdf , page1 used on input line 321.
(pdftex.def)             Requested size: 597.47612pt x 845.13959pt.
File: cover1.pdf Graphic file (type pdf)
<use cover1.pdf, page 1>
Package pdftex.def Info: cover1.pdf , page1 used on input line 321.
(pdftex.def)             Requested size: 597.47612pt x 845.13959pt.
File: cover1.pdf Graphic file (type pdf)
<use cover1.pdf, page 1>
Package pdftex.def Info: cover1.pdf , page1 used on input line 321.
(pdftex.def)             Requested size: 597.47612pt x 845.13959pt.
 [1


 <./cover1.pdf>] [2

] (ej1.tex
Cap\'{\i }tulo 1.
LaTeX Font Info:    Trying to load font information for OT1+ptm on input line 1.
(C:\Users\Ignacio Lembo\AppData\Local\Programs\MiKTeX\tex/latex/psnfss\ot1ptm.fd
File: ot1ptm.fd 2001/06/04 font definitions for OT1/ptm.
)
Overfull \hbox (10.0pt too wide) in paragraph at lines 1--1
[][][][][][][][][]  
 []

LaTeX Font Info:    Trying to load font information for T1+phv on input line 1.
(C:\Users\Ignacio Lembo\AppData\Local\Programs\MiKTeX\tex/latex/psnfss\t1phv.fd
File: t1phv.fd 2020/03/25 scalable font definitions for T1/phv.
)
LaTeX Font Info:    Font shape `T1/phv/m/n' will be
(Font)              scaled to size 21.59985pt on input line 1.
LaTeX Font Info:    Font shape `T1/phv/b/n' will be
(Font)              scaled to size 21.59985pt on input line 1.
LaTeX Font Info:    Font shape `T1/phv/m/n' will be
(Font)              scaled to size 8.99994pt on input line 3.
LaTeX Font Info:    Font shape `T1/phv/m/n' will be
(Font)              scaled to size 12.9599pt on input line 3.
LaTeX Font Info:    Font shape `T1/phv/m/n' will be
(Font)              scaled to size 18.66588pt on input line 3.
LaTeX Font Info:    Trying to load font information for OT1+pplx on input line 7.
 (C:\Users\Ignacio Lembo\AppData\Local\Programs\MiKTeX\tex/latex/psnfss\ot1pplx.fd
File: ot1pplx.fd 2004/09/06 font definitions for OT1/pplx.
)
LaTeX Font Info:    Trying to load font information for OML+zplm on input line 7.
 (C:\Users\Ignacio Lembo\AppData\Local\Programs\MiKTeX\tex/latex/psnfss\omlzplm.fd
File: omlzplm.fd 2002/09/08 Fontinst v1.914 font definitions for OML/zplm.
)
LaTeX Font Info:    Trying to load font information for OMS+zplm on input line 7.
 (C:\Users\Ignacio Lembo\AppData\Local\Programs\MiKTeX\tex/latex/psnfss\omszplm.fd
File: omszplm.fd 2002/09/08 Fontinst v1.914 font definitions for OMS/zplm.
)
LaTeX Font Info:    Trying to load font information for OMX+zplm on input line 7.
 (C:\Users\Ignacio Lembo\AppData\Local\Programs\MiKTeX\tex/latex/psnfss\omxzplm.fd
File: omxzplm.fd 2002/09/08 Fontinst v1.914 font definitions for OMX/zplm.
)
LaTeX Font Info:    Trying to load font information for OT1+zplm on input line 7.
 (C:\Users\Ignacio Lembo\AppData\Local\Programs\MiKTeX\tex/latex/psnfss\ot1zplm.fd
File: ot1zplm.fd 2002/09/08 Fontinst v1.914 font definitions for OT1/zplm.
)
LaTeX Font Info:    Font shape `U/msa/m/n' will be
(Font)              scaled to size 10.42007pt on input line 7.
LaTeX Font Info:    Font shape `U/msa/m/n' will be
(Font)              scaled to size 7.91925pt on input line 7.
LaTeX Font Info:    Font shape `U/msa/m/n' will be
(Font)              scaled to size 6.25204pt on input line 7.
LaTeX Font Info:    Font shape `U/msb/m/n' will be
(Font)              scaled to size 10.42007pt on input line 7.
LaTeX Font Info:    Font shape `U/msb/m/n' will be
(Font)              scaled to size 7.91925pt on input line 7.
LaTeX Font Info:    Font shape `U/msb/m/n' will be
(Font)              scaled to size 6.25204pt on input line 7.
<Im/3653b705a42ad6a980fc834e6ca39875.jpg, id=40, 642.4pt x 481.8pt>
File: Im/3653b705a42ad6a980fc834e6ca39875.jpg Graphic file (type jpg)
<use Im/3653b705a42ad6a980fc834e6ca39875.jpg>
Package pdftex.def Info: Im/3653b705a42ad6a980fc834e6ca39875.jpg  used on input line 28.
(pdftex.def)             Requested size: 182.72322pt x 137.0424pt.

Overfull \hbox (42.16663pt too wide) in paragraph at lines 26--29
 [] 
 []


Underfull \hbox (badness 10000) in paragraph at lines 29--29
[]\T1/pplj/m/n/10 Figura 1.1: |Agu-je-ro ne-gro de
 []


Underfull \hbox (badness 10000) in paragraph at lines 29--29
\T1/pplj/m/n/10 Reissner-Nordstrm, ima-gen
 []

<Im/27c518672e8aa2b372107cca7726603f.jpg, id=41, 712.1004pt x 371.4678pt>
File: Im/27c518672e8aa2b372107cca7726603f.jpg Graphic file (type jpg)
<use Im/27c518672e8aa2b372107cca7726603f.jpg>
Package pdftex.def Info: Im/27c518672e8aa2b372107cca7726603f.jpg  used on input line 37.
(pdftex.def)             Requested size: 182.71867pt x 95.31535pt.

Overfull \hbox (42.16208pt too wide) in paragraph at lines 35--38
 [] 
 []


Underfull \hbox (badness 10000) in paragraph at lines 38--38
[]\T1/pplj/m/n/10 Figura 1.2: |Re-pre-sen-ta-cin de
 []


LaTeX Warning: Marginpar on page 3 moved.

[3

{C:/Users/Ignacio Lembo/AppData/Local/MiKTeX/fonts/map/pdftex/pdftex.map} <./Im/3653b705a42ad6a980fc834e6ca39875.jpg> <./Im/27c518672e8aa2b372107cca7726603f.jpg>]
<Im/gravuniv.png, id=58, 963.6pt x 722.7pt>
File: Im/gravuniv.png Graphic file (type png)
<use Im/gravuniv.png>
Package pdftex.def Info: Im/gravuniv.png  used on input line 64.
(pdftex.def)             Requested size: 182.71832pt x 137.03873pt.

Overfull \hbox (42.16173pt too wide) in paragraph at lines 62--65
 [] 
 []


Underfull \hbox (badness 10000) in paragraph at lines 65--65
[]\T1/pplj/m/n/10 Figura 1.3: |Ley de Gra-vi-ta-cin
 []

LaTeX Font Info:    Font shape `U/msa/m/n' will be
(Font)              scaled to size 8.33606pt on input line 73.
LaTeX Font Info:    Font shape `U/msa/m/n' will be
(Font)              scaled to size 5.21004pt on input line 73.
LaTeX Font Info:    Font shape `U/msb/m/n' will be
(Font)              scaled to size 8.33606pt on input line 73.
LaTeX Font Info:    Font shape `U/msb/m/n' will be
(Font)              scaled to size 5.21004pt on input line 73.

LaTeX Warning: Marginpar on page 4 moved.


LaTeX Warning: Marginpar on page 4 moved.

<Im/curvatura aceleracion.png, id=60, 817.0525pt x 548.0475pt>
File: Im/curvatura aceleracion.png Graphic file (type png)
<use Im/curvatura aceleracion.png>
Package pdftex.def Info: Im/curvatura aceleracion.png  used on input line 80.
(pdftex.def)             Requested size: 213.10187pt x 142.94055pt.
<Im/happiestthought.png, id=61, 963.6pt x 722.7pt>
File: Im/happiestthought.png Graphic file (type png)
<use Im/happiestthought.png>
Package pdftex.def Info: Im/happiestthought.png  used on input line 89.
(pdftex.def)             Requested size: 182.71832pt x 137.03873pt.

Overfull \hbox (42.16173pt too wide) in paragraph at lines 87--90
 [] 
 []


Underfull \hbox (badness 10000) in paragraph at lines 90--90
[]\T1/pplj/m/n/10 Figura 1.4: |El pin-tor en ca-da
 []


Underfull \hbox (badness 10000) in paragraph at lines 90--90
\T1/pplj/m/n/10 li-bre no ex-pe-ri-men-ta pe-so al-
 []


Underfull \hbox (badness 10000) in paragraph at lines 90--90
\T1/pplj/m/n/10 guno, mien-tras cae sien-te lo
 []


Underfull \hbox (badness 10000) in paragraph at lines 90--90
\T1/pplj/m/n/10 mis-mo que si es-tu-vie-ra flo-tan-
 []

[4 <./Im/gravuniv.png> <./Im/curvatura aceleracion.png> <./Im/happiestthought.png>]
Underfull \hbox (badness 10000) in paragraph at lines 102--103
[]\T1/pplj/m/n/10 Consideremos un ci-lin-dro que ro-ta uni-for-me-men-te a ve-lo-ci-
 []


Underfull \hbox (badness 10000) in paragraph at lines 102--103
\T1/pplj/m/n/10 dad $\OML/zplm/m/it/10 !$\T1/pplj/m/n/10 . Si rea-li-za-mos una me-di-cin des-de el sis-te-ma iner-cial
 []


Underfull \hbox (badness 10000) in paragraph at lines 102--103
\T1/pplj/m/n/10 del la-bo-ra-to-rio, me-di-re-mos un ra-dio $\OML/zplm/m/it/10 r$\T1/pplj/m/n/10 , y una cir-cun-fe-ren-cia
 []


Underfull \hbox (badness 10000) in paragraph at lines 105--106
[]\T1/pplj/m/n/10 Si, por otro la-do, me-di-mos des-de un sis-te-ma so-li-da-rio al
 []


Underfull \hbox (badness 10000) in paragraph at lines 105--106
\T1/pplj/m/n/10 ci-lin-dro, la \T1/pplj/b/n/10 con-trac-cin de Lo-rentz \T1/pplj/m/n/10 ha-r que las re-glas del
 []


Underfull \hbox (badness 10000) in paragraph at lines 105--106
\T1/pplj/m/n/10 bor-de, que se mue-ven con ve-lo-ci-dad tan-gen-cial a la cir-cun-
 []


Underfull \hbox (badness 10000) in paragraph at lines 105--106
\T1/pplj/m/n/10 la-do, al me-dir el ra-dio la ve-lo-ci-dad es per-pen-di-cu-lar a las
 []


Underfull \hbox (badness 10000) in paragraph at lines 107--108
[]\T1/pplj/m/n/10 Entonces, en nues-tro sis-te-ma ace-le-ra-do ya no va-le que
 []


Underfull \hbox (badness 10000) in paragraph at lines 107--108
\OML/zplm/m/it/10 c[] \OT1/zplm/m/n/10 = \OT1/pplx/m/n/10 2\OML/zplm/m/it/10 ^^Yr[]$\T1/pplj/m/n/10 . Es-to ya nos pue-de dar una idea de que en un
 []


Underfull \hbox (badness 10000) in paragraph at lines 107--108
\T1/pplj/m/n/10 es-pa-cio cur-va-do de-jan de ser v-li-das las re-la-cio-nes pro-pias
 []

<Im/Spinning-disk.svg.png, id=77, 1284.8pt x 852.18375pt>
File: Im/Spinning-disk.svg.png Graphic file (type png)
<use Im/Spinning-disk.svg.png>
Package pdftex.def Info: Im/Spinning-disk.svg.png  used on input line 112.
(pdftex.def)             Requested size: 95.88533pt x 63.59894pt.

Underfull \hbox (badness 10000) in paragraph at lines 115--115
[]\T1/pplj/m/n/10 Figura 1.5: |Ci-lin-dro que ro-ta
 []

<Im/220px-Ehrenfest-paradox-disk.svg.png, id=78, 220.825pt x 180.675pt>
File: Im/220px-Ehrenfest-paradox-disk.svg.png Graphic file (type png)
<use Im/220px-Ehrenfest-paradox-disk.svg.png>
Package pdftex.def Info: Im/220px-Ehrenfest-paradox-disk.svg.png  used on input line 119.
(pdftex.def)             Requested size: 91.33403pt x 74.72784pt.

Underfull \hbox (badness 10000) in paragraph at lines 122--122
[]\T1/pplj/m/n/10 Figura 1.6: |Las re-glas en el
 []


Underfull \hbox (badness 10000) in paragraph at lines 122--122
\T1/pplj/m/n/10 sis-te-ma la-bo-ra-to-rio mi-den una
 []


Underfull \hbox (badness 10000) in paragraph at lines 122--122
\T1/pplj/m/n/10 cir-cun-fe-ren-cia dis-tin-ta a las del
 []

LaTeX Info: Redefining \. on input line 127.
LaTeX Info: Redefining \% on input line 127.
[5 <./Im/Spinning-disk.svg.png> <./Im/220px-Ehrenfest-paradox-disk.svg.png>]

LaTeX Warning: Marginpar on page 6 moved.


LaTeX Warning: Marginpar on page 6 moved.

<Im/sistsolar.png, id=89, 1394.20876pt x 813.0375pt>
File: Im/sistsolar.png Graphic file (type png)
<use Im/sistsolar.png>
Package pdftex.def Info: Im/sistsolar.png  used on input line 133.
(pdftex.def)             Requested size: 182.72139pt x 106.5546pt.

Overfull \hbox (42.1648pt too wide) in paragraph at lines 131--134
 [] 
 []


Underfull \hbox (badness 10000) in paragraph at lines 134--134
[]\T1/pplj/m/n/10 Figura 1.7: |La ma-sa del Sol
 []


Underfull \hbox (badness 10000) in paragraph at lines 134--134
\T1/pplj/m/n/10 cur-va el espacio-tiempo, y
 []


Underfull \hbox (badness 10000) in paragraph at lines 134--134
\T1/pplj/m/n/10 la Tie-rra se mue-ve en una
 []


Underfull \hbox (badness 10000) in paragraph at lines 134--134
\T1/pplj/m/n/10 geo-d-si-ca a tra-vs de es-te
 []


LaTeX Warning: Marginpar on page 6 moved.

[6 <./Im/sistsolar.png>]
Underfull \hbox (badness 10000) in paragraph at lines 143--143
[]| \T1/phv/m/n/20.74 De-ta-lles del Prin-ci-pio de
 []

<Im/equiv.png, id=96, 937.5025pt x 642.4pt>
File: Im/equiv.png Graphic file (type png)
<use Im/equiv.png>
Package pdftex.def Info: Im/equiv.png  used on input line 155.
(pdftex.def)             Requested size: 182.71927pt x 125.20378pt.

Overfull \hbox (42.16267pt too wide) in paragraph at lines 153--156
 [] 
 []


Underfull \hbox (badness 10000) in paragraph at lines 156--156
[]\T1/pplj/m/n/10 Figura 1.8: |Prin-ci-pio de Equi-
 []


Underfull \hbox (badness 10000) in paragraph at lines 156--156
\T1/pplj/m/n/10 va-len-cia: lx cos-mo-nau-ta o
 []


Underfull \hbox (badness 10000) in paragraph at lines 156--156
\T1/pplj/m/n/10 pue-de dis-tin-guir si es-t en un
 []


Underfull \hbox (badness 10000) in paragraph at lines 156--156
\T1/pplj/m/n/10 as-cen-sor ace-le-rn-do-se ha-cia
 []


Underfull \hbox (badness 10000) in paragraph at lines 156--156
\T1/pplj/m/n/10 arri-ba en el es-pa-cio, o en un
 []


Underfull \hbox (badness 10000) in paragraph at lines 156--156
\T1/pplj/m/n/10 cam-po gra-vi-ta-to-rio en re-po-so
 []


LaTeX Warning: Marginpar on page 7 moved.


LaTeX Warning: Marginpar on page 7 moved.

<Im/tidal.png, id=97, 872.50969pt x 428.35031pt>
File: Im/tidal.png Graphic file (type png)
<use Im/tidal.png>
Package pdftex.def Info: Im/tidal.png  used on input line 167.
(pdftex.def)             Requested size: 304.43771pt x 149.46078pt.

Underfull \hbox (badness 10000) in paragraph at lines 167--170
[][]
 []


Underfull \hbox (badness 10000) in paragraph at lines 167--170

 []


Underfull \hbox (badness 10000) in paragraph at lines 170--170
[]\T1/pplj/m/n/10 Figura 1.9: |Si arro-j-ra-mos cua-
 []


Underfull \hbox (badness 10000) in paragraph at lines 170--170
\T1/pplj/m/n/10 tro ma-sas ha-cia la Tie-rra, la
 []


Underfull \hbox (badness 10000) in paragraph at lines 170--170
\T1/pplj/m/n/10 no-uniformidad del cam-po
 []


Underfull \hbox (badness 10000) in paragraph at lines 170--170
\T1/pplj/m/n/10 gra-vi-ta-to-rio real ha-ra que
 []


Underfull \hbox (badness 10000) in paragraph at lines 170--170
\T1/pplj/m/n/10 las ma-sas de los cos-ta-dos se
 []


Underfull \hbox (badness 10000) in paragraph at lines 170--170
\T1/pplj/m/n/10 acer-quen, y que las de arri-ba y
 []


Underfull \hbox (badness 10000) in paragraph at lines 170--170
\T1/pplj/m/n/10 aba-jo se ale-jen gra-dual-men-te.
 []


Underfull \hbox (badness 10000) in paragraph at lines 170--170
\T1/pplj/m/n/10 A es-to se lo de-no-mi-na \T1/pplj/b/n/10 fuer-zas
 []


Underfull \hbox (badness 10000) in paragraph at lines 170--170
\T1/pplj/b/n/10 de ma-rea\T1/pplj/m/n/10 , y no pue-de re-crear-se
 []


Underfull \hbox (badness 10000) in paragraph at lines 170--170
\T1/pplj/m/n/10 en un sis-te-ma que flo-ta le-
 []


Underfull \hbox (badness 10000) in paragraph at lines 170--170
\T1/pplj/m/n/10 jos de cual-quier in-ter-ac-cin
 []

LaTeX Info: Redefining \. on input line 175.
LaTeX Info: Redefining \% on input line 175.
[7 <./Im/equiv.png> <./Im/tidal.png>] [8]

LaTeX Warning: Marginpar on page 9 moved.


LaTeX Warning: Marginpar on page 9 moved.


LaTeX Warning: Marginpar on page 9 moved.


Underfull \hbox (badness 10000) in paragraph at lines 196--197
[]\T1/pplj/m/n/10 Las lon-gi-tu-des de $\OT1/pplx/b/n/10 e[]$ \T1/pplj/m/n/10 y $\OT1/pplx/b/n/10 e[]$ \T1/pplj/m/n/10 son ta-les que el vec-tor des-pla-za-mien-to $\OML/zplm/m/it/10 d\OT1/pplx/b/n/10 s$ \T1/pplj/m/n/10 que va de $\OMS/zplm/m/n/10 P\OT1/zplm/m/n/10 (\OML/zplm/m/it/10 u\OT1/pplx/m/n/10 , \OML/zplm/m/it/10 w\OT1/zplm/m/n/10 )$ \T1/pplj/m/n/10 a un
 []

<Im/coord.png, id=114, 800.9925pt x 319.1925pt>
File: Im/coord.png Graphic file (type png)
<use Im/coord.png>
Package pdftex.def Info: Im/coord.png  used on input line 199.
(pdftex.def)             Requested size: 437.03947pt x 174.15858pt.
LaTeX Info: Redefining \. on input line 209.
LaTeX Info: Redefining \% on input line 209.
[9 <./Im/coord.png>]
<Im/bote.png, id=121, 554.07pt x 644.4075pt>
File: Im/bote.png Graphic file (type png)
<use Im/bote.png>
Package pdftex.def Info: Im/bote.png  used on input line 215.
(pdftex.def)             Requested size: 182.7253pt x 212.51747pt.

Overfull \hbox (42.1687pt too wide) in paragraph at lines 213--216
 [] 
 []


Underfull \hbox (badness 10000) in paragraph at lines 216--216
[]\T1/pplj/m/n/10 Figura 1.10: |Whee-ler y Tay-lor
 []


Underfull \hbox (badness 10000) in paragraph at lines 216--216
\T1/pplj/m/n/10 ex-pli-can que po-de-mos es-tu-diar
 []


Underfull \hbox (badness 10000) in paragraph at lines 216--216
\T1/pplj/m/n/10 la geo-me-tra de un es-pa-cio
 []


Underfull \hbox (badness 10000) in paragraph at lines 216--216
\T1/pplj/m/n/10 co-lo-can-do 'cla-vos' (even-tos) y
 []


Underfull \hbox (badness 10000) in paragraph at lines 216--216
\T1/pplj/m/n/10 ano-tan-do las dis-tan-cias en-tre
 []


LaTeX Warning: Marginpar on page 10 moved.

[10 <./Im/bote.png>]

LaTeX Warning: Marginpar on page 11 moved.

<Im/persistenceofmemory1931.jpg, id=133, 622.325pt x 418.56375pt>
File: Im/persistenceofmemory1931.jpg Graphic file (type jpg)
<use Im/persistenceofmemory1931.jpg>
Package pdftex.def Info: Im/persistenceofmemory1931.jpg  used on input line 284.
(pdftex.def)             Requested size: 182.72015pt x 122.89403pt.

Overfull \hbox (42.16356pt too wide) in paragraph at lines 282--285
 [] 
 []


Underfull \hbox (badness 10000) in paragraph at lines 285--285
[]\T1/pplj/m/n/10 Figura 1.11: |\T1/pplj/m/it/10 La per-sis-ten-cia de la
 []

<Im/curve3d.png, id=134, 995.21812pt x 603.75563pt>
File: Im/curve3d.png Graphic file (type png)
<use Im/curve3d.png>
Package pdftex.def Info: Im/curve3d.png  used on input line 295.
(pdftex.def)             Requested size: 182.71538pt x 110.84547pt.

Overfull \hbox (42.15878pt too wide) in paragraph at lines 293--296
 [] 
 []


Underfull \hbox (badness 10000) in paragraph at lines 296--296
[]\T1/pplj/m/n/10 Figura 1.12: |Una ma-ne-ra de
 []


Underfull \hbox (badness 10000) in paragraph at lines 296--296
\T1/pplj/m/n/10 vi-sua-li-zar un espacio-tiempo
 []


Underfull \hbox (badness 10000) in paragraph at lines 296--296
\T1/pplj/m/n/10 cur-vo, que es con-cep-tual-men-te
 []


Underfull \hbox (badness 10000) in paragraph at lines 296--296
\T1/pplj/m/n/10 ms acer-ta-da, aun-que no tan
 []


Underfull \hbox (badness 10000) in paragraph at lines 302--303
[]\T1/pplj/b/n/10 Se di-ce que un espacio-tiempo es-t \T1/pplj/b/it/10 cur-va-do \T1/pplj/b/n/10 cuan-do su
 []


Underfull \hbox (badness 10000) in paragraph at lines 302--303
\T1/pplj/b/n/10 ten-sor m-tri-co no pue-de re-du-cir-se al del es-pa-cio de Min-
 []


LaTeX Warning: Marginpar on page 11 moved.


LaTeX Warning: Marginpar on page 11 moved.


Underfull \vbox (badness 2165) has occurred while \output is active []

LaTeX Info: Redefining \. on input line 309.
LaTeX Info: Redefining \% on input line 309.
 [11 <./Im/persistenceofmemory1931.jpg> <./Im/curve3d.png>]
Underfull \hbox (badness 10000) in paragraph at lines 336--337
[]\T1/pplj/b/n/10 Tensor con-tra-va-rian-te $\OML/zplm/m/it/10 A[]$\T1/pplj/m/n/10 , cu-yas com-po-nen-tes tras-
 []


Underfull \hbox (badness 10000) in paragraph at lines 336--337
\T1/pplj/m/n/10 for-man co-mo los pro-duc-tos de las com-po-nen-tes de dos
 []


Underfull \hbox (badness 10000) in paragraph at lines 340--341
[]\T1/pplj/b/n/10 Tensor co-va-rian-te $\OML/zplm/m/it/10 A[]$\T1/pplj/m/n/10 , cu-yas com-po-nen-tes tras-for-man
 []


Underfull \hbox (badness 10000) in paragraph at lines 340--341
\T1/pplj/m/n/10 co-mo los pro-duc-tos de las com-po-nen-tes de dos vec-to-res
 []


Underfull \hbox (badness 10000) in paragraph at lines 344--345
[]\T1/pplj/b/n/10 Tensor mix-to $\OML/zplm/m/it/10 A[]$\T1/pplj/m/n/10 , cu-yas com-po-nen-tes tras-for-man co-
 []


Underfull \hbox (badness 10000) in paragraph at lines 344--345
\T1/pplj/m/n/10 mo los pro-duc-tos de las com-po-nen-tes de dos un vec-tor
 []


Underfull \vbox (badness 10000) has occurred while \output is active []

 [12]
LaTeX Info: Redefining \. on input line 350.
LaTeX Info: Redefining \% on input line 350.
 [13]
<Im/cambiocoord.png, id=159, 1052.43187pt x 808.52063pt>
File: Im/cambiocoord.png Graphic file (type png)
<use Im/cambiocoord.png>
Package pdftex.def Info: Im/cambiocoord.png  used on input line 370.
(pdftex.def)             Requested size: 182.71698pt x 140.37056pt.

Overfull \hbox (42.16039pt too wide) in paragraph at lines 368--371
 [] 
 []


Underfull \hbox (badness 10000) in paragraph at lines 371--371
[]\T1/pplj/m/n/10 Figura 1.13: |Al es-tu-diar la va-
 []


Underfull \hbox (badness 10000) in paragraph at lines 371--371
\T1/pplj/m/n/10 ria-cin de un cam-po vec-to-rial
 []


Underfull \hbox (badness 10000) in paragraph at lines 371--371
\T1/pplj/m/n/10 con coor-de-na-das cur-vi-l-neas,
 []


Underfull \hbox (badness 10000) in paragraph at lines 371--371
\T1/pplj/m/n/10 de-be-mos con-si-de-rar el cam-bio
 []


Underfull \hbox (badness 10000) in paragraph at lines 371--371
\T1/pplj/m/n/10 del pro-pio cam-po vec-to-rial, y
 []


Underfull \hbox (badness 10000) in paragraph at lines 371--371
\T1/pplj/m/n/10 tam-bin el cam-bio de los vec-
 []


Underfull \hbox (badness 10000) in paragraph at lines 384--385
[]\T1/pplj/m/n/10 Para un da-do pun-to $\OMS/zplm/m/n/10 P$ \T1/pplj/m/n/10 en un espacio-tiempo con vec-to-res
 []


Underfull \hbox (badness 10000) in paragraph at lines 384--385
\T1/pplj/m/n/10 de ba-se $\OT1/pplx/b/n/10 e[]$\T1/pplj/m/n/10 , de-fi-ni-mos los sm-bo-los de Chris-tof-fel co-mo los
 []

[14 <./Im/cambiocoord.png>]
<Im/parallel.png, id=169, 1445.4pt x 813.0375pt>
File: Im/parallel.png Graphic file (type png)
<use Im/parallel.png>
Package pdftex.def Info: Im/parallel.png  used on input line 395.
(pdftex.def)             Requested size: 182.70361pt x 102.77078pt.

Overfull \hbox (42.14702pt too wide) in paragraph at lines 393--396
 [] 
 []


Underfull \hbox (badness 10000) in paragraph at lines 396--396
[]\T1/pplj/m/n/10 Figura 1.14: |Trans-por-te pa-ra-le-
 []


Underfull \hbox (badness 10000) in paragraph at lines 396--396
\T1/pplj/m/n/10 lo de un vec-tor. Res-tan-do los
 []


Underfull \hbox (badness 10000) in paragraph at lines 396--396
\T1/pplj/m/n/10 vec-to-res de ca-da pun-ta ob-te-ne-
 []


Underfull \hbox (badness 10000) in paragraph at lines 396--396
\T1/pplj/m/n/10 mos c-mo cam-bia uno de los
 []


Underfull \hbox (badness 10000) in paragraph at lines 396--396
\T1/pplj/m/n/10 vec-to-res de la ba-se al va-riar la
 []

<Im/christoffel.png, id=170, 1445.4pt x 813.0375pt>
File: Im/christoffel.png Graphic file (type png)
<use Im/christoffel.png>
Package pdftex.def Info: Im/christoffel.png  used on input line 403.
(pdftex.def)             Requested size: 182.70361pt x 102.77078pt.

Overfull \hbox (42.14702pt too wide) in paragraph at lines 401--404
 [] 
 []


Underfull \hbox (badness 10000) in paragraph at lines 404--404
[]\T1/pplj/m/n/10 Figura 1.15: |Los sm-bo-los de
 []


Underfull \hbox (badness 10000) in paragraph at lines 404--404
\T1/pplj/m/n/10 Chris-tof-fel re-pre-sen-tan c-mo
 []


Underfull \hbox (badness 10000) in paragraph at lines 404--404
\T1/pplj/m/n/10 cam-bian los vec-to-res de la ba-se
 []


Underfull \hbox (badness 10000) in paragraph at lines 404--404
\T1/pplj/m/n/10 al des-pla-zar-nos en el mis-mo
 []


Underfull \hbox (badness 10000) in paragraph at lines 404--404
\T1/pplj/m/n/10 es-pa-cio, en las mis-mas coor-de-
 []


Underfull \hbox (badness 10000) in paragraph at lines 404--404
\T1/pplj/m/n/10 na-das que es-ta-mos uti-li-zan-do.
 []


Underfull \hbox (badness 10000) in paragraph at lines 404--404
\T1/pplj/m/n/10 Ne-ce-si-ta-mos tres n-di-ces, por-
 []


Underfull \hbox (badness 10000) in paragraph at lines 404--404
\T1/pplj/m/n/10 que uno re-pre-sen-ta cul es el
 []


Underfull \hbox (badness 10000) in paragraph at lines 404--404
\T1/pplj/m/n/10 vec-tor $\OT1/pplx/b/n/10 e[]$ \T1/pplj/m/n/10 que es-ta-mos es-tu-
 []


Underfull \hbox (badness 10000) in paragraph at lines 404--404
\T1/pplj/m/n/10 dian-do, otro in-di-ca cul es la
 []


Underfull \hbox (badness 10000) in paragraph at lines 404--404
\T1/pplj/m/n/10 coor-de-na-da $\OML/zplm/m/it/10 x[]$ \T1/pplj/m/n/10 que hi-ci-mos
 []


Underfull \hbox (badness 10000) in paragraph at lines 404--404
\T1/pplj/m/n/10 va-riar, y el l-ti-mo cul es la
 []


Underfull \hbox (badness 10000) in paragraph at lines 404--404
\T1/pplj/m/n/10 com-po-nen-te de la pro-pia va-ria-
 []


LaTeX Warning: Marginpar on page 15 moved.

<Im/muchoscristoffel.png, id=171, 1445.4pt x 813.0375pt>
File: Im/muchoscristoffel.png Graphic file (type png)
<use Im/muchoscristoffel.png>
Package pdftex.def Info: Im/muchoscristoffel.png  used on input line 411.
(pdftex.def)             Requested size: 182.70361pt x 102.77078pt.

Overfull \hbox (42.14702pt too wide) in paragraph at lines 409--412
 [] 
 []


Underfull \hbox (badness 10000) in paragraph at lines 412--412
[]\T1/pplj/m/n/10 Figura 1.16: |En dos di-men-
 []


Underfull \hbox (badness 10000) in paragraph at lines 412--412
\T1/pplj/m/n/10 sio-nes, hay 8 sm-bo-los de
 []


Underfull \hbox (badness 10000) in paragraph at lines 412--412
\T1/pplj/m/n/10 Chris-tof-fel pa-ra ca-da pun-to
 []


Underfull \hbox (badness 10000) in paragraph at lines 412--412
\T1/pplj/m/n/10 del es-pa-cio, de los cua-les 6 son
 []


LaTeX Warning: Marginpar on page 15 moved.


Underfull \hbox (badness 10000) in paragraph at lines 423--424
[]\T1/pplj/m/n/10 Definimos aho-ra el gra-dien-te ab-so-lu-to o de-ri-va-da co-va-rian-te
 []


Underfull \vbox (badness 2828) has occurred while \output is active []

LaTeX Info: Redefining \. on input line 456.
LaTeX Info: Redefining \% on input line 456.
 [15 <./Im/parallel.png> <./Im/christoffel.png> <./Im/muchoscristoffel.png>]

LaTeX Warning: Marginpar on page 16 moved.


Underfull \hbox (badness 10000) in paragraph at lines 482--483
[]\T1/pplj/m/n/10 Tiene 256 en-tra-das, pe-ro de-bi-do a las mu-chas si-me-tras
 []


Underfull \hbox (badness 10000) in paragraph at lines 483--484
[]\T1/pplj/m/n/10 Es \T1/pplj/b/n/10 nu-lo pa-ra es-pa-cios pla-nos\T1/pplj/m/n/10 , y \T1/pplj/b/n/10 no nu-lo pa-ra es-pa-cios
 []


Underfull \hbox (badness 10000) in paragraph at lines 483--484
\T1/pplj/b/n/10 cur-va-dos\T1/pplj/m/n/10 , lo que lo ha-ce la he-rra-mien-ta ideal pa-ra ana-li-
 []


Underfull \hbox (badness 10000) in paragraph at lines 490--491
[]\T1/pplj/m/n/10 Definimos al ten-sor de Ric-ci $\OML/zplm/m/it/10 R[]$ \T1/pplj/m/n/10 co-mo la \T1/pplj/b/n/10 con-trac-cin \T1/pplj/m/n/10 del
 []


Underfull \vbox (badness 3930) has occurred while \output is active []

 [16]
Underfull \hbox (badness 10000) in paragraph at lines 500--501
[]\T1/pplj/m/n/10 A su vez, de-fi-ni-mos el es-ca-lar de Ric-ci o es-ca-lar de cur-va-tu-ra
 []


Underfull \hbox (badness 10000) in paragraph at lines 505--506
[]\T1/pplj/m/n/10 Es in-tere-san-te por-que es-ta can-ti-dad es un \T1/pplj/b/n/10 es-ca-lar re-la-ti-vis-ta\T1/pplj/m/n/10 ,
 []

)
LaTeX Info: Redefining \. on input line 334.
LaTeX Info: Redefining \% on input line 334.
 [17] (c:\Users\Ignacio Lembo\Documents\Repositorios\Instituto_Balseiro\Matematica_Sistemas_Biologicos\practica_2\TP2_MSB_IgnacioLembo\build\main.aux
LaTeX Info: Redefining \sptext on input line 26.
LaTeX Info: Redefining \. on input line 26.
LaTeX Info: Redefining \% on input line 26.
)

LaTeX Warning: There were multiply-defined labels.

Package rerunfilecheck Info: File `main.out' has not changed.
(rerunfilecheck)             Checksum: A6E708FE9ADD351C25569C123E99C3B8;154.
Package logreq Info: Writing requests to 'main.run.xml'.
\openout1 = `main.run.xml'.

 ) 
Here is how much of TeX's memory you used:
 41762 strings out of 476406
 840189 string characters out of 2785756
 1886787 words of memory out of 3000000
 61272 multiletter control sequences out of 15000+600000
 595511 words of font info for 156 fonts, out of 8000000 for 9000
 1141 hyphenation exceptions out of 8191
 100i,17n,131p,1190b,1832s stack positions out of 10000i,1000n,20000p,200000b,80000s
{C:/Users/Ignacio Lembo/AppData/Local/Programs/MiKTeX/fonts/enc/dvips/base/8r.enc}<C:/Users/Ignacio Lembo/AppData/Local/Programs/MiKTeX/fonts/type1/public/amsfonts/cm/cmex10.pfb><C:/Users/Ignacio Lembo/AppData/Local/Programs/MiKTeX/fonts/type1/public/amsfonts/cm/cmmi10.pfb><C:/Users/Ignacio Lembo/AppData/Local/Programs/MiKTeX/fonts/type1/public/amsfonts/cm/cmr10.pfb><C:/Users/Ignacio Lembo/AppData/Local/Programs/MiKTeX/fonts/type1/public/amsfonts/cm/cmsy10.pfb><C:/Users/Ignacio Lembo/AppData/Local/Programs/MiKTeX/fonts/type1/public/fpl/fplbj8a.pfb><C:/Users/Ignacio Lembo/AppData/Local/Programs/MiKTeX/fonts/type1/public/mathpazo/fplmr.pfb><C:/Users/Ignacio Lembo/AppData/Local/Programs/MiKTeX/fonts/type1/public/mathpazo/fplmri.pfb><C:/Users/Ignacio Lembo/AppData/Local/Programs/MiKTeX/fonts/type1/public/fpl/fplrc8a.pfb><C:/Users/Ignacio Lembo/AppData/Local/Programs/MiKTeX/fonts/type1/urw/helvetic/uhvb8a.pfb><C:/Users/Ignacio Lembo/AppData/Local/Programs/MiKTeX/fonts/type1/urw/helvetic/uhvr8a.pfb><C:/Users/Ignacio Lembo/AppData/Local/Programs/MiKTeX/fonts/type1/urw/palatino/uplb8a.pfb><C:/Users/Ignacio Lembo/AppData/Local/Programs/MiKTeX/fonts/type1/urw/palatino/uplbi8a.pfb><C:/Users/Ignacio Lembo/AppData/Local/Programs/MiKTeX/fonts/type1/urw/palatino/uplr8a.pfb><C:/Users/Ignacio Lembo/AppData/Local/Programs/MiKTeX/fonts/type1/urw/palatino/uplri8a.pfb><C:/Users/Ignacio Lembo/AppData/Local/Programs/MiKTeX/fonts/type1/urw/times/utmr8a.pfb>
Output written on "c:\Users\Ignacio Lembo\Documents\Repositorios\Instituto_Balseiro\Matematica_Sistemas_Biologicos\practica_2\TP2_MSB_IgnacioLembo\build\main.pdf" (17 pages, 4938713 bytes).
PDF statistics:
 278 PDF objects out of 1000 (max. 8388607)
 63 named destinations out of 1000 (max. 500000)
 1155 words of extra memory for PDF output out of 10000 (max. 10000000)

