This is pdfTeX, Version 3.141592653-2.6-1.40.24 (MiKTeX 22.12) (preloaded format=pdflatex 2023.8.7)  6 MAR 2024 15:00
entering extended mode
 restricted \write18 enabled.
 file:line:error style messages enabled.
 %&-line parsing enabled.
**"c:/Users/Ignacio Lembo/Documents/GitHub/Instituto_Balseiro/Imagenes_Medicas/Practica_2/TP1_IgnacioLembo_IM_aa/main.tex"
(c:/Users/Ignacio Lembo/Documents/GitHub/Instituto_Balseiro/Imagenes_Medicas/Practica_2/TP1_IgnacioLembo_IM_aa/main.tex
LaTeX2e <2022-11-01> patch level 1
L3 programming layer <2022-12-17> (opticajnl.cls
Document Class: opticajnl 2022/06/16, v1.0
(C:\Users\Ignacio Lembo\AppData\Local\Programs\MiKTeX\tex/latex/extsizes\extarticle.cls
Document Class: extarticle 1996/10/08 v1.0 Non Standard LaTeX document class
(C:\Users\Ignacio Lembo\AppData\Local\Programs\MiKTeX\tex/latex/base\size11.clo
File: size11.clo 2022/07/02 v1.4n Standard LaTeX file (size option)
) (C:\Users\Ignacio Lembo\AppData\Local\Programs\MiKTeX\tex/latex/base\exscale.sty
Package: exscale 2018/09/24 v2.1i Standard LaTeX package exscale
LaTeX Font Info:    Redeclaring symbol font `largesymbols' on input line 57.
LaTeX Font Info:    Overwriting symbol font `largesymbols' in version `normal'
(Font)                  OMX/cmex/m/n --> OMX/cmex/m/n on input line 57.
LaTeX Font Info:    Overwriting symbol font `largesymbols' in version `bold'
(Font)                  OMX/cmex/m/n --> OMX/cmex/m/n on input line 57.
\big@size=\dimen140
)
\c@part=\count185
\c@section=\count186
\c@subsection=\count187
\c@subsubsection=\count188
\c@paragraph=\count189
\c@subparagraph=\count190
\c@figure=\count191
\c@table=\count192
\abovecaptionskip=\skip48
\belowcaptionskip=\skip49
\bibindent=\dimen141
) (C:\Users\Ignacio Lembo\AppData\Local\Programs\MiKTeX\tex/latex/base\inputenc.sty
Package: inputenc 2021/02/14 v1.3d Input encoding file
\inpenc@prehook=\toks16
\inpenc@posthook=\toks17
) (C:\Users\Ignacio Lembo\AppData\Local\Programs\MiKTeX\tex/generic/babel\babel.sty
Package: babel 2022/12/26 3.84 The Babel package
\babel@savecnt=\count193
\U@D=\dimen142
\l@unhyphenated=\language79
 (C:\Users\Ignacio Lembo\AppData\Local\Programs\MiKTeX\tex/generic/babel\txtbabel.def)
\bbl@readstream=\read2
\bbl@dirlevel=\count194

*************************************
* Local config file bblopts.cfg used
*
(C:\Users\Ignacio Lembo\AppData\Local\Programs\MiKTeX\tex/latex/arabi\bblopts.cfg
File: bblopts.cfg 2005/09/08 v0.1 add Arabic and Farsi to "declared" options of babel
) (C:\Users\Ignacio Lembo\AppData\Local\Programs\MiKTeX\tex/latex/babel-spanish\spanish.ldf
Language: spanish.ldf 2021/05/27 v5.0q Spanish support from the babel system
\es@quottoks=\toks18
\es@quotdepth=\count195
Package babel Info: Making " an active character on input line 570.
Package babel Info: Making . an active character on input line 675.
Package babel Info: Making < an active character on input line 722.
Package babel Info: Making > an active character on input line 722.
)) (C:\Users\Ignacio Lembo\AppData\Local\Programs\MiKTeX\tex/generic/babel/locale/es\babel-spanish.tex
Package babel Info: Importing font and identification data for spanish
(babel)             from babel-es.ini. Reported on input line 11.
) (C:\Users\Ignacio Lembo\AppData\Local\Programs\MiKTeX\tex/latex/amsmath\amsmath.sty
Package: amsmath 2022/04/08 v2.17n AMS math features
\@mathmargin=\skip50

For additional information on amsmath, use the `?' option.
(C:\Users\Ignacio Lembo\AppData\Local\Programs\MiKTeX\tex/latex/amsmath\amstext.sty
Package: amstext 2021/08/26 v2.01 AMS text
 (C:\Users\Ignacio Lembo\AppData\Local\Programs\MiKTeX\tex/latex/amsmath\amsgen.sty
File: amsgen.sty 1999/11/30 v2.0 generic functions
\@emptytoks=\toks19
\ex@=\dimen143
)) (C:\Users\Ignacio Lembo\AppData\Local\Programs\MiKTeX\tex/latex/amsmath\amsbsy.sty
Package: amsbsy 1999/11/29 v1.2d Bold Symbols
\pmbraise@=\dimen144
) (C:\Users\Ignacio Lembo\AppData\Local\Programs\MiKTeX\tex/latex/amsmath\amsopn.sty
Package: amsopn 2022/04/08 v2.04 operator names
)
\inf@bad=\count196
LaTeX Info: Redefining \frac on input line 234.
\uproot@=\count197
\leftroot@=\count198
LaTeX Info: Redefining \overline on input line 399.
LaTeX Info: Redefining \colon on input line 410.
\classnum@=\count199
\DOTSCASE@=\count266
LaTeX Info: Redefining \ldots on input line 496.
LaTeX Info: Redefining \dots on input line 499.
LaTeX Info: Redefining \cdots on input line 620.
\Mathstrutbox@=\box51
\strutbox@=\box52
LaTeX Info: Redefining \big on input line 722.
LaTeX Info: Redefining \Big on input line 723.
LaTeX Info: Redefining \bigg on input line 724.
LaTeX Info: Redefining \Bigg on input line 725.
\big@size=\dimen145
LaTeX Font Info:    Redeclaring font encoding OML on input line 743.
LaTeX Font Info:    Redeclaring font encoding OMS on input line 744.
\macc@depth=\count267
LaTeX Info: Redefining \bmod on input line 905.
LaTeX Info: Redefining \pmod on input line 910.
LaTeX Info: Redefining \smash on input line 940.
LaTeX Info: Redefining \relbar on input line 970.
LaTeX Info: Redefining \Relbar on input line 971.
\c@MaxMatrixCols=\count268
\dotsspace@=\muskip16
\c@parentequation=\count269
\dspbrk@lvl=\count270
\tag@help=\toks20
\row@=\count271
\column@=\count272
\maxfields@=\count273
\andhelp@=\toks21
\eqnshift@=\dimen146
\alignsep@=\dimen147
\tagshift@=\dimen148
\tagwidth@=\dimen149
\totwidth@=\dimen150
\lineht@=\dimen151
\@envbody=\toks22
\multlinegap=\skip51
\multlinetaggap=\skip52
\mathdisplay@stack=\toks23
LaTeX Info: Redefining \[ on input line 2953.
LaTeX Info: Redefining \] on input line 2954.
) (C:\Users\Ignacio Lembo\AppData\Local\Programs\MiKTeX\tex/latex/amsfonts\amsfonts.sty
Package: amsfonts 2013/01/14 v3.01 Basic AMSFonts support
\symAMSa=\mathgroup4
\symAMSb=\mathgroup5
LaTeX Font Info:    Redeclaring math symbol \hbar on input line 98.
LaTeX Font Info:    Overwriting math alphabet `\mathfrak' in version `bold'
(Font)                  U/euf/m/n --> U/euf/b/n on input line 106.
) (C:\Users\Ignacio Lembo\AppData\Local\Programs\MiKTeX\tex/latex/amsfonts\amssymb.sty
Package: amssymb 2013/01/14 v3.01 AMS font symbols
) (C:\Users\Ignacio Lembo\AppData\Local\Programs\MiKTeX\tex/latex/psnfss\mathpazo.sty
Package: mathpazo 2020/03/25 PSNFSS-v9.3 Palatino w/ Pazo Math (D.Puga, WaS) 
\symupright=\mathgroup6
) (C:\Users\Ignacio Lembo\AppData\Local\Programs\MiKTeX\tex/latex/psnfss\helvet.sty
Package: helvet 2020/03/25 PSNFSS-v9.3 (WaS) 
 (C:\Users\Ignacio Lembo\AppData\Local\Programs\MiKTeX\tex/latex/graphics\keyval.sty
Package: keyval 2022/05/29 v1.15 key=value parser (DPC)
\KV@toks@=\toks24
)) (C:\Users\Ignacio Lembo\AppData\Local\Programs\MiKTeX\tex/latex/base\fontenc.sty
Package: fontenc 2021/04/29 v2.0v Standard LaTeX package
LaTeX Font Info:    Trying to load font information for T1+ppl on input line 112.
 (C:\Users\Ignacio Lembo\AppData\Local\Programs\MiKTeX\tex/latex/psnfss\t1ppl.fd
File: t1ppl.fd 2001/06/04 font definitions for T1/ppl.
)) (C:\Users\Ignacio Lembo\AppData\Local\Programs\MiKTeX\tex/latex/url\url.sty
\Urlmuskip=\muskip17
Package: url 2013/09/16  ver 3.4  Verb mode for urls, etc.
) (C:\Users\Ignacio Lembo\AppData\Local\Programs\MiKTeX\tex/latex/hyperref\hyperref.sty
Package: hyperref 2022-11-13 v7.00u Hypertext links for LaTeX
 (C:\Users\Ignacio Lembo\AppData\Local\Programs\MiKTeX\tex/generic/ltxcmds\ltxcmds.sty
Package: ltxcmds 2020-05-10 v1.25 LaTeX kernel commands for general use (HO)
) (C:\Users\Ignacio Lembo\AppData\Local\Programs\MiKTeX\tex/generic/iftex\iftex.sty
Package: iftex 2022/02/03 v1.0f TeX engine tests
) (C:\Users\Ignacio Lembo\AppData\Local\Programs\MiKTeX\tex/generic/pdftexcmds\pdftexcmds.sty
Package: pdftexcmds 2020-06-27 v0.33 Utility functions of pdfTeX for LuaTeX (HO)
 (C:\Users\Ignacio Lembo\AppData\Local\Programs\MiKTeX\tex/generic/infwarerr\infwarerr.sty
Package: infwarerr 2019/12/03 v1.5 Providing info/warning/error messages (HO)
)
Package pdftexcmds Info: \pdf@primitive is available.
Package pdftexcmds Info: \pdf@ifprimitive is available.
Package pdftexcmds Info: \pdfdraftmode found.
) (C:\Users\Ignacio Lembo\AppData\Local\Programs\MiKTeX\tex/latex/kvsetkeys\kvsetkeys.sty
Package: kvsetkeys 2022-10-05 v1.19 Key value parser (HO)
) (C:\Users\Ignacio Lembo\AppData\Local\Programs\MiKTeX\tex/generic/kvdefinekeys\kvdefinekeys.sty
Package: kvdefinekeys 2019-12-19 v1.6 Define keys (HO)
) (C:\Users\Ignacio Lembo\AppData\Local\Programs\MiKTeX\tex/generic/pdfescape\pdfescape.sty
Package: pdfescape 2019/12/09 v1.15 Implements pdfTeX's escape features (HO)
) (C:\Users\Ignacio Lembo\AppData\Local\Programs\MiKTeX\tex/latex/hycolor\hycolor.sty
Package: hycolor 2020-01-27 v1.10 Color options for hyperref/bookmark (HO)
) (C:\Users\Ignacio Lembo\AppData\Local\Programs\MiKTeX\tex/latex/letltxmacro\letltxmacro.sty
Package: letltxmacro 2019/12/03 v1.6 Let assignment for LaTeX macros (HO)
) (C:\Users\Ignacio Lembo\AppData\Local\Programs\MiKTeX\tex/latex/auxhook\auxhook.sty
Package: auxhook 2019-12-17 v1.6 Hooks for auxiliary files (HO)
) (C:\Users\Ignacio Lembo\AppData\Local\Programs\MiKTeX\tex/latex/hyperref\nameref.sty
Package: nameref 2022-05-17 v2.50 Cross-referencing by name of section
 (C:\Users\Ignacio Lembo\AppData\Local\Programs\MiKTeX\tex/latex/refcount\refcount.sty
Package: refcount 2019/12/15 v3.6 Data extraction from label references (HO)
) (C:\Users\Ignacio Lembo\AppData\Local\Programs\MiKTeX\tex/generic/gettitlestring\gettitlestring.sty
Package: gettitlestring 2019/12/15 v1.6 Cleanup title references (HO)
 (C:\Users\Ignacio Lembo\AppData\Local\Programs\MiKTeX\tex/latex/kvoptions\kvoptions.sty
Package: kvoptions 2022-06-15 v3.15 Key value format for package options (HO)
))
\c@section@level=\count274
)
\@linkdim=\dimen152
\Hy@linkcounter=\count275
\Hy@pagecounter=\count276
 (C:\Users\Ignacio Lembo\AppData\Local\Programs\MiKTeX\tex/latex/hyperref\pd1enc.def
File: pd1enc.def 2022-11-13 v7.00u Hyperref: PDFDocEncoding definition (HO)
Now handling font encoding PD1 ...
... no UTF-8 mapping file for font encoding PD1
) (C:\Users\Ignacio Lembo\AppData\Local\Programs\MiKTeX\tex/generic/intcalc\intcalc.sty
Package: intcalc 2019/12/15 v1.3 Expandable calculations with integers (HO)
) (C:\Users\Ignacio Lembo\AppData\Local\Programs\MiKTeX\tex/generic/etexcmds\etexcmds.sty
Package: etexcmds 2019/12/15 v1.7 Avoid name clashes with e-TeX commands (HO)
)
\Hy@SavedSpaceFactor=\count277
 (C:\Users\Ignacio Lembo\AppData\Local\Programs\MiKTeX\tex/latex/hyperref\puenc.def
File: puenc.def 2022-11-13 v7.00u Hyperref: PDF Unicode definition (HO)
Now handling font encoding PU ...
... no UTF-8 mapping file for font encoding PU
)
Package hyperref Info: Option `colorlinks' set `true' on input line 4045.
Package hyperref Info: Hyper figures OFF on input line 4162.
Package hyperref Info: Link nesting OFF on input line 4167.
Package hyperref Info: Hyper index ON on input line 4170.
Package hyperref Info: Plain pages OFF on input line 4177.
Package hyperref Info: Backreferencing OFF on input line 4182.
Package hyperref Info: Implicit mode ON; LaTeX internals redefined.
Package hyperref Info: Bookmarks ON on input line 4410.
\c@Hy@tempcnt=\count278
LaTeX Info: Redefining \url on input line 4748.
\XeTeXLinkMargin=\dimen153
 (C:\Users\Ignacio Lembo\AppData\Local\Programs\MiKTeX\tex/generic/bitset\bitset.sty
Package: bitset 2019/12/09 v1.3 Handle bit-vector datatype (HO)
 (C:\Users\Ignacio Lembo\AppData\Local\Programs\MiKTeX\tex/generic/bigintcalc\bigintcalc.sty
Package: bigintcalc 2019/12/15 v1.5 Expandable calculations on big integers (HO)
))
\Fld@menulength=\count279
\Field@Width=\dimen154
\Fld@charsize=\dimen155
Package hyperref Info: Hyper figures OFF on input line 6027.
Package hyperref Info: Link nesting OFF on input line 6032.
Package hyperref Info: Hyper index ON on input line 6035.
Package hyperref Info: backreferencing OFF on input line 6042.
Package hyperref Info: Link coloring ON on input line 6045.
Package hyperref Info: Link coloring with OCG OFF on input line 6052.
Package hyperref Info: PDF/A mode OFF on input line 6057.
 (C:\Users\Ignacio Lembo\AppData\Local\Programs\MiKTeX\tex/latex/base\atbegshi-ltx.sty
Package: atbegshi-ltx 2021/01/10 v1.0c Emulation of the original atbegshi
package with kernel methods
)
\Hy@abspage=\count280
\c@Item=\count281
\c@Hfootnote=\count282
)
Package hyperref Info: Driver (autodetected): hpdftex.
 (C:\Users\Ignacio Lembo\AppData\Local\Programs\MiKTeX\tex/latex/hyperref\hpdftex.def
File: hpdftex.def 2022-11-13 v7.00u Hyperref driver for pdfTeX
 (C:\Users\Ignacio Lembo\AppData\Local\Programs\MiKTeX\tex/latex/base\atveryend-ltx.sty
Package: atveryend-ltx 2020/08/19 v1.0a Emulation of the original atveryend package
with kernel methods
)
\Fld@listcount=\count283
\c@bookmark@seq@number=\count284
 (C:\Users\Ignacio Lembo\AppData\Local\Programs\MiKTeX\tex/latex/rerunfilecheck\rerunfilecheck.sty
Package: rerunfilecheck 2022-07-10 v1.10 Rerun checks for auxiliary files (HO)
 (C:\Users\Ignacio Lembo\AppData\Local\Programs\MiKTeX\tex/generic/uniquecounter\uniquecounter.sty
Package: uniquecounter 2019/12/15 v1.4 Provide unlimited unique counter (HO)
)
Package uniquecounter Info: New unique counter `rerunfilecheck' on input line 285.
)
\Hy@SectionHShift=\skip53
) (C:\Users\Ignacio Lembo\AppData\Local\Programs\MiKTeX\tex/latex/preprint\authblk.sty
Package: authblk 2001/02/27 1.3 (PWD)
\affilsep=\skip54
\@affilsep=\skip55
\c@Maxaffil=\count285
\c@authors=\count286
\c@affil=\count287
) (C:\Users\Ignacio Lembo\AppData\Local\Programs\MiKTeX\tex/latex/xifthen\xifthen.sty
Package: xifthen 2015/11/05 v1.4.0 Extended ifthen features
 (C:\Users\Ignacio Lembo\AppData\Local\Programs\MiKTeX\tex/latex/tools\calc.sty
Package: calc 2017/05/25 v4.3 Infix arithmetic (KKT,FJ)
\calc@Acount=\count288
\calc@Bcount=\count289
\calc@Adimen=\dimen156
\calc@Bdimen=\dimen157
\calc@Askip=\skip56
\calc@Bskip=\skip57
LaTeX Info: Redefining \setlength on input line 80.
LaTeX Info: Redefining \addtolength on input line 81.
\calc@Ccount=\count290
\calc@Cskip=\skip58
) (C:\Users\Ignacio Lembo\AppData\Local\Programs\MiKTeX\tex/latex/base\ifthen.sty
Package: ifthen 2022/04/13 v1.1d Standard LaTeX ifthen package (DPC)
) (C:\Users\Ignacio Lembo\AppData\Local\Programs\MiKTeX\tex/latex/ifmtarg\ifmtarg.sty
Package: ifmtarg 2018/04/16 v1.2b check for an empty argument
)) (C:\Users\Ignacio Lembo\AppData\Local\Programs\MiKTeX\tex/latex/base\textcomp.sty
Package: textcomp 2020/02/02 v2.0n Standard LaTeX package
) (C:\Users\Ignacio Lembo\AppData\Local\Programs\MiKTeX\tex/latex/graphics\graphicx.sty
Package: graphicx 2021/09/16 v1.2d Enhanced LaTeX Graphics (DPC,SPQR)
 (C:\Users\Ignacio Lembo\AppData\Local\Programs\MiKTeX\tex/latex/graphics\graphics.sty
Package: graphics 2022/03/10 v1.4e Standard LaTeX Graphics (DPC,SPQR)
 (C:\Users\Ignacio Lembo\AppData\Local\Programs\MiKTeX\tex/latex/graphics\trig.sty
Package: trig 2021/08/11 v1.11 sin cos tan (DPC)
) (C:\Users\Ignacio Lembo\AppData\Local\Programs\MiKTeX\tex/latex/graphics-cfg\graphics.cfg
File: graphics.cfg 2016/06/04 v1.11 sample graphics configuration
)
Package graphics Info: Driver file: pdftex.def on input line 107.
 (C:\Users\Ignacio Lembo\AppData\Local\Programs\MiKTeX\tex/latex/graphics-def\pdftex.def
File: pdftex.def 2022/09/22 v1.2b Graphics/color driver for pdftex
))
\Gin@req@height=\dimen158
\Gin@req@width=\dimen159
) (C:\Users\Ignacio Lembo\AppData\Local\Programs\MiKTeX\tex/latex/xcolor\xcolor.sty
Package: xcolor 2022/06/12 v2.14 LaTeX color extensions (UK)
 (C:\Users\Ignacio Lembo\AppData\Local\Programs\MiKTeX\tex/latex/graphics-cfg\color.cfg
File: color.cfg 2016/01/02 v1.6 sample color configuration
)
Package xcolor Info: Driver file: pdftex.def on input line 227.
 (C:\Users\Ignacio Lembo\AppData\Local\Programs\MiKTeX\tex/latex/graphics\mathcolor.ltx)
Package xcolor Info: Model `cmy' substituted by `cmy0' on input line 1353.
Package xcolor Info: Model `hsb' substituted by `rgb' on input line 1357.
Package xcolor Info: Model `RGB' extended on input line 1369.
Package xcolor Info: Model `HTML' substituted by `rgb' on input line 1371.
Package xcolor Info: Model `Hsb' substituted by `hsb' on input line 1372.
Package xcolor Info: Model `tHsb' substituted by `hsb' on input line 1373.
Package xcolor Info: Model `HSB' substituted by `hsb' on input line 1374.
Package xcolor Info: Model `Gray' substituted by `gray' on input line 1375.
Package xcolor Info: Model `wave' substituted by `hsb' on input line 1376.
) (C:\Users\Ignacio Lembo\AppData\Local\Programs\MiKTeX\tex/latex/colortbl\colortbl.sty
Package: colortbl 2022/06/20 v1.0f Color table columns (DPC)
 (C:\Users\Ignacio Lembo\AppData\Local\Programs\MiKTeX\tex/latex/tools\array.sty
Package: array 2022/03/10 v2.5f Tabular extension package (FMi)
\col@sep=\dimen160
\ar@mcellbox=\box53
\extrarowheight=\dimen161
\NC@list=\toks25
\extratabsurround=\skip59
\backup@length=\skip60
\ar@cellbox=\box54
)
\everycr=\toks26
\minrowclearance=\skip61
\rownum=\count291
) (C:\Users\Ignacio Lembo\AppData\Local\Programs\MiKTeX\tex/latex/booktabs\booktabs.sty
Package: booktabs 2020/01/12 v1.61803398 Publication quality tables
\heavyrulewidth=\dimen162
\lightrulewidth=\dimen163
\cmidrulewidth=\dimen164
\belowrulesep=\dimen165
\belowbottomsep=\dimen166
\aboverulesep=\dimen167
\abovetopsep=\dimen168
\cmidrulesep=\dimen169
\cmidrulekern=\dimen170
\defaultaddspace=\dimen171
\@cmidla=\count292
\@cmidlb=\count293
\@aboverulesep=\dimen172
\@belowrulesep=\dimen173
\@thisruleclass=\count294
\@lastruleclass=\count295
\@thisrulewidth=\dimen174
) (C:\Users\Ignacio Lembo\AppData\Local\Programs\MiKTeX\tex/latex/algorithms\algorithm.sty
Package: algorithm 2009/08/24 v0.1 Document Style `algorithm' - floating environment
 (C:\Users\Ignacio Lembo\AppData\Local\Programs\MiKTeX\tex/latex/float\float.sty
Package: float 2001/11/08 v1.3d Float enhancements (AL)
\c@float@type=\count296
\float@exts=\toks27
\float@box=\box55
\@float@everytoks=\toks28
\@floatcapt=\box56
)
\@float@every@algorithm=\toks29
\c@algorithm=\count297
) (C:\Users\Ignacio Lembo\AppData\Local\Programs\MiKTeX\tex/latex/algorithmicx\algpseudocode.sty
Package: algpseudocode 
 (C:\Users\Ignacio Lembo\AppData\Local\Programs\MiKTeX\tex/latex/algorithmicx\algorithmicx.sty
Package: algorithmicx 2005/04/27 v1.2 Algorithmicx

Document Style algorithmicx 1.2 - a greatly improved `algorithmic' style
\c@ALG@line=\count298
\c@ALG@rem=\count299
\c@ALG@nested=\count300
\ALG@tlm=\skip62
\ALG@thistlm=\skip63
\c@ALG@Lnr=\count301
\c@ALG@blocknr=\count302
\c@ALG@storecount=\count303
\c@ALG@tmpcounter=\count304
\ALG@tmplength=\skip64
)
Document Style - pseudocode environments for use with the `algorithmicx' style
) (C:\Users\Ignacio Lembo\AppData\Local\Programs\MiKTeX\tex/latex/changepage\changepage.sty
Package: changepage 2009/10/20 v1.0c check page and change page layout
\c@cp@cntr=\count305
\cp@tempcnt=\count306
) (C:\Users\Ignacio Lembo\AppData\Local\Programs\MiKTeX\tex/latex/geometry\geometry.sty
Package: geometry 2020/01/02 v5.9 Page Geometry
 (C:\Users\Ignacio Lembo\AppData\Local\Programs\MiKTeX\tex/generic/iftex\ifvtex.sty
Package: ifvtex 2019/10/25 v1.7 ifvtex legacy package. Use iftex instead.
)
\Gm@cnth=\count307
\Gm@cntv=\count308
\c@Gm@tempcnt=\count309
\Gm@bindingoffset=\dimen175
\Gm@wd@mp=\dimen176
\Gm@odd@mp=\dimen177
\Gm@even@mp=\dimen178
\Gm@layoutwidth=\dimen179
\Gm@layoutheight=\dimen180
\Gm@layouthoffset=\dimen181
\Gm@layoutvoffset=\dimen182
\Gm@dimlist=\toks30
 (C:\Users\Ignacio Lembo\AppData\Local\Programs\MiKTeX\tex/latex/geometry\geometry.cfg)) (C:\Users\Ignacio Lembo\AppData\Local\Programs\MiKTeX\tex/latex/caption\caption.sty
Package: caption 2022/03/01 v3.6b Customizing captions (AR)
 (C:\Users\Ignacio Lembo\AppData\Local\Programs\MiKTeX\tex/latex/caption\caption3.sty
Package: caption3 2022/03/17 v2.3b caption3 kernel (AR)
\caption@tempdima=\dimen183
\captionmargin=\dimen184
\caption@leftmargin=\dimen185
\caption@rightmargin=\dimen186
\caption@width=\dimen187
\caption@indent=\dimen188
\caption@parindent=\dimen189
\caption@hangindent=\dimen190
Package caption Info: Standard document class detected.
)
Package caption Info: Option `figurename' requires the `newfloat' package on input line 169.
 (C:\Users\Ignacio Lembo\AppData\Local\Programs\MiKTeX\tex/latex/newfloat\newfloat.sty
Package: newfloat 2019/09/02 v1.1l Defining new floating environments (AR)
Package newfloat Info: Unsupported document class, or \@chapter 
(newfloat)             was already redefined by another package.
Package newfloat Info: \@chapter = macro:->\def \Hy@next {\Hy@MakeCurrentHrefAuto {\Hy@chapapp *}\Hy@raisedlink {\hyper@anchorstart {\@currentHref }\hyper@anchorend }}\ifnum \c@secnumdepth >\m@ne \ltx@IfUndefined {if@mainmatter}\iftrue {\csname if@mainmatter\endcsname }\let \Hy@next \relax \fi \fi \Hy@next \Hy@org@chapter .
Package newfloat Info: \Hy@org@chapter = macro:[#1]#2->\NR@gettitle {#1}\NR@chapter [{#1}]{#2}.
)
\c@caption@flags=\count310
\c@continuedfloat=\count311
Package caption Info: changepage package is loaded.
\caption@adjustwidth@hsize=\dimen191
\caption@adjustwidth@linewidth=\dimen192
Package caption Info: float package is loaded.
Package caption Info: hyperref package is loaded.
) (C:\Users\Ignacio Lembo\AppData\Local\Programs\MiKTeX\tex/latex/natbib\natbib.sty
Package: natbib 2010/09/13 8.31b (PWD, AO)
\bibhang=\skip65
\bibsep=\skip66
LaTeX Info: Redefining \cite on input line 694.
\c@NAT@ctr=\count312
)
\biblabelwidth=\skip67
LaTeX Font Info:    Trying to load font information for T1+phv on input line 115.
 (C:\Users\Ignacio Lembo\AppData\Local\Programs\MiKTeX\tex/latex/psnfss\t1phv.fd
File: t1phv.fd 2020/03/25 scalable font definitions for T1/phv.
)
LaTeX Font Info:    Font shape `T1/phv/m/n' will be
(Font)              scaled to size 10.40245pt on input line 115.
LaTeX Font Info:    Font shape `T1/phv/m/n' will be
(Font)              scaled to size 7.59998pt on input line 115.
 (jabbrv.sty
Package: jabbrv 2010/08/18 v0.2 Automatic Journal Title Abbreviation Package
\temp@journal@text=\toks31
\temp@journal@text@=\toks32
\c@jabbrv@strlen@count=\count313
\c@jabbrv@gobble@temp=\count314
\c@jabbrv@loop@i=\count315
\c@jabbrv@loop@max=\count316
\c@jabbrv@word@count=\count317
 (jabbrv-ltwa-all.ldf) (jabbrv-ltwa-en.ldf)) (C:\Users\Ignacio Lembo\AppData\Local\Programs\MiKTeX\tex/latex/fancyhdr\fancyhdr.sty
Package: fancyhdr 2022/11/09 v4.1 Extensive control of page headers and footers
\f@nch@headwidth=\skip68
\f@nch@O@elh=\skip69
\f@nch@O@erh=\skip70
\f@nch@O@olh=\skip71
\f@nch@O@orh=\skip72
\f@nch@O@elf=\skip73
\f@nch@O@erf=\skip74
\f@nch@O@olf=\skip75
\f@nch@O@orf=\skip76
) (C:\Users\Ignacio Lembo\AppData\Local\Programs\MiKTeX\tex/latex/lastpage\lastpage.sty
Package: lastpage 2023/04/12 v2.0b lastpage: 2.09 or 2e? (HMM)
 (C:\Users\Ignacio Lembo\AppData\Local\Programs\MiKTeX\tex/latex/lastpage\lastpage2e.sty
Package: lastpage2e 2023/04/12 v2.0b Decide which 2e lastpage version to use (HMM)
 (C:\Users\Ignacio Lembo\AppData\Local\Programs\MiKTeX\tex/latex/lastpage\lastpagemodern.sty
Package: lastpagemodern 2023-04-12 v2.0b Refers to last page's name (HMM; JPG)
) 
)) (C:\Users\Ignacio Lembo\AppData\Local\Programs\MiKTeX\tex/latex/titlesec\titlesec.sty
Package: titlesec 2021/07/05 v2.14 Sectioning titles
\ttl@box=\box57
\beforetitleunit=\skip77
\aftertitleunit=\skip78
\ttl@plus=\dimen193
\ttl@minus=\dimen194
\ttl@toksa=\toks33
\titlewidth=\dimen195
\titlewidthlast=\dimen196
\titlewidthfirst=\dimen197
)
\c@ttlp@side=\count318
\ttlp@side=\count319
 (C:\Users\Ignacio Lembo\AppData\Local\Programs\MiKTeX\tex/latex/enumitem\enumitem.sty
Package: enumitem 2019/06/20 v3.9 Customized lists
\labelindent=\skip79
\enit@outerparindent=\dimen198
\enit@toks=\toks34
\enit@inbox=\box58
\enit@count@id=\count320
\enitdp@description=\count321
) (C:\Users\Ignacio Lembo\AppData\Local\Programs\MiKTeX\tex/latex/lineno\lineno.sty
Package: lineno 2023/05/19 line numbers on paragraphs v5.2
\linenopenalty=\count322
\output=\toks35
\linenoprevgraf=\count323
\linenumbersep=\dimen199
\linenumberwidth=\dimen256
\c@linenumber=\count324
\c@pagewiselinenumber=\count325
\c@LN@truepage=\count326
\c@internallinenumber=\count327
\c@internallinenumbers=\count328
\quotelinenumbersep=\dimen257
\bframerule=\dimen258
\bframesep=\dimen259
\bframebox=\box59
 (C:\Users\Ignacio Lembo\AppData\Local\Programs\MiKTeX\tex/latex/etoolbox\etoolbox.sty
Package: etoolbox 2020/10/05 v2.5k e-TeX tools for LaTeX (JAW)
\etb@tempcnta=\count329
)
\linenoamsmath@ams@eqpen=\count330
LaTeX Info: Redefining \\ on input line 3146.
) (C:\Users\Ignacio Lembo\AppData\Local\Programs\MiKTeX\tex/latex/multibib\multibib.sty
Package: multibib 2008/12/10 v1.4 Multiple bibliographies for one document.
\mb@biblabelwidth=\count331
)
\@auxoutfullrefs=\write3
 (c:\Users\Ignacio Lembo\Documents\GitHub\Instituto_Balseiro\Imagenes_Medicas\Practica_2\TP1_IgnacioLembo_IM_aa\build\fullrefs.aux)
\openout3 = `fullrefs.aux'.

 (C:\Users\Ignacio Lembo\AppData\Local\Programs\MiKTeX\tex/latex/l3packages/xparse\xparse.sty (C:\Users\Ignacio Lembo\AppData\Local\Programs\MiKTeX\tex/latex/l3kernel\expl3.sty
Package: expl3 2022-12-17 L3 programming layer (loader) 
 (C:\Users\Ignacio Lembo\AppData\Local\Programs\MiKTeX\tex/latex/l3backend\l3backend-pdftex.def
File: l3backend-pdftex.def 2022-10-26 L3 backend support: PDF output (pdfTeX)
\l__color_backend_stack_int=\count332
\l__pdf_internal_box=\box60
))
Package: xparse 2022-12-17 L3 Experimental document command parser
) (C:\Users\Ignacio Lembo\AppData\Local\Programs\MiKTeX\tex/latex/silence\silence.sty
Package: silence 2012/07/02 v1.5b Selective filtering of warnings and error messages
\sl@Save=\count333
\sl@StateNumber=\count334
\sl@MessageCount=\count335
\sl@Casualties=\count336
\sl@Filter=\toks36
\sl@Message=\toks37
\sl@UnexpandedMessage=\toks38
\sl@Mess@ge=\toks39
\sl@WarningCount=\count337
\sl@WarningNumber=\count338
\sl@WarningCasualties=\count339
\sl@TempBOW=\toks40
\sl@BankOfWarnings=\toks41
LaTeX Info: Redefining \GenericWarning on input line 433.
\sl@ErrorCount=\count340
\sl@ErrorNumber=\count341
\sl@ErrorCasualties=\count342
\sl@TempBOE=\toks42
\sl@BankOfErrors=\toks43
LaTeX Info: Redefining \GenericError on input line 601.
) (C:\Users\Ignacio Lembo\AppData\Local\Programs\MiKTeX\tex/latex/xpatch\xpatch.sty
Package: xpatch 2020/03/25 v0.3a Extending etoolbox patching commands
)
Banner added to title page.
) (C:\Users\Ignacio Lembo\AppData\Local\Programs\MiKTeX\tex/latex/microtype\microtype.sty
Package: microtype 2022/06/23 v3.0f Micro-typographical refinements (RS)
\MT@toks=\toks44
\MT@tempbox=\box61
\MT@count=\count343
LaTeX Info: Redefining \noprotrusionifhmode on input line 1045.
LaTeX Info: Redefining \leftprotrusion on input line 1046.
LaTeX Info: Redefining \rightprotrusion on input line 1056.
LaTeX Info: Redefining \textls on input line 1234.
\MT@outer@kern=\dimen260
LaTeX Info: Redefining \textmicrotypecontext on input line 1858.
\MT@listname@count=\count344
 (C:\Users\Ignacio Lembo\AppData\Local\Programs\MiKTeX\tex/latex/microtype\microtype-pdftex.def
File: microtype-pdftex.def 2022/06/23 v3.0f Definitions specific to pdftex (RS)
LaTeX Info: Redefining \lsstyle on input line 900.
LaTeX Info: Redefining \lslig on input line 900.
\MT@outer@space=\skip80
)
Package microtype Info: Loading configuration file microtype.cfg.
 (C:\Users\Ignacio Lembo\AppData\Local\Programs\MiKTeX\tex/latex/microtype\microtype.cfg
File: microtype.cfg 2022/06/23 v3.0f microtype main configuration file (RS)
)) (legacy-styles/pr.sty
Package: legacy-styles/pr 2022/06/16 v1.1 Photonics Research Journal color scheme
) (C:\Users\Ignacio Lembo\AppData\Local\Programs\MiKTeX\tex/latex/caption\subcaption.sty
Package: subcaption 2022/01/07 v1.5 Sub-captions (AR)
\c@subfigure=\count345
\c@subtable=\count346
) (C:\Users\Ignacio Lembo\AppData\Local\Programs\MiKTeX\tex/latex/listings\listings.sty
\lst@mode=\count347
\lst@gtempboxa=\box62
\lst@token=\toks45
\lst@length=\count348
\lst@currlwidth=\dimen261
\lst@column=\count349
\lst@pos=\count350
\lst@lostspace=\dimen262
\lst@width=\dimen263
\lst@newlines=\count351
\lst@lineno=\count352
\lst@maxwidth=\dimen264
 (C:\Users\Ignacio Lembo\AppData\Local\Programs\MiKTeX\tex/latex/listings\lstmisc.sty
File: lstmisc.sty 2020/03/24 1.8d (Carsten Heinz)
\c@lstnumber=\count353
\lst@skipnumbers=\count354
\lst@framebox=\box63
) (C:\Users\Ignacio Lembo\AppData\Local\Programs\MiKTeX\tex/latex/listings\listings.cfg
File: listings.cfg 2020/03/24 1.8d listings configuration
))
Package: listings 2020/03/24 1.8d (Carsten Heinz)
 (C:\Users\Ignacio Lembo\AppData\Local\Programs\MiKTeX\tex/latex/tools\multicol.sty
Package: multicol 2021/11/30 v1.9d multicolumn formatting (FMi)
\c@tracingmulticols=\count355


Package multicol Warning: May not work with the twocolumn option on input line 143.

\mult@box=\box64
\multicol@leftmargin=\dimen265
\c@unbalance=\count356
\c@collectmore=\count357
\doublecol@number=\count358
\multicoltolerance=\count359
\multicolpretolerance=\count360
\full@width=\dimen266
\page@free=\dimen267
\premulticols=\dimen268
\postmulticols=\dimen269
\multicolsep=\skip81
\multicolbaselineskip=\skip82
\partial@page=\box65
\last@line=\box66
\maxbalancingoverflow=\dimen270
\mult@rightbox=\box67
\mult@grightbox=\box68
\mult@firstbox=\box69
\mult@gfirstbox=\box70
\@tempa=\box71
\@tempa=\box72
\@tempa=\box73
\@tempa=\box74
\@tempa=\box75
\@tempa=\box76
\@tempa=\box77
\@tempa=\box78
\@tempa=\box79
\@tempa=\box80
\@tempa=\box81
\@tempa=\box82
\@tempa=\box83
\@tempa=\box84
\@tempa=\box85
\@tempa=\box86
\@tempa=\box87
\@tempa=\box88
\@tempa=\box89
\@tempa=\box90
\@tempa=\box91
\@tempa=\box92
\@tempa=\box93
\@tempa=\box94
\@tempa=\box95
\@tempa=\box96
\@tempa=\box97
\@tempa=\box98
\@tempa=\box99
\@tempa=\box100
\@tempa=\box101
\@tempa=\box102
\@tempa=\box103
\@tempa=\box104
\@tempa=\box105
\@tempa=\box106
\c@minrows=\count361
\c@columnbadness=\count362
\c@finalcolumnbadness=\count363
\last@try=\dimen271
\multicolovershoot=\dimen272
\multicolundershoot=\dimen273
\mult@nat@firstbox=\box107
\colbreak@box=\box108
\mc@col@check@num=\count364
) (C:\Users\Ignacio Lembo\AppData\Local\Programs\MiKTeX\tex/latex/adjustbox\adjustbox.sty
Package: adjustbox 2022/10/17 v1.3a Adjusting TeX boxes (trim, clip, ...)
 (C:\Users\Ignacio Lembo\AppData\Local\Programs\MiKTeX\tex/latex/xkeyval\xkeyval.sty
Package: xkeyval 2022/06/16 v2.9 package option processing (HA)
 (C:\Users\Ignacio Lembo\AppData\Local\Programs\MiKTeX\tex/generic/xkeyval\xkeyval.tex (C:\Users\Ignacio Lembo\AppData\Local\Programs\MiKTeX\tex/generic/xkeyval\xkvutils.tex
\XKV@toks=\toks46
\XKV@tempa@toks=\toks47
)
\XKV@depth=\count365
File: xkeyval.tex 2014/12/03 v2.7a key=value parser (HA)
)) (C:\Users\Ignacio Lembo\AppData\Local\Programs\MiKTeX\tex/latex/adjustbox\adjcalc.sty
Package: adjcalc 2012/05/16 v1.1 Provides advanced setlength with multiple back-ends (calc, etex, pgfmath)
) (C:\Users\Ignacio Lembo\AppData\Local\Programs\MiKTeX\tex/latex/adjustbox\trimclip.sty
Package: trimclip 2020/08/19 v1.2 Trim and clip general TeX material
 (C:\Users\Ignacio Lembo\AppData\Local\Programs\MiKTeX\tex/latex/collectbox\collectbox.sty
Package: collectbox 2022/10/17 v0.4c Collect macro arguments as boxes
\collectedbox=\box109
)
\tc@llx=\dimen274
\tc@lly=\dimen275
\tc@urx=\dimen276
\tc@ury=\dimen277
Package trimclip Info: Using driver 'tc-pdftex.def'.
 (C:\Users\Ignacio Lembo\AppData\Local\Programs\MiKTeX\tex/latex/adjustbox\tc-pdftex.def
File: tc-pdftex.def 2019/01/04 v2.2 Clipping driver for pdftex
))
\adjbox@Width=\dimen278
\adjbox@Height=\dimen279
\adjbox@Depth=\dimen280
\adjbox@Totalheight=\dimen281
\adjbox@pwidth=\dimen282
\adjbox@pheight=\dimen283
\adjbox@pdepth=\dimen284
\adjbox@ptotalheight=\dimen285
 (C:\Users\Ignacio Lembo\AppData\Local\Programs\MiKTeX\tex/latex/ifoddpage\ifoddpage.sty
Package: ifoddpage 2022/10/18 v1.2 Conditionals for odd/even page detection
\c@checkoddpage=\count366
LaTeX Info: Redefining \checkoddpage on input line 45.
) (C:\Users\Ignacio Lembo\AppData\Local\Programs\MiKTeX\tex/latex/varwidth\varwidth.sty
Package: varwidth 2009/03/30 ver 0.92;  Variable-width minipages
\@vwid@box=\box110
\sift@deathcycles=\count367
\@vwid@loff=\dimen286
\@vwid@roff=\dimen287
)) (c:\Users\Ignacio Lembo\Documents\GitHub\Instituto_Balseiro\Imagenes_Medicas\Practica_2\TP1_IgnacioLembo_IM_aa\build\main.aux)
\openout1 = `main.aux'.

LaTeX Font Info:    Checking defaults for OML/cmm/m/it on input line 59.
LaTeX Font Info:    ... okay on input line 59.
LaTeX Font Info:    Checking defaults for OMS/cmsy/m/n on input line 59.
LaTeX Font Info:    ... okay on input line 59.
LaTeX Font Info:    Checking defaults for OT1/cmr/m/n on input line 59.
LaTeX Font Info:    ... okay on input line 59.
LaTeX Font Info:    Checking defaults for T1/cmr/m/n on input line 59.
LaTeX Font Info:    ... okay on input line 59.
LaTeX Font Info:    Checking defaults for TS1/cmr/m/n on input line 59.
LaTeX Font Info:    ... okay on input line 59.
LaTeX Font Info:    Checking defaults for OMX/cmex/m/n on input line 59.
LaTeX Font Info:    ... okay on input line 59.
LaTeX Font Info:    Checking defaults for U/cmr/m/n on input line 59.
LaTeX Font Info:    ... okay on input line 59.
LaTeX Font Info:    Checking defaults for PD1/pdf/m/n on input line 59.
LaTeX Font Info:    ... okay on input line 59.
LaTeX Font Info:    Checking defaults for PU/pdf/m/n on input line 59.
LaTeX Font Info:    ... okay on input line 59.
LaTeX Info: Redefining \. on input line 59.
LaTeX Info: Redefining \% on input line 59.
Package hyperref Info: Link coloring ON on input line 59.
\@outlinefile=\write4
\openout4 = `main.out'.

 (C:\Users\Ignacio Lembo\AppData\Local\Programs\MiKTeX\tex/context/base/mkii\supp-pdf.mkii
[Loading MPS to PDF converter (version 2006.09.02).]
\scratchcounter=\count368
\scratchdimen=\dimen288
\scratchbox=\box111
\nofMPsegments=\count369
\nofMParguments=\count370
\everyMPshowfont=\toks48
\MPscratchCnt=\count371
\MPscratchDim=\dimen289
\MPnumerator=\count372
\makeMPintoPDFobject=\count373
\everyMPtoPDFconversion=\toks49
) (C:\Users\Ignacio Lembo\AppData\Local\Programs\MiKTeX\tex/latex/epstopdf-pkg\epstopdf-base.sty
Package: epstopdf-base 2020-01-24 v2.11 Base part for package epstopdf
Package epstopdf-base Info: Redefining graphics rule for `.eps' on input line 485.
 (C:\Users\Ignacio Lembo\AppData\Local\Programs\MiKTeX\tex/latex/00miktex\epstopdf-sys.cfg
File: epstopdf-sys.cfg 2021/03/18 v2.0 Configuration of epstopdf for MiKTeX
))
*geometry* driver: auto-detecting
*geometry* detected driver: pdftex
*geometry* verbose mode - [ preamble ] result:
* driver: pdftex
* paper: letterpaper
* layout: <same size as paper>
* layoutoffset:(h,v)=(0.0pt,0.0pt)
* modes: twoside 
* h-part:(L,W,R)=(35.0pt, 544.295pt, 35.0pt)
* v-part:(T,H,B)=(46.0pt, 688.96999pt, 60.0pt)
* \paperwidth=614.295pt
* \paperheight=794.96999pt
* \textwidth=544.295pt
* \textheight=688.96999pt
* \oddsidemargin=-37.26999pt
* \evensidemargin=-37.26999pt
* \topmargin=-51.26999pt
* \headheight=15.0pt
* \headsep=10.0pt
* \topskip=11.0pt
* \footskip=30.0pt
* \marginparwidth=48.0pt
* \marginparsep=10.0pt
* \columnsep=24.0pt
* \skip\footins=10.0pt plus 4.0pt minus 2.0pt
* \hoffset=0.0pt
* \voffset=0.0pt
* \mag=1000
* \@twocolumntrue
* \@twosidetrue
* \@mparswitchtrue
* \@reversemarginfalse
* (1in=72.27pt=25.4mm, 1cm=28.453pt)

Package caption Info: Begin \AtBeginDocument code.
Package caption Info: Option `justification=RaggedRight' requires the `ragged2e' package on input line 59.
(C:\Users\Ignacio Lembo\AppData\Local\Programs\MiKTeX\tex/latex/ragged2e\ragged2e.sty
Package: ragged2e 2022/11/13 v3.2 ragged2e Package
\CenteringLeftskip=\skip83
\RaggedLeftLeftskip=\skip84
\RaggedRightLeftskip=\skip85
\CenteringRightskip=\skip86
\RaggedLeftRightskip=\skip87
\RaggedRightRightskip=\skip88
\CenteringParfillskip=\skip89
\RaggedLeftParfillskip=\skip90
\RaggedRightParfillskip=\skip91
\JustifyingParfillskip=\skip92
\CenteringParindent=\skip93
\RaggedLeftParindent=\skip94
\RaggedRightParindent=\skip95
\JustifyingParindent=\skip96
)
Package caption Info: listings package is loaded.
Package caption Info: End \AtBeginDocument code.
Package newfloat Info: Trying Plan B...
Package newfloat Info: `float' package detected.

c:/Users/Ignacio Lembo/Documents/GitHub/Instituto_Balseiro/Imagenes_Medicas/Practica_2/TP1_IgnacioLembo_IM_aa/main.tex:59: Improper \prevdepth.
\newpage ...everypar {}\fi \par \ifdim \prevdepth 
                                                  >\z@ \vskip -\ifdim \prevd...
l.59 \begin{document}
                     
You can refer to \spacefactor only in horizontal mode;
you can refer to \prevdepth only in vertical mode; and
neither of these is meaningful inside \write. So
I'm forgetting what you said and using zero instead.

(c:\Users\Ignacio Lembo\Documents\GitHub\Instituto_Balseiro\Imagenes_Medicas\Practica_2\TP1_IgnacioLembo_IM_aa\build\fullrefs.bbl
LaTeX Font Info:    Font shape `T1/phv/m/n' will be
(Font)              scaled to size 11.39996pt on input line 1.
LaTeX Font Info:    Font shape `T1/phv/b/n' will be
(Font)              scaled to size 11.39996pt on input line 1.


Package natbib Warning: Empty `thebibliography' environment on input line 4.

)
LaTeX Info: Redefining \microtypecontext on input line 59.
Package microtype Info: Applying patch `item' on input line 59.
Package microtype Info: Applying patch `toc' on input line 59.
Package microtype Info: Applying patch `eqnum' on input line 59.
Package microtype Info: Applying patch `footnote' on input line 59.
Package microtype Info: Generating PDF output.
Package microtype Info: Character protrusion enabled (level 2).
Package microtype Info: Using default protrusion set `alltext'.
Package microtype Info: Automatic font expansion enabled (level 2),
(microtype)             stretch: 20, shrink: 20, step: 1, non-selected.
Package microtype Info: Using default expansion set `alltext-nott'.
LaTeX Info: Redefining \showhyphens on input line 59.
Package microtype Info: No adjustment of tracking.
Package microtype Info: No adjustment of interword spacing.
Package microtype Info: No adjustment of character kerning.
 (C:\Users\Ignacio Lembo\AppData\Local\Programs\MiKTeX\tex/latex/microtype\mt-ppl.cfg
File: mt-ppl.cfg 2005/11/16 v1.6 microtype config. file: Palatino (RS)
)
\c@lstlisting=\count374
Package microtype Info: Loading generic protrusion settings for font family
(microtype)             `phv' (encoding: T1).
(microtype)             For optimal results, create family-specific settings.
(microtype)             See the microtype manual for details.
LaTeX Font Info:    Font shape `T1/phv/m/n' will be
(Font)              scaled to size 6.64998pt on input line 61.
LaTeX Font Info:    Trying to load font information for OT1+ppl on input line 61.
 (C:\Users\Ignacio Lembo\AppData\Local\Programs\MiKTeX\tex/latex/psnfss\ot1ppl.fd
File: ot1ppl.fd 2001/06/04 font definitions for OT1/ppl.
)
LaTeX Font Info:    Trying to load font information for OML+zplm on input line 61.
 (C:\Users\Ignacio Lembo\AppData\Local\Programs\MiKTeX\tex/latex/psnfss\omlzplm.fd
File: omlzplm.fd 2002/09/08 Fontinst v1.914 font definitions for OML/zplm.
)
LaTeX Font Info:    Trying to load font information for OMS+zplm on input line 61.
 (C:\Users\Ignacio Lembo\AppData\Local\Programs\MiKTeX\tex/latex/psnfss\omszplm.fd
File: omszplm.fd 2002/09/08 Fontinst v1.914 font definitions for OMS/zplm.
)
LaTeX Font Info:    Trying to load font information for OMX+zplm on input line 61.
 (C:\Users\Ignacio Lembo\AppData\Local\Programs\MiKTeX\tex/latex/psnfss\omxzplm.fd
File: omxzplm.fd 2002/09/08 Fontinst v1.914 font definitions for OMX/zplm.
)
LaTeX Font Info:    Font shape `U/msa/m/n' will be
(Font)              scaled to size 7.29405pt on input line 61.
 (C:\Users\Ignacio Lembo\AppData\Local\Programs\MiKTeX\tex/latex/microtype\mt-msa.cfg
File: mt-msa.cfg 2006/02/04 v1.1 microtype config. file: AMS symbols (a) (RS)
)
LaTeX Font Info:    Font shape `U/msa/m/n' will be
(Font)              scaled to size 5.21004pt on input line 61.
LaTeX Font Info:    Font shape `U/msb/m/n' will be
(Font)              scaled to size 7.29405pt on input line 61.
 (C:\Users\Ignacio Lembo\AppData\Local\Programs\MiKTeX\tex/latex/microtype\mt-msb.cfg
File: mt-msb.cfg 2005/06/01 v1.0 microtype config. file: AMS symbols (b) (RS)
)
LaTeX Font Info:    Font shape `U/msb/m/n' will be
(Font)              scaled to size 5.21004pt on input line 61.
LaTeX Font Info:    Trying to load font information for OT1+zplm on input line 61.
 (C:\Users\Ignacio Lembo\AppData\Local\Programs\MiKTeX\tex/latex/psnfss\ot1zplm.fd
File: ot1zplm.fd 2002/09/08 Fontinst v1.914 font definitions for OT1/zplm.
)
Package microtype Info: Loading generic protrusion settings for font family
(microtype)             `zplm' (encoding: OT1).
(microtype)             For optimal results, create family-specific settings.
(microtype)             See the microtype manual for details.
 [1{C:/Users/Ignacio Lembo/AppData/Local/MiKTeX/fonts/map/pdftex/pdftex.map}


]
LaTeX Font Info:    Font shape `T1/phv/b/n' will be
(Font)              scaled to size 10.40245pt on input line 61.
LaTeX Font Info:    Font shape `T1/phv/b/n' will be
(Font)              scaled to size 19.94994pt on input line 61.
LaTeX Font Info:    Font shape `T1/phv/b/sc' will be
(Font)              scaled to size 10.40245pt on input line 61.
LaTeX Font Info:    Font shape `T1/phv/b/sc' will be
(Font)              scaled to size 11.39996pt on input line 61.
LaTeX Font Info:    Font shape `T1/phv/b/sc' will be
(Font)              scaled to size 19.70294pt on input line 61.
LaTeX Font Info:    Font shape `U/msa/m/n' will be
(Font)              scaled to size 21.61124pt on input line 61.
LaTeX Font Info:    Font shape `U/msa/m/n' will be
(Font)              scaled to size 15.0049pt on input line 61.
LaTeX Font Info:    Font shape `U/msa/m/n' will be
(Font)              scaled to size 12.50409pt on input line 61.
LaTeX Font Info:    Font shape `U/msb/m/n' will be
(Font)              scaled to size 21.61124pt on input line 61.
LaTeX Font Info:    Font shape `U/msb/m/n' will be
(Font)              scaled to size 15.0049pt on input line 61.
LaTeX Font Info:    Font shape `U/msb/m/n' will be
(Font)              scaled to size 12.50409pt on input line 61.
LaTeX Font Info:    Font shape `T1/phv/b/sc' will be
(Font)              scaled to size 13.67995pt on input line 61.
LaTeX Font Info:    Font shape `T1/phv/m/n' will be
(Font)              scaled to size 19.70294pt on input line 61.
LaTeX Font Info:    Font shape `T1/phv/m/it' in size <20.74> not available
(Font)              Font shape `T1/phv/m/sl' tried instead on input line 61.
LaTeX Font Info:    Font shape `T1/phv/m/sl' will be
(Font)              scaled to size 19.70294pt on input line 61.
LaTeX Font Info:    Font shape `T1/phv/m/it' in size <8> not available
(Font)              Font shape `T1/phv/m/sl' tried instead on input line 61.
LaTeX Font Info:    Font shape `T1/phv/m/sl' will be
(Font)              scaled to size 7.59998pt on input line 61.
LaTeX Font Info:    Font shape `U/msa/m/n' will be
(Font)              scaled to size 8.33606pt on input line 61.
LaTeX Font Info:    Font shape `U/msa/m/n' will be
(Font)              scaled to size 6.25204pt on input line 61.
LaTeX Font Info:    Font shape `U/msb/m/n' will be
(Font)              scaled to size 8.33606pt on input line 61.
LaTeX Font Info:    Font shape `U/msb/m/n' will be
(Font)              scaled to size 6.25204pt on input line 61.
LaTeX Font Info:    Font shape `T1/phv/m/it' in size <6> not available
(Font)              Font shape `T1/phv/m/sl' tried instead on input line 61.
LaTeX Font Info:    Font shape `T1/phv/m/sl' will be
(Font)              scaled to size 5.69998pt on input line 61.
LaTeX Font Info:    Font shape `T1/phv/m/it' in size <12> not available
(Font)              Font shape `T1/phv/m/sl' tried instead on input line 61.
LaTeX Font Info:    Font shape `T1/phv/m/sl' will be
(Font)              scaled to size 11.39996pt on input line 61.
LaTeX Font Info:    Font shape `T1/phv/m/it' in size <10.95> not available
(Font)              Font shape `T1/phv/m/sl' tried instead on input line 61.
LaTeX Font Info:    Font shape `T1/phv/m/sl' will be
(Font)              scaled to size 10.40245pt on input line 61.

c:/Users/Ignacio Lembo/Documents/GitHub/Instituto_Balseiro/Imagenes_Medicas/Practica_2/TP1_IgnacioLembo_IM_aa/main.tex:61: Undefined control sequence.
\@maketitle ...pt{\raggedright \datesfont \@dates 
                                                  \par } \vskip -14pt\ifthen...
l.61 \maketitle
               
The control sequence at the end of the top line
of your error message was never \def'ed. If you have
misspelled it (e.g., `\hobx'), type `I' and the correct
spelling (e.g., `I\hbox'). Otherwise just continue,
and I'll forget about whatever was undefined.

LaTeX Font Info:    Font shape `U/msa/m/n' will be
(Font)              scaled to size 11.40997pt on input line 67.
LaTeX Font Info:    Font shape `U/msb/m/n' will be
(Font)              scaled to size 11.40997pt on input line 67.

LaTeX Warning: Reference `fig:Semilineartrans' on page 2 undefined on input line 67.

<Figuras/ImageA_brute.png, id=10, 700.0554pt x 324.9741pt>
File: Figuras/ImageA_brute.png Graphic file (type png)
<use Figuras/ImageA_brute.png>
Package pdftex.def Info: Figuras/ImageA_brute.png  used on input line 75.
(pdftex.def)             Requested size: 260.14749pt x 120.76416pt.
LaTeX Font Info:    Font shape `T1/phv/b/n' will be
(Font)              scaled to size 9.49997pt on input line 76.
<Figuras/ImageA_0_150.png, id=12, 700.2963pt x 324.9741pt>
File: Figuras/ImageA_0_150.png Graphic file (type png)
<use Figuras/ImageA_0_150.png>
Package pdftex.def Info: Figuras/ImageA_0_150.png  used on input line 80.
(pdftex.def)             Requested size: 260.14749pt x 120.71953pt.

Underfull \vbox (badness 1152) has occurred while \output is active []



LaTeX Warning: Reference `fig:Semilineartrans' on page 2 undefined on input line 92.


LaTeX Warning: Reference `fig:Semilineartrans_region' on page 2 undefined on input line 94.

<Figuras/ImageA_0_25.png, id=13, 221.74844pt x 267.03764pt>
File: Figuras/ImageA_0_25.png Graphic file (type png)
<use Figuras/ImageA_0_25.png>
Package pdftex.def Info: Figuras/ImageA_0_25.png  used on input line 100.
(pdftex.def)             Requested size: 62.43681pt x 75.18564pt.
LaTeX Font Info:    Font shape `U/msa/m/n' will be
(Font)              scaled to size 10.42007pt on input line 102.
LaTeX Font Info:    Font shape `U/msa/m/n' will be
(Font)              scaled to size 7.91925pt on input line 102.
LaTeX Font Info:    Font shape `U/msb/m/n' will be
(Font)              scaled to size 10.42007pt on input line 102.
LaTeX Font Info:    Font shape `U/msb/m/n' will be
(Font)              scaled to size 7.91925pt on input line 102.
<Figuras/ImageA_25_62.png, id=14, 221.74844pt x 266.55585pt>
File: Figuras/ImageA_25_62.png Graphic file (type png)
<use Figuras/ImageA_25_62.png>
Package pdftex.def Info: Figuras/ImageA_25_62.png  used on input line 106.
(pdftex.def)             Requested size: 62.43681pt x 75.04999pt.
<Figuras/ImageA_62_113.png, id=15, 220.06215pt x 265.35135pt>
File: Figuras/ImageA_62_113.png Graphic file (type png)
<use Figuras/ImageA_62_113.png>
Package pdftex.def Info: Figuras/ImageA_62_113.png  used on input line 112.
(pdftex.def)             Requested size: 62.43681pt x 75.2858pt.
<Figuras/ImageA_113_150.png, id=16, 220.30305pt x 263.66505pt>
File: Figuras/ImageA_113_150.png Graphic file (type png)
<use Figuras/ImageA_113_150.png>
Package pdftex.def Info: Figuras/ImageA_113_150.png  used on input line 117.
(pdftex.def)             Requested size: 62.43681pt x 74.72289pt.

LaTeX Warning: `h' float specifier changed to `ht'.


LaTeX Warning: Reference `fig:EQ' on page 2 undefined on input line 125.

[2

 <./Figuras/ImageA_brute.png> <./Figuras/ImageA_0_150.png>]
<Figuras/ImageA_EQ_hist.png, id=34, 700.89854pt x 324.9741pt>
File: Figuras/ImageA_EQ_hist.png Graphic file (type png)
<use Figuras/ImageA_EQ_hist.png>
Package pdftex.def Info: Figuras/ImageA_EQ_hist.png  used on input line 133.
(pdftex.def)             Requested size: 260.14749pt x 120.62035pt.


LaTeX Warning: Reference `fig:binarytrans' on page 3 undefined on input line 152.


LaTeX Warning: Reference `fig:Exptrans' on page 3 undefined on input line 154.

<Figuras/ImageA_binary.png, id=35, 222.71205pt x 267.03764pt>
File: Figuras/ImageA_binary.png Graphic file (type png)
<use Figuras/ImageA_binary.png>
Package pdftex.def Info: Figuras/ImageA_binary.png  used on input line 158.
(pdftex.def)             Requested size: 104.0574pt x 124.76611pt.

LaTeX Warning: `h' float specifier changed to `ht'.

<Figuras/ImageA_exp_gamma=0.25.png, id=36, 222.71205pt x 267.03764pt>
File: Figuras/ImageA_exp_gamma=0.25.png Graphic file (type png)
<use Figuras/ImageA_exp_gamma=0.25.png>
Package pdftex.def Info: Figuras/ImageA_exp_gamma=0.25.png  used on input line 167.
(pdftex.def)             Requested size: 83.2491pt x 99.81696pt.
<Figuras/ImageA_exp_gamma=0.5.png, id=37, 222.71205pt x 267.03764pt>
File: Figuras/ImageA_exp_gamma=0.5.png Graphic file (type png)
<use Figuras/ImageA_exp_gamma=0.5.png>
Package pdftex.def Info: Figuras/ImageA_exp_gamma=0.5.png  used on input line 172.
(pdftex.def)             Requested size: 83.2491pt x 99.81696pt.
<Figuras/ImageA_exp_gamma=0.75.png, id=38, 222.71205pt x 267.03764pt>
File: Figuras/ImageA_exp_gamma=0.75.png Graphic file (type png)
<use Figuras/ImageA_exp_gamma=0.75.png>
Package pdftex.def Info: Figuras/ImageA_exp_gamma=0.75.png  used on input line 177.
(pdftex.def)             Requested size: 83.2491pt x 99.81696pt.
<Figuras/ImageA_exp_gamma=1.25.png, id=39, 222.71205pt x 267.03764pt>
File: Figuras/ImageA_exp_gamma=1.25.png Graphic file (type png)
<use Figuras/ImageA_exp_gamma=1.25.png>
Package pdftex.def Info: Figuras/ImageA_exp_gamma=1.25.png  used on input line 182.
(pdftex.def)             Requested size: 83.2491pt x 99.81696pt.
<Figuras/ImageA_exp_gamma=1.5.png, id=40, 222.71205pt x 267.03764pt>
File: Figuras/ImageA_exp_gamma=1.5.png Graphic file (type png)
<use Figuras/ImageA_exp_gamma=1.5.png>
Package pdftex.def Info: Figuras/ImageA_exp_gamma=1.5.png  used on input line 187.
(pdftex.def)             Requested size: 83.2491pt x 99.81696pt.
<Figuras/ImageA_exp_gamma=1.75.png, id=41, 222.71205pt x 267.03764pt>
File: Figuras/ImageA_exp_gamma=1.75.png Graphic file (type png)
<use Figuras/ImageA_exp_gamma=1.75.png>
Package pdftex.def Info: Figuras/ImageA_exp_gamma=1.75.png  used on input line 192.
(pdftex.def)             Requested size: 83.2491pt x 99.81696pt.

LaTeX Warning: Reference `fig:EQ_sustraction' on page 3 undefined on input line 199.


LaTeX Warning: Reference `fig:binary_sustraction' on page 3 undefined on input line 199.


LaTeX Warning: Reference `fig:Exptrans0.5_sustraction' on page 3 undefined on input line 199.


LaTeX Warning: Reference `fig:Exptrans1.75_sustraction' on page 3 undefined on input line 199.

<Figuras/ImageA_EQ.png, id=42, 222.71205pt x 267.03764pt>
File: Figuras/ImageA_EQ.png Graphic file (type png)
<use Figuras/ImageA_EQ.png>
Package pdftex.def Info: Figuras/ImageA_EQ.png  used on input line 205.
(pdftex.def)             Requested size: 62.43681pt x 74.85966pt.
<Figuras/sustraction_EQ.png, id=43, 222.71205pt x 267.03764pt>
File: Figuras/sustraction_EQ.png Graphic file (type png)
<use Figuras/sustraction_EQ.png>
Package pdftex.def Info: Figuras/sustraction_EQ.png  used on input line 209.
(pdftex.def)             Requested size: 62.43681pt x 74.85966pt.
File: Figuras/ImageA_binary.png Graphic file (type png)
<use Figuras/ImageA_binary.png>
Package pdftex.def Info: Figuras/ImageA_binary.png  used on input line 215.
(pdftex.def)             Requested size: 62.43681pt x 74.85966pt.
<Figuras/sustraction_binary.png, id=44, 222.71205pt x 267.03764pt>
File: Figuras/sustraction_binary.png Graphic file (type png)
<use Figuras/sustraction_binary.png>
Package pdftex.def Info: Figuras/sustraction_binary.png  used on input line 219.
(pdftex.def)             Requested size: 62.43681pt x 74.85966pt.
File: Figuras/ImageA_exp_gamma=0.5.png Graphic file (type png)
<use Figuras/ImageA_exp_gamma=0.5.png>
Package pdftex.def Info: Figuras/ImageA_exp_gamma=0.5.png  used on input line 225.
(pdftex.def)             Requested size: 62.43681pt x 74.85966pt.
<Figuras/sustraction_exp_gamma=0.5.png, id=45, 222.71205pt x 267.03764pt>
File: Figuras/sustraction_exp_gamma=0.5.png Graphic file (type png)
<use Figuras/sustraction_exp_gamma=0.5.png>
Package pdftex.def Info: Figuras/sustraction_exp_gamma=0.5.png  used on input line 229.
(pdftex.def)             Requested size: 62.43681pt x 74.85966pt.
File: Figuras/ImageA_exp_gamma=1.75.png Graphic file (type png)
<use Figuras/ImageA_exp_gamma=1.75.png>
Package pdftex.def Info: Figuras/ImageA_exp_gamma=1.75.png  used on input line 235.
(pdftex.def)             Requested size: 62.43681pt x 74.85966pt.
<Figuras/sustraction_exp_gamma=1.75.png, id=46, 222.71205pt x 267.03764pt>
File: Figuras/sustraction_exp_gamma=1.75.png Graphic file (type png)
<use Figuras/sustraction_exp_gamma=1.75.png>
Package pdftex.def Info: Figuras/sustraction_exp_gamma=1.75.png  used on input line 239.
(pdftex.def)             Requested size: 62.43681pt x 74.85966pt.

LaTeX Warning: `h' float specifier changed to `ht'.


LaTeX Warning: Reference `fig:Interpolate' on page 3 undefined on input line 249.

<Figuras/Interpolate_nn_f=0.25.png, id=47, 267.03764pt x 267.03764pt>
File: Figuras/Interpolate_nn_f=0.25.png Graphic file (type png)
<use Figuras/Interpolate_nn_f=0.25.png>
Package pdftex.def Info: Figuras/Interpolate_nn_f=0.25.png  used on input line 255.
(pdftex.def)             Requested size: 62.43681pt x 62.43602pt.
<Figuras/Interpolate_nn_f=0.5.png, id=48, 267.03764pt x 267.03764pt>
File: Figuras/Interpolate_nn_f=0.5.png Graphic file (type png)
<use Figuras/Interpolate_nn_f=0.5.png>
Package pdftex.def Info: Figuras/Interpolate_nn_f=0.5.png  used on input line 259.
(pdftex.def)             Requested size: 62.43681pt x 62.43602pt.
<Figuras/Interpolate_nn_f=2.png, id=49, 267.03764pt x 267.03764pt>
File: Figuras/Interpolate_nn_f=2.png Graphic file (type png)
<use Figuras/Interpolate_nn_f=2.png>
Package pdftex.def Info: Figuras/Interpolate_nn_f=2.png  used on input line 263.
(pdftex.def)             Requested size: 62.43681pt x 62.43602pt.
<Figuras/Interpolate_nn_f=8.png, id=50, 267.03764pt x 267.03764pt>
File: Figuras/Interpolate_nn_f=8.png Graphic file (type png)
<use Figuras/Interpolate_nn_f=8.png>
Package pdftex.def Info: Figuras/Interpolate_nn_f=8.png  used on input line 267.
(pdftex.def)             Requested size: 62.43681pt x 62.43602pt.
<Figuras/Interpolate_bilinear_f=0.25.png, id=51, 267.03764pt x 267.03764pt>
File: Figuras/Interpolate_bilinear_f=0.25.png Graphic file (type png)
<use Figuras/Interpolate_bilinear_f=0.25.png>
Package pdftex.def Info: Figuras/Interpolate_bilinear_f=0.25.png  used on input line 271.
(pdftex.def)             Requested size: 62.43681pt x 62.43602pt.
<Figuras/Interpolate_bilinear_f=0.5.png, id=52, 267.03764pt x 267.03764pt>
File: Figuras/Interpolate_bilinear_f=0.5.png Graphic file (type png)
<use Figuras/Interpolate_bilinear_f=0.5.png>
Package pdftex.def Info: Figuras/Interpolate_bilinear_f=0.5.png  used on input line 277.
(pdftex.def)             Requested size: 62.43681pt x 62.43602pt.
<Figuras/Interpolate_bilinear_f=2.png, id=53, 267.03764pt x 267.03764pt>
File: Figuras/Interpolate_bilinear_f=2.png Graphic file (type png)
<use Figuras/Interpolate_bilinear_f=2.png>
Package pdftex.def Info: Figuras/Interpolate_bilinear_f=2.png  used on input line 283.
(pdftex.def)             Requested size: 62.43681pt x 62.43602pt.
<Figuras/Interpolate_bilinear_f=8.png, id=54, 267.03764pt x 267.03764pt>
File: Figuras/Interpolate_bilinear_f=8.png Graphic file (type png)
<use Figuras/Interpolate_bilinear_f=8.png>
Package pdftex.def Info: Figuras/Interpolate_bilinear_f=8.png  used on input line 289.
(pdftex.def)             Requested size: 62.43681pt x 62.43602pt.

LaTeX Warning: `h' float specifier changed to `ht'.


LaTeX Warning: Reference `fig:Pasabajo' on page 3 undefined on input line 300.

[3 <./Figuras/ImageA_0_25.png> <./Figuras/ImageA_25_62.png> <./Figuras/ImageA_62_113.png> <./Figuras/ImageA_113_150.png> <./Figuras/ImageA_EQ_hist.png> <./Figuras/ImageA_binary.png> <./Figuras/ImageA_exp_gamma=0.25.png> <./Figuras/ImageA_exp_gamma=0.5.png> <./Figuras/ImageA_exp_gamma=0.75.png> <./Figuras/ImageA_exp_gamma=1.25.png> <./Figuras/ImageA_exp_gamma=1.5.png> <./Figuras/ImageA_exp_gamma=1.75.png>]
<Figuras/ImagenA.png, id=81, 181.67876pt x 217.81375pt>
File: Figuras/ImagenA.png Graphic file (type png)
<use Figuras/ImagenA.png>
Package pdftex.def Info: Figuras/ImagenA.png  used on input line 317.
(pdftex.def)             Requested size: 62.43681pt x 74.85333pt.
<Figuras/ImagenA3x3.png, id=82, 181.67876pt x 217.81375pt>
File: Figuras/ImagenA3x3.png Graphic file (type png)
<use Figuras/ImagenA3x3.png>
Package pdftex.def Info: Figuras/ImagenA3x3.png  used on input line 322.
(pdftex.def)             Requested size: 62.43681pt x 74.85333pt.
<Figuras/ImagenA5x5.png, id=83, 181.67876pt x 217.81375pt>
File: Figuras/ImagenA5x5.png Graphic file (type png)
<use Figuras/ImagenA5x5.png>
Package pdftex.def Info: Figuras/ImagenA5x5.png  used on input line 327.
(pdftex.def)             Requested size: 62.43681pt x 74.85333pt.
<Figuras/ImagenA7x7.png, id=84, 181.67876pt x 217.81375pt>
File: Figuras/ImagenA7x7.png Graphic file (type png)
<use Figuras/ImagenA7x7.png>
Package pdftex.def Info: Figuras/ImagenA7x7.png  used on input line 332.
(pdftex.def)             Requested size: 62.43681pt x 74.85333pt.
<Figuras/ImagenC.png, id=85, 128.48pt x 128.48pt>
File: Figuras/ImagenC.png Graphic file (type png)
<use Figuras/ImagenC.png>
Package pdftex.def Info: Figuras/ImagenC.png  used on input line 337.
(pdftex.def)             Requested size: 62.43681pt x 62.43819pt.
<Figuras/ImagenC3x3.png, id=86, 128.48pt x 128.48pt>
File: Figuras/ImagenC3x3.png Graphic file (type png)
<use Figuras/ImagenC3x3.png>
Package pdftex.def Info: Figuras/ImagenC3x3.png  used on input line 342.
(pdftex.def)             Requested size: 62.43681pt x 62.43819pt.
<Figuras/ImagenC5x5.png, id=87, 128.48pt x 128.48pt>
File: Figuras/ImagenC5x5.png Graphic file (type png)
<use Figuras/ImagenC5x5.png>
Package pdftex.def Info: Figuras/ImagenC5x5.png  used on input line 347.
(pdftex.def)             Requested size: 62.43681pt x 62.43819pt.
<Figuras/ImagenC7x7.png, id=88, 128.48pt x 128.48pt>
File: Figuras/ImagenC7x7.png Graphic file (type png)
<use Figuras/ImagenC7x7.png>
Package pdftex.def Info: Figuras/ImagenC7x7.png  used on input line 352.
(pdftex.def)             Requested size: 62.43681pt x 62.43819pt.


LaTeX Warning: `h' float specifier changed to `ht'.


LaTeX Warning: Reference `fig:superman' on page 4 undefined on input line 364.


LaTeX Warning: Reference `fig:superman' on page 4 undefined on input line 364.


LaTeX Warning: Reference `fig:supermanfft' on page 4 undefined on input line 364.

[4 <./Figuras/ImageA_EQ.png> <./Figuras/sustraction_EQ.png> <./Figuras/sustraction_binary.png> <./Figuras/sustraction_exp_gamma=0.5.png> <./Figuras/sustraction_exp_gamma=1.75.png> <./Figuras/Interpolate_nn_f=0.25.png> <./Figuras/Interpolate_nn_f=0.5.png> <./Figuras/Interpolate_nn_f=2.png> <./Figuras/Interpolate_nn_f=8.png> <./Figuras/Interpolate_bilinear_f=0.25.png> <./Figuras/Interpolate_bilinear_f=0.5.png> <./Figuras/Interpolate_bilinear_f=2.png> <./Figuras/Interpolate_bilinear_f=8.png> <./Figuras/ImagenA.png (PNG copy)> <./Figuras/ImagenA3x3.png (PNG copy)> <./Figuras/ImagenA5x5.png (PNG copy)> <./Figuras/ImagenA7x7.png (PNG copy)> <./Figuras/ImagenC.png (PNG copy)> <./Figuras/ImagenC3x3.png (PNG copy)> <./Figuras/ImagenC5x5.png (PNG copy)> <./Figuras/ImagenC7x7.png (PNG copy)>]
<Figuras/superman.png, id=111, 596.2275pt x 816.04875pt>
File: Figuras/superman.png Graphic file (type png)
<use Figuras/superman.png>
Package pdftex.def Info: Figuras/superman.png  used on input line 370.
(pdftex.def)             Requested size: 127.4737pt x 174.46336pt.
<Figuras/Inverse FFT of superman_process.png, id=112, 596.2275pt x 816.04875pt>
File: Figuras/Inverse FFT of superman_process.png Graphic file (type png)
<use Figuras/Inverse FFT of superman_process.png>
Package pdftex.def Info: Figuras/Inverse FFT of superman_process.png  used on input line 375.
(pdftex.def)             Requested size: 127.4737pt x 174.46336pt.
<Figuras/FFT of superman.png, id=113, 1027.84pt x 1027.84pt>
File: Figuras/FFT of superman.png Graphic file (type png)
<use Figuras/FFT of superman.png>
Package pdftex.def Info: Figuras/FFT of superman.png  used on input line 387.
(pdftex.def)             Requested size: 127.4737pt x 127.46025pt.
<Figuras/FFT of superman_process.png, id=114, 1027.84pt x 1027.84pt>
File: Figuras/FFT of superman_process.png Graphic file (type png)
<use Figuras/FFT of superman_process.png>
Package pdftex.def Info: Figuras/FFT of superman_process.png  used on input line 393.
(pdftex.def)             Requested size: 127.4737pt x 127.46025pt.


LaTeX Warning: Reference `fig:highunsharp' on page 5 undefined on input line 409.


LaTeX Warning: Reference `fig:plot_highboost' on page 5 undefined on input line 409.

File: Figuras/ImagenA.png Graphic file (type png)
<use Figuras/ImagenA.png>
Package pdftex.def Info: Figuras/ImagenA.png  used on input line 415.
(pdftex.def)             Requested size: 83.2491pt x 99.81pt.
<Figuras/ImagenA_noise=5.png, id=115, 181.67876pt x 217.81375pt>
File: Figuras/ImagenA_noise=5.png Graphic file (type png)
<use Figuras/ImagenA_noise=5.png>
Package pdftex.def Info: Figuras/ImagenA_noise=5.png  used on input line 420.
(pdftex.def)             Requested size: 83.2491pt x 99.81pt.
<Figuras/ImagenA_noise=5_filter_7x7.png, id=116, 181.67876pt x 217.81375pt>
File: Figuras/ImagenA_noise=5_filter_7x7.png Graphic file (type png)
<use Figuras/ImagenA_noise=5_filter_7x7.png>
Package pdftex.def Info: Figuras/ImagenA_noise=5_filter_7x7.png  used on input line 425.
(pdftex.def)             Requested size: 83.2491pt x 99.81pt.
<Figuras/unsharp.png, id=117, 222.71205pt x 267.03764pt>
File: Figuras/unsharp.png Graphic file (type png)
<use Figuras/unsharp.png>
Package pdftex.def Info: Figuras/unsharp.png  used on input line 430.
(pdftex.def)             Requested size: 83.2491pt x 99.81696pt.
<Figuras/highboost_A=2.png, id=118, 222.71205pt x 267.03764pt>
File: Figuras/highboost_A=2.png Graphic file (type png)
<use Figuras/highboost_A=2.png>
Package pdftex.def Info: Figuras/highboost_A=2.png  used on input line 435.
(pdftex.def)             Requested size: 83.2491pt x 99.81696pt.
<Figuras/highboost_A=3.png, id=119, 222.71205pt x 267.03764pt>
File: Figuras/highboost_A=3.png Graphic file (type png)
<use Figuras/highboost_A=3.png>
Package pdftex.def Info: Figuras/highboost_A=3.png  used on input line 440.
(pdftex.def)             Requested size: 83.2491pt x 99.81696pt.
<Figuras/Highboost_plot.png, id=120, 498.9039pt x 376.2858pt>
File: Figuras/Highboost_plot.png Graphic file (type png)
<use Figuras/Highboost_plot.png>
Package pdftex.def Info: Figuras/Highboost_plot.png  used on input line 451.
(pdftex.def)             Requested size: 182.10245pt x 137.34604pt.

LaTeX Warning: `h' float specifier changed to `ht'.


LaTeX Warning: Reference `fig:SNR' on page 5 undefined on input line 462.

[5 <./Figuras/superman.png (PNG copy)> <./Figuras/Inverse FFT of superman_process.png (PNG copy)> <./Figuras/FFT of superman.png (PNG copy)> <./Figuras/FFT of superman_process.png (PNG copy)> <./Figuras/ImagenA_noise=5.png (PNG copy)> <./Figuras/ImagenA_noise=5_filter_7x7.png (PNG copy)> <./Figuras/unsharp.png> <./Figuras/highboost_A=2.png> <./Figuras/highboost_A=3.png>]

LaTeX Warning: Reference `tab:SNR' on page 6 undefined on input line 466.

<Figuras/roi_corte2.png, id=133, 386.04225pt x 386.04225pt>
File: Figuras/roi_corte2.png Graphic file (type png)
<use Figuras/roi_corte2.png>
Package pdftex.def Info: Figuras/roi_corte2.png  used on input line 472.
(pdftex.def)             Requested size: 89.23119pt x 89.22963pt.
<Figuras/hist_corte2.png, id=134, 205.9695pt x 121.6545pt>
File: Figuras/hist_corte2.png Graphic file (type png)
<use Figuras/hist_corte2.png>
Package pdftex.def Info: Figuras/hist_corte2.png  used on input line 478.
(pdftex.def)             Requested size: 127.4737pt x 75.29134pt.

LaTeX Warning: `h' float specifier changed to `ht'.


LaTeX Warning: Reference `fig:FWHM' on page 6 undefined on input line 497.


LaTeX Warning: Reference `fig:FWHM' on page 6 undefined on input line 497.


LaTeX Warning: Reference `tab:FWHM' on page 6 undefined on input line 497.

<Figuras/roi_zoom_corte11.png, id=135, 385.47011pt x 386.6445pt>
File: Figuras/roi_zoom_corte11.png Graphic file (type png)
<use Figuras/roi_zoom_corte11.png>
Package pdftex.def Info: Figuras/roi_zoom_corte11.png  used on input line 517.
(pdftex.def)             Requested size: 101.97934pt x 102.2892pt.
<Figuras/profile_corte11.png, id=136, 517.935pt x 299.31825pt>
File: Figuras/profile_corte11.png Graphic file (type png)
<use Figuras/profile_corte11.png>
Package pdftex.def Info: Figuras/profile_corte11.png  used on input line 523.
(pdftex.def)             Requested size: 140.22183pt x 81.03622pt.

Overfull \hbox (12.74814pt too wide) in paragraph at lines 523--524
 [][] 
 []

[6 <./Figuras/Highboost_plot.png> <./Figuras/roi_corte2.png> <./Figuras/hist_corte2.png> <./Figuras/roi_zoom_corte11.png> <./Figuras/profile_corte11.png>] (C:\Users\Ignacio Lembo\AppData\Local\Programs\MiKTeX\tex/latex/listings\lstlang1.sty
File: lstlang1.sty 2020/03/24 1.8d listings language file
)
LaTeX Font Info:    Trying to load font information for T1+cmtt on input line 550.
 (C:\Users\Ignacio Lembo\AppData\Local\Programs\MiKTeX\tex/latex/base\t1cmtt.fd
File: t1cmtt.fd 2022/07/10 v2.5l Standard LaTeX font definitions
)
Package microtype Info: Loading generic protrusion settings for font family
(microtype)             `cmtt' (encoding: T1).
(microtype)             For optimal results, create family-specific settings.
(microtype)             See the microtype manual for details.
 [7


] 
enddocument/afterlastpage: lastpage setting LastPage.
(c:\Users\Ignacio Lembo\Documents\GitHub\Instituto_Balseiro\Imagenes_Medicas\Practica_2\TP1_IgnacioLembo_IM_aa\build\main.aux
LaTeX Info: Redefining \. on input line 25.
LaTeX Info: Redefining \% on input line 25.
)

LaTeX Warning: There were undefined references.


LaTeX Warning: Label(s) may have changed. Rerun to get cross-references right.


Package rerunfilecheck Warning: File `main.out' has changed.
(rerunfilecheck)                Rerun to get outlines right
(rerunfilecheck)                or use package `bookmark'.

Package rerunfilecheck Info: Checksums for `main.out':
(rerunfilecheck)             Before: <no file>
(rerunfilecheck)             After:  C077C97275B7652AD41D8927A2C9EB61;1209.

Package lastpage Warning: Rerun to get the references right on input line 553.

 ) 
Here is how much of TeX's memory you used:
 33951 strings out of 476406
 693895 string characters out of 2785756
 1874787 words of memory out of 3000000
 53434 multiletter control sequences out of 15000+600000
 620638 words of font info for 376 fonts, out of 8000000 for 9000
 1141 hyphenation exceptions out of 8191
 87i,19n,101p,1176b,1367s stack positions out of 10000i,1000n,20000p,200000b,80000s
{C:/Users/Ignacio Lembo/AppData/Local/Programs/MiKTeX/fonts/enc/dvips/base/8r.enc}<C:/Users/Ignacio Lembo/AppData/Local/Programs/MiKTeX/fonts/type1/public/amsfonts/cm/cmex10.pfb><C:/Users/Ignacio Lembo/AppData/Local/Programs/MiKTeX/fonts/type1/public/amsfonts/cm/cmmi10.pfb><C:/Users/Ignacio Lembo/AppData/Local/Programs/MiKTeX/fonts/type1/public/amsfonts/cm/cmr10.pfb><C:/Users/Ignacio Lembo/AppData/Local/Programs/MiKTeX/fonts/type1/public/amsfonts/cm/cmsy10.pfb><C:/Users/Ignacio Lembo/AppData/Local/Programs/MiKTeX/fonts/type1/public/mathpazo/fplmr.pfb><C:/Users/Ignacio Lembo/AppData/Local/Programs/MiKTeX/fonts/type1/public/mathpazo/fplmri.pfb><C:/Users/Ignacio Lembo/AppData/Local/Programs/MiKTeX/fonts/type1/urw/helvetic/uhvb8a.pfb><C:/Users/Ignacio Lembo/AppData/Local/Programs/MiKTeX/fonts/type1/urw/helvetic/uhvr8a.pfb><C:/Users/Ignacio Lembo/AppData/Local/Programs/MiKTeX/fonts/type1/urw/helvetic/uhvro8a.pfb><C:/Users/Ignacio Lembo/AppData/Local/Programs/MiKTeX/fonts/type1/urw/palatino/uplb8a.pfb><C:/Users/Ignacio Lembo/AppData/Local/Programs/MiKTeX/fonts/type1/urw/palatino/uplr8a.pfb><C:/Users/Ignacio Lembo/AppData/Local/Programs/MiKTeX/fonts/type1/urw/palatino/uplri8a.pfb>
Output written on "c:\Users\Ignacio Lembo\Documents\GitHub\Instituto_Balseiro\Imagenes_Medicas\Practica_2\TP1_IgnacioLembo_IM_aa\build\main.pdf" (7 pages, 13712706 bytes).
PDF statistics:
 221 PDF objects out of 1000 (max. 8388607)
 37 named destinations out of 1000 (max. 500000)
 112374 words of extra memory for PDF output out of 128383 (max. 10000000)

